<?xml version="1.0" encoding="UTF-8"?>
<coverage generated="1772983852924" clover="3.2.0">
  <project timestamp="1772983852924" name="All files">
    <metrics statements="1807" coveredstatements="1156" conditionals="1111" coveredconditionals="430" methods="579" coveredmethods="353" elements="3497" coveredelements="1939" complexity="0" loc="1807" ncloc="1807" packages="18" files="57" classes="57"/>
    <package name="src.app.api.v1.ai.chat">
      <metrics statements="13" coveredstatements="11" conditionals="3" coveredconditionals="0" methods="1" coveredmethods="1"/>
      <file name="route.ts" path="C:\Users\davis\Workspace\IA-AGGREGATOR\frontend\src\app\api\v1\ai\chat\route.ts">
        <metrics statements="13" coveredstatements="11" conditionals="3" coveredconditionals="0" methods="1" coveredmethods="1"/>
        <line num="1" count="1" type="stmt"/>
        <line num="2" count="1" type="stmt"/>
        <line num="3" count="1" type="stmt"/>
        <line num="5" count="1" type="stmt"/>
        <line num="7" count="1" type="stmt"/>
        <line num="18" count="1" type="stmt"/>
        <line num="19" count="1" type="stmt"/>
        <line num="20" count="1" type="cond" truecount="0" falsecount="1"/>
        <line num="21" count="0" type="stmt"/>
        <line num="24" count="1" type="stmt"/>
        <line num="25" count="1" type="stmt"/>
        <line num="26" count="1" type="stmt"/>
        <line num="28" count="0" type="stmt"/>
      </file>
    </package>
    <package name="src.app.billing">
      <metrics statements="34" coveredstatements="32" conditionals="38" coveredconditionals="27" methods="7" coveredmethods="7"/>
      <file name="page.tsx" path="C:\Users\davis\Workspace\IA-AGGREGATOR\frontend\src\app\billing\page.tsx">
        <metrics statements="34" coveredstatements="32" conditionals="38" coveredconditionals="27" methods="7" coveredmethods="7"/>
        <line num="3" count="1" type="stmt"/>
        <line num="4" count="1" type="stmt"/>
        <line num="5" count="1" type="stmt"/>
        <line num="6" count="1" type="stmt"/>
        <line num="14" count="1" type="stmt"/>
        <line num="44" count="1" type="stmt"/>
        <line num="45" count="2" type="stmt"/>
        <line num="46" count="2" type="stmt"/>
        <line num="47" count="2" type="stmt"/>
        <line num="48" count="2" type="stmt"/>
        <line num="50" count="2" type="stmt"/>
        <line num="51" count="1" type="stmt"/>
        <line num="52" count="1" type="stmt"/>
        <line num="53" count="1" type="stmt"/>
        <line num="54" count="1" type="stmt"/>
        <line num="55" count="1" type="stmt"/>
        <line num="56" count="1" type="cond" truecount="3" falsecount="1"/>
        <line num="57" count="0" type="cond" truecount="0" falsecount="2"/>
        <line num="59" count="1" type="stmt"/>
        <line num="61" count="0" type="cond" truecount="0" falsecount="2"/>
        <line num="63" count="1" type="stmt"/>
        <line num="67" count="2" type="stmt"/>
        <line num="68" count="1" type="stmt"/>
        <line num="72" count="2" type="cond" truecount="2" falsecount="0"/>
        <line num="73" count="2" type="cond" truecount="2" falsecount="0"/>
        <line num="74" count="2" type="cond" truecount="2" falsecount="0"/>
        <line num="75" count="2" type="cond" truecount="2" falsecount="0"/>
        <line num="76" count="2" type="cond" truecount="2" falsecount="0"/>
        <line num="77" count="2" type="cond" truecount="2" falsecount="0"/>
        <line num="78" count="2" type="cond" truecount="2" falsecount="0"/>
        <line num="79" count="2" type="stmt"/>
        <line num="162" count="2" type="stmt"/>
        <line num="182" count="2" type="stmt"/>
        <line num="201" count="2" type="stmt"/>
      </file>
    </package>
    <package name="src.app.chat">
      <metrics statements="40" coveredstatements="36" conditionals="16" coveredconditionals="12" methods="17" coveredmethods="16"/>
      <file name="page.tsx" path="C:\Users\davis\Workspace\IA-AGGREGATOR\frontend\src\app\chat\page.tsx">
        <metrics statements="40" coveredstatements="36" conditionals="16" coveredconditionals="12" methods="17" coveredmethods="16"/>
        <line num="3" count="1" type="stmt"/>
        <line num="4" count="1" type="stmt"/>
        <line num="5" count="1" type="stmt"/>
        <line num="6" count="1" type="stmt"/>
        <line num="7" count="1" type="stmt"/>
        <line num="8" count="1" type="stmt"/>
        <line num="9" count="1" type="stmt"/>
        <line num="10" count="1" type="stmt"/>
        <line num="11" count="1" type="stmt"/>
        <line num="14" count="4" type="stmt"/>
        <line num="15" count="4" type="stmt"/>
        <line num="16" count="4" type="stmt"/>
        <line num="17" count="4" type="stmt"/>
        <line num="18" count="4" type="stmt"/>
        <line num="19" count="4" type="stmt"/>
        <line num="20" count="4" type="stmt"/>
        <line num="21" count="4" type="stmt"/>
        <line num="23" count="4" type="stmt"/>
        <line num="24" count="4" type="cond" truecount="2" falsecount="0"/>
        <line num="25" count="4" type="stmt"/>
        <line num="26" count="4" type="stmt"/>
        <line num="28" count="4" type="stmt"/>
        <line num="29" count="4" type="stmt"/>
        <line num="33" count="4" type="stmt"/>
        <line num="34" count="4" type="stmt"/>
        <line num="35" count="1" type="cond" truecount="2" falsecount="2"/>
        <line num="36" count="0" type="stmt"/>
        <line num="37" count="0" type="stmt"/>
        <line num="40" count="4" type="stmt"/>
        <line num="41" count="4" type="stmt"/>
        <line num="44" count="4" type="stmt"/>
        <line num="45" count="4" type="cond" truecount="1" falsecount="0"/>
        <line num="46" count="0" type="cond" truecount="0" falsecount="1"/>
        <line num="47" count="0" type="stmt"/>
        <line num="50" count="4" type="stmt"/>
        <line num="51" count="4" type="cond" truecount="3" falsecount="0"/>
        <line num="53" count="1" type="stmt"/>
        <line num="57" count="1" type="stmt"/>
        <line num="60" count="4" type="cond" truecount="2" falsecount="1"/>
        <line num="86" count="4" type="stmt"/>
      </file>
    </package>
    <package name="src.app.library">
      <metrics statements="53" coveredstatements="41" conditionals="30" coveredconditionals="13" methods="31" coveredmethods="17"/>
      <file name="page.tsx" path="C:\Users\davis\Workspace\IA-AGGREGATOR\frontend\src\app\library\page.tsx">
        <metrics statements="53" coveredstatements="41" conditionals="30" coveredconditionals="13" methods="31" coveredmethods="17"/>
        <line num="3" count="1" type="stmt"/>
        <line num="4" count="1" type="stmt"/>
        <line num="5" count="1" type="stmt"/>
        <line num="6" count="1" type="stmt"/>
        <line num="7" count="1" type="stmt"/>
        <line num="8" count="1" type="stmt"/>
        <line num="9" count="1" type="stmt"/>
        <line num="10" count="1" type="stmt"/>
        <line num="11" count="1" type="stmt"/>
        <line num="21" count="1" type="stmt"/>
        <line num="26" count="4" type="stmt"/>
        <line num="27" count="5" type="stmt"/>
        <line num="28" count="5" type="stmt"/>
        <line num="29" count="5" type="stmt"/>
        <line num="30" count="5" type="stmt"/>
        <line num="31" count="5" type="stmt"/>
        <line num="32" count="5" type="stmt"/>
        <line num="33" count="5" type="stmt"/>
        <line num="34" count="5" type="stmt"/>
        <line num="35" count="5" type="stmt"/>
        <line num="36" count="5" type="stmt"/>
        <line num="38" count="5" type="stmt"/>
        <line num="39" count="4" type="stmt"/>
        <line num="42" count="8" type="stmt"/>
        <line num="44" count="5" type="stmt"/>
        <line num="45" count="5" type="stmt"/>
        <line num="46" count="10" type="stmt"/>
        <line num="48" count="5" type="cond" truecount="0" falsecount="1"/>
        <line num="49" count="5" type="cond" truecount="1" falsecount="1"/>
        <line num="50" count="5" type="cond" truecount="1" falsecount="1"/>
        <line num="51" count="5" type="stmt"/>
        <line num="52" count="5" type="stmt"/>
        <line num="55" count="5" type="stmt"/>
        <line num="56" count="1" type="stmt"/>
        <line num="57" count="1" type="stmt"/>
        <line num="58" count="1" type="stmt"/>
        <line num="61" count="5" type="stmt"/>
        <line num="62" count="0" type="cond" truecount="0" falsecount="1"/>
        <line num="63" count="0" type="stmt"/>
        <line num="64" count="0" type="stmt"/>
        <line num="82" count="0" type="stmt"/>
        <line num="91" count="0" type="stmt"/>
        <line num="105" count="0" type="stmt"/>
        <line num="109" count="15" type="stmt"/>
        <line num="111" count="0" type="stmt"/>
        <line num="133" count="0" type="stmt"/>
        <line num="146" count="0" type="stmt"/>
        <line num="152" count="0" type="stmt"/>
        <line num="159" count="0" type="stmt"/>
        <line num="171" count="9" type="stmt"/>
        <line num="188" count="1" type="stmt"/>
        <line num="195" count="0" type="stmt"/>
        <line num="201" count="1" type="stmt"/>
      </file>
    </package>
    <package name="src.app.prompts">
      <metrics statements="57" coveredstatements="51" conditionals="38" coveredconditionals="19" methods="15" coveredmethods="14"/>
      <file name="page.tsx" path="C:\Users\davis\Workspace\IA-AGGREGATOR\frontend\src\app\prompts\page.tsx">
        <metrics statements="57" coveredstatements="51" conditionals="38" coveredconditionals="19" methods="15" coveredmethods="14"/>
        <line num="4" count="1" type="stmt"/>
        <line num="5" count="1" type="stmt"/>
        <line num="6" count="1" type="stmt"/>
        <line num="8" count="1" type="stmt"/>
        <line num="9" count="1" type="stmt"/>
        <line num="10" count="1" type="stmt"/>
        <line num="11" count="1" type="stmt"/>
        <line num="20" count="1" type="stmt"/>
        <line num="24" count="1" type="stmt"/>
        <line num="38" count="1" type="stmt"/>
        <line num="39" count="2" type="stmt"/>
        <line num="40" count="2" type="stmt"/>
        <line num="41" count="2" type="stmt"/>
        <line num="42" count="2" type="stmt"/>
        <line num="43" count="2" type="stmt"/>
        <line num="45" count="2" type="stmt"/>
        <line num="46" count="1" type="stmt"/>
        <line num="48" count="1" type="stmt"/>
        <line num="49" count="1" type="stmt"/>
        <line num="50" count="1" type="stmt"/>
        <line num="51" count="1" type="stmt"/>
        <line num="55" count="1" type="stmt"/>
        <line num="56" count="1" type="cond" truecount="3" falsecount="1"/>
        <line num="57" count="0" type="cond" truecount="0" falsecount="2"/>
        <line num="59" count="1" type="cond" truecount="1" falsecount="0"/>
        <line num="60" count="1" type="stmt"/>
        <line num="63" count="0" type="cond" truecount="0" falsecount="1"/>
        <line num="64" count="0" type="cond" truecount="0" falsecount="2"/>
        <line num="67" count="1" type="cond" truecount="1" falsecount="0"/>
        <line num="68" count="1" type="stmt"/>
        <line num="73" count="1" type="stmt"/>
        <line num="74" count="1" type="stmt"/>
        <line num="75" count="1" type="stmt"/>
        <line num="79" count="2" type="stmt"/>
        <line num="80" count="2" type="stmt"/>
        <line num="81" count="2" type="stmt"/>
        <line num="83" count="1" type="stmt"/>
        <line num="97" count="2" type="stmt"/>
        <line num="99" count="2" type="stmt"/>
        <line num="100" count="1" type="cond" truecount="1" falsecount="1"/>
        <line num="101" count="1" type="stmt"/>
        <line num="102" count="1" type="cond" truecount="2" falsecount="0"/>
        <line num="107" count="2" type="stmt"/>
        <line num="108" count="1" type="stmt"/>
        <line num="109" count="1" type="stmt"/>
        <line num="113" count="1" type="stmt"/>
        <line num="114" count="1" type="cond" truecount="3" falsecount="1"/>
        <line num="115" count="0" type="cond" truecount="0" falsecount="2"/>
        <line num="118" count="1" type="stmt"/>
        <line num="119" count="1" type="stmt"/>
        <line num="121" count="0" type="cond" truecount="0" falsecount="2"/>
        <line num="142" count="3" type="stmt"/>
        <line num="144" count="0" type="stmt"/>
        <line num="146" count="1" type="cond" truecount="2" falsecount="0"/>
        <line num="163" count="1" type="cond" truecount="1" falsecount="1"/>
        <line num="164" count="1" type="stmt"/>
        <line num="187" count="1" type="stmt"/>
      </file>
    </package>
    <package name="src.app.settings">
      <metrics statements="88" coveredstatements="46" conditionals="46" coveredconditionals="12" methods="23" coveredmethods="15"/>
      <file name="page.tsx" path="C:\Users\davis\Workspace\IA-AGGREGATOR\frontend\src\app\settings\page.tsx">
        <metrics statements="88" coveredstatements="46" conditionals="46" coveredconditionals="12" methods="23" coveredmethods="15"/>
        <line num="3" count="1" type="stmt"/>
        <line num="4" count="1" type="stmt"/>
        <line num="5" count="1" type="stmt"/>
        <line num="6" count="1" type="stmt"/>
        <line num="7" count="1" type="stmt"/>
        <line num="8" count="1" type="stmt"/>
        <line num="9" count="1" type="stmt"/>
        <line num="10" count="1" type="stmt"/>
        <line num="11" count="1" type="stmt"/>
        <line num="12" count="1" type="stmt"/>
        <line num="14" count="1" type="stmt"/>
        <line num="28" count="1" type="stmt"/>
        <line num="30" count="1" type="stmt"/>
        <line num="36" count="1" type="stmt"/>
        <line num="43" count="1" type="stmt"/>
        <line num="86" count="2" type="stmt"/>
        <line num="87" count="6" type="stmt"/>
        <line num="88" count="6" type="stmt"/>
        <line num="89" count="18" type="stmt"/>
        <line num="90" count="18" type="stmt"/>
        <line num="91" count="18" type="stmt"/>
        <line num="92" count="18" type="stmt"/>
        <line num="94" count="6" type="cond" truecount="1" falsecount="1"/>
        <line num="95" count="6" type="stmt"/>
        <line num="96" count="6" type="stmt"/>
        <line num="104" count="6" type="stmt"/>
        <line num="105" count="6" type="stmt"/>
        <line num="107" count="6" type="stmt"/>
        <line num="108" count="2" type="stmt"/>
        <line num="110" count="2" type="stmt"/>
        <line num="111" count="2" type="stmt"/>
        <line num="112" count="2" type="stmt"/>
        <line num="117" count="0" type="stmt"/>
        <line num="118" count="0" type="stmt"/>
        <line num="120" count="0" type="cond" truecount="0" falsecount="4"/>
        <line num="121" count="0" type="cond" truecount="0" falsecount="2"/>
        <line num="124" count="0" type="cond" truecount="0" falsecount="4"/>
        <line num="125" count="0" type="cond" truecount="0" falsecount="2"/>
        <line num="128" count="0" type="cond" truecount="0" falsecount="1"/>
        <line num="130" count="0" type="stmt"/>
        <line num="131" count="0" type="stmt"/>
        <line num="132" count="0" type="stmt"/>
        <line num="133" count="0" type="stmt"/>
        <line num="134" count="0" type="stmt"/>
        <line num="136" count="2" type="cond" truecount="0" falsecount="1"/>
        <line num="137" count="2" type="stmt"/>
        <line num="142" count="2" type="cond" truecount="1" falsecount="0"/>
        <line num="143" count="2" type="stmt"/>
        <line num="148" count="2" type="stmt"/>
        <line num="150" count="2" type="stmt"/>
        <line num="151" count="2" type="stmt"/>
        <line num="155" count="6" type="stmt"/>
        <line num="156" count="5" type="cond" truecount="3" falsecount="1"/>
        <line num="157" count="0" type="stmt"/>
        <line num="161" count="6" type="stmt"/>
        <line num="162" count="0" type="stmt"/>
        <line num="163" count="0" type="stmt"/>
        <line num="165" count="0" type="stmt"/>
        <line num="166" count="0" type="stmt"/>
        <line num="180" count="0" type="stmt"/>
        <line num="189" count="0" type="stmt"/>
        <line num="190" count="0" type="stmt"/>
        <line num="192" count="0" type="cond" truecount="0" falsecount="4"/>
        <line num="193" count="0" type="cond" truecount="0" falsecount="2"/>
        <line num="196" count="0" type="cond" truecount="0" falsecount="4"/>
        <line num="197" count="0" type="cond" truecount="0" falsecount="2"/>
        <line num="200" count="0" type="stmt"/>
        <line num="201" count="0" type="stmt"/>
        <line num="202" count="0" type="stmt"/>
        <line num="203" count="0" type="stmt"/>
        <line num="204" count="0" type="stmt"/>
        <line num="205" count="0" type="stmt"/>
        <line num="207" count="0" type="stmt"/>
        <line num="208" count="0" type="stmt"/>
        <line num="210" count="0" type="stmt"/>
        <line num="215" count="0" type="stmt"/>
        <line num="219" count="6" type="stmt"/>
        <line num="220" count="0" type="stmt"/>
        <line num="235" count="30" type="stmt"/>
        <line num="238" count="0" type="stmt"/>
        <line num="264" count="1" type="stmt"/>
        <line num="286" count="0" type="stmt"/>
        <line num="296" count="0" type="stmt"/>
        <line num="337" count="36" type="stmt"/>
        <line num="345" count="0" type="stmt"/>
        <line num="370" count="0" type="cond" truecount="0" falsecount="1"/>
        <line num="371" count="0" type="stmt"/>
        <line num="372" count="0" type="stmt"/>
      </file>
    </package>
    <package name="src.app.settings.analytics.debug">
      <metrics statements="381" coveredstatements="304" conditionals="246" coveredconditionals="141" methods="106" coveredmethods="85"/>
      <file name="diagnostics-page.tsx" path="C:\Users\davis\Workspace\IA-AGGREGATOR\frontend\src\app\settings\analytics\debug\diagnostics-page.tsx">
        <metrics statements="381" coveredstatements="304" conditionals="246" coveredconditionals="141" methods="106" coveredmethods="85"/>
        <line num="3" count="1" type="stmt"/>
        <line num="4" count="1" type="stmt"/>
        <line num="5" count="1" type="stmt"/>
        <line num="6" count="1" type="stmt"/>
        <line num="11" count="1" type="stmt"/>
        <line num="12" count="1" type="stmt"/>
        <line num="13" count="1" type="stmt"/>
        <line num="15" count="1" type="stmt"/>
        <line num="16" count="107" type="stmt"/>
        <line num="17" count="107" type="stmt"/>
        <line num="19" count="0" type="stmt"/>
        <line num="23" count="1" type="stmt"/>
        <line num="24" count="1" type="stmt"/>
        <line num="25" count="1" type="stmt"/>
        <line num="26" count="1" type="stmt"/>
        <line num="28" count="1" type="stmt"/>
        <line num="37" count="1" type="stmt"/>
        <line num="44" count="1" type="stmt"/>
        <line num="52" count="1" type="stmt"/>
        <line num="58" count="1" type="stmt"/>
        <line num="60" count="5" type="stmt"/>
        <line num="61" count="5" type="stmt"/>
        <line num="64" count="1" type="stmt"/>
        <line num="65" count="6" type="cond" truecount="2" falsecount="1"/>
        <line num="66" count="6" type="stmt"/>
        <line num="67" count="6" type="stmt"/>
        <line num="138" count="1" type="stmt"/>
        <line num="146" count="1" type="stmt"/>
        <line num="154" count="1" type="stmt"/>
        <line num="155" count="9" type="cond" truecount="0" falsecount="1"/>
        <line num="156" count="9" type="stmt"/>
        <line num="157" count="9" type="cond" truecount="0" falsecount="1"/>
        <line num="158" count="9" type="stmt"/>
        <line num="161" count="1" type="stmt"/>
        <line num="162" count="7" type="stmt"/>
        <line num="163" count="7" type="stmt"/>
        <line num="164" count="7" type="stmt"/>
        <line num="167" count="1" type="stmt"/>
        <line num="168" count="44" type="cond" truecount="0" falsecount="1"/>
        <line num="169" count="44" type="cond" truecount="1" falsecount="0"/>
        <line num="170" count="0" type="cond" truecount="0" falsecount="1"/>
        <line num="171" count="0" type="cond" truecount="0" falsecount="1"/>
        <line num="172" count="0" type="stmt"/>
        <line num="175" count="1" type="stmt"/>
        <line num="176" count="160" type="stmt"/>
        <line num="177" count="160" type="stmt"/>
        <line num="178" count="800" type="cond" truecount="2" falsecount="0"/>
        <line num="179" count="800" type="cond" truecount="2" falsecount="0"/>
        <line num="184" count="800" type="stmt"/>
        <line num="185" count="800" type="stmt"/>
        <line num="194" count="1" type="stmt"/>
        <line num="195" count="16" type="stmt"/>
        <line num="196" count="1" type="cond" truecount="2" falsecount="0"/>
        <line num="197" count="1" type="stmt"/>
        <line num="201" count="1" type="stmt"/>
        <line num="202" count="116" type="stmt"/>
        <line num="203" count="133" type="cond" truecount="2" falsecount="0"/>
        <line num="204" count="133" type="stmt"/>
        <line num="205" count="1" type="cond" truecount="3" falsecount="1"/>
        <line num="207" count="133" type="stmt"/>
        <line num="211" count="1" type="stmt"/>
        <line num="212" count="45" type="cond" truecount="1" falsecount="1"/>
        <line num="213" count="45" type="cond" truecount="0" falsecount="1"/>
        <line num="214" count="45" type="stmt"/>
        <line num="215" count="45" type="cond" truecount="1" falsecount="1"/>
        <line num="218" count="1" type="stmt"/>
        <line num="222" count="44" type="stmt"/>
        <line num="223" count="44" type="stmt"/>
        <line num="224" count="44" type="stmt"/>
        <line num="225" count="44" type="stmt"/>
        <line num="227" count="44" type="stmt"/>
        <line num="228" count="9" type="stmt"/>
        <line num="229" count="9" type="cond" truecount="0" falsecount="1"/>
        <line num="231" count="9" type="cond" truecount="2" falsecount="0"/>
        <line num="232" count="9" type="cond" truecount="0" falsecount="1"/>
        <line num="233" count="9" type="cond" truecount="0" falsecount="1"/>
        <line num="234" count="9" type="cond" truecount="1" falsecount="0"/>
        <line num="235" count="4" type="stmt"/>
        <line num="239" count="44" type="stmt"/>
        <line num="240" count="44" type="cond" truecount="1" falsecount="0"/>
        <line num="241" count="37" type="stmt"/>
        <line num="253" count="7" type="stmt"/>
        <line num="254" count="7" type="cond" truecount="1" falsecount="1"/>
        <line num="257" count="7" type="cond" truecount="1" falsecount="1"/>
        <line num="258" count="0" type="cond" truecount="0" falsecount="2"/>
        <line num="259" count="0" type="stmt"/>
        <line num="261" count="7" type="stmt"/>
        <line num="262" count="7" type="stmt"/>
        <line num="263" count="7" type="stmt"/>
        <line num="264" count="7" type="stmt"/>
        <line num="266" count="7" type="stmt"/>
        <line num="267" count="0" type="stmt"/>
        <line num="268" count="0" type="stmt"/>
        <line num="270" count="0" type="cond" truecount="0" falsecount="1"/>
        <line num="271" count="0" type="stmt"/>
        <line num="272" count="0" type="cond" truecount="0" falsecount="1"/>
        <line num="274" count="0" type="cond" truecount="0" falsecount="1"/>
        <line num="275" count="0" type="stmt"/>
        <line num="276" count="0" type="cond" truecount="0" falsecount="1"/>
        <line num="280" count="7" type="cond" truecount="1" falsecount="1"/>
        <line num="281" count="7" type="stmt"/>
        <line num="286" count="7" type="stmt"/>
        <line num="298" count="13" type="stmt"/>
        <line num="299" count="69" type="stmt"/>
        <line num="300" count="69" type="stmt"/>
        <line num="301" count="69" type="stmt"/>
        <line num="302" count="69" type="stmt"/>
        <line num="303" count="69" type="stmt"/>
        <line num="304" count="69" type="stmt"/>
        <line num="305" count="69" type="stmt"/>
        <line num="306" count="69" type="stmt"/>
        <line num="307" count="69" type="stmt"/>
        <line num="308" count="69" type="stmt"/>
        <line num="309" count="69" type="stmt"/>
        <line num="310" count="69" type="stmt"/>
        <line num="311" count="69" type="stmt"/>
        <line num="312" count="69" type="stmt"/>
        <line num="313" count="69" type="stmt"/>
        <line num="314" count="69" type="stmt"/>
        <line num="315" count="69" type="stmt"/>
        <line num="316" count="69" type="stmt"/>
        <line num="317" count="69" type="stmt"/>
        <line num="318" count="69" type="stmt"/>
        <line num="319" count="69" type="stmt"/>
        <line num="320" count="69" type="stmt"/>
        <line num="321" count="69" type="stmt"/>
        <line num="323" count="69" type="stmt"/>
        <line num="324" count="13" type="stmt"/>
        <line num="327" count="69" type="stmt"/>
        <line num="328" count="13" type="cond" truecount="0" falsecount="1"/>
        <line num="329" count="13" type="stmt"/>
        <line num="330" count="13" type="stmt"/>
        <line num="331" count="13" type="cond" truecount="1" falsecount="0"/>
        <line num="332" count="13" type="stmt"/>
        <line num="333" count="13" type="stmt"/>
        <line num="336" count="0" type="stmt"/>
        <line num="338" count="0" type="cond" truecount="0" falsecount="1"/>
        <line num="339" count="0" type="cond" truecount="0" falsecount="1"/>
        <line num="341" count="0" type="cond" truecount="0" falsecount="1"/>
        <line num="342" count="0" type="stmt"/>
        <line num="345" count="0" type="cond" truecount="0" falsecount="3"/>
        <line num="346" count="0" type="stmt"/>
        <line num="349" count="0" type="cond" truecount="0" falsecount="1"/>
        <line num="350" count="0" type="cond" truecount="0" falsecount="1"/>
        <line num="351" count="0" type="cond" truecount="0" falsecount="1"/>
        <line num="352" count="0" type="cond" truecount="0" falsecount="1"/>
        <line num="354" count="0" type="cond" truecount="0" falsecount="1"/>
        <line num="355" count="0" type="stmt"/>
        <line num="358" count="0" type="cond" truecount="0" falsecount="1"/>
        <line num="359" count="0" type="stmt"/>
        <line num="362" count="0" type="cond" truecount="0" falsecount="1"/>
        <line num="363" count="0" type="stmt"/>
        <line num="368" count="13" type="stmt"/>
        <line num="372" count="69" type="stmt"/>
        <line num="373" count="34" type="cond" truecount="3" falsecount="0"/>
        <line num="375" count="21" type="stmt"/>
        <line num="389" count="21" type="stmt"/>
        <line num="405" count="69" type="stmt"/>
        <line num="406" count="28" type="stmt"/>
        <line num="407" count="28" type="stmt"/>
        <line num="408" count="8" type="cond" truecount="2" falsecount="0"/>
        <line num="410" count="28" type="stmt"/>
        <line num="413" count="69" type="stmt"/>
        <line num="415" count="69" type="stmt"/>
        <line num="416" count="45" type="stmt"/>
        <line num="420" count="69" type="stmt"/>
        <line num="421" count="45" type="stmt"/>
        <line num="425" count="69" type="stmt"/>
        <line num="426" count="31" type="cond" truecount="1" falsecount="0"/>
        <line num="427" count="21" type="stmt"/>
        <line num="428" count="21" type="stmt"/>
        <line num="429" count="21" type="stmt"/>
        <line num="432" count="10" type="cond" truecount="3" falsecount="0"/>
        <line num="433" count="5" type="stmt"/>
        <line num="436" count="10" type="cond" truecount="4" falsecount="0"/>
        <line num="437" count="10" type="cond" truecount="4" falsecount="0"/>
        <line num="438" count="10" type="stmt"/>
        <line num="442" count="69" type="stmt"/>
        <line num="443" count="27" type="cond" truecount="1" falsecount="1"/>
        <line num="445" count="0" type="stmt"/>
        <line num="449" count="69" type="stmt"/>
        <line num="450" count="16" type="stmt"/>
        <line num="454" count="69" type="stmt"/>
        <line num="455" count="16" type="stmt"/>
        <line num="459" count="69" type="stmt"/>
        <line num="460" count="68" type="stmt"/>
        <line num="464" count="69" type="stmt"/>
        <line num="465" count="68" type="stmt"/>
        <line num="469" count="69" type="stmt"/>
        <line num="470" count="69" type="stmt"/>
        <line num="472" count="69" type="stmt"/>
        <line num="473" count="27" type="cond" truecount="1" falsecount="1"/>
        <line num="475" count="0" type="stmt"/>
        <line num="477" count="27" type="stmt"/>
        <line num="478" count="27" type="stmt"/>
        <line num="479" count="27" type="stmt"/>
        <line num="480" count="27" type="stmt"/>
        <line num="482" count="27" type="stmt"/>
        <line num="483" count="27" type="stmt"/>
        <line num="485" count="27" type="stmt"/>
        <line num="486" count="45" type="stmt"/>
        <line num="487" count="45" type="cond" truecount="0" falsecount="1"/>
        <line num="488" count="45" type="cond" truecount="3" falsecount="1"/>
        <line num="489" count="45" type="stmt"/>
        <line num="490" count="0" type="cond" truecount="0" falsecount="3"/>
        <line num="491" count="0" type="stmt"/>
        <line num="495" count="27" type="stmt"/>
        <line num="496" count="27" type="stmt"/>
        <line num="498" count="27" type="stmt"/>
        <line num="506" count="69" type="stmt"/>
        <line num="507" count="28" type="cond" truecount="2" falsecount="0"/>
        <line num="508" count="28" type="cond" truecount="2" falsecount="0"/>
        <line num="509" count="28" type="cond" truecount="1" falsecount="0"/>
        <line num="510" count="0" type="stmt"/>
        <line num="513" count="69" type="stmt"/>
        <line num="514" count="28" type="stmt"/>
        <line num="521" count="69" type="stmt"/>
        <line num="522" count="16" type="stmt"/>
        <line num="529" count="69" type="stmt"/>
        <line num="530" count="1" type="stmt"/>
        <line num="531" count="1" type="stmt"/>
        <line num="534" count="69" type="stmt"/>
        <line num="535" count="1" type="stmt"/>
        <line num="536" count="1" type="stmt"/>
        <line num="537" count="1" type="stmt"/>
        <line num="540" count="69" type="stmt"/>
        <line num="541" count="0" type="stmt"/>
        <line num="542" count="0" type="stmt"/>
        <line num="544" count="0" type="stmt"/>
        <line num="545" count="0" type="stmt"/>
        <line num="546" count="0" type="stmt"/>
        <line num="547" count="0" type="stmt"/>
        <line num="549" count="0" type="stmt"/>
        <line num="550" count="0" type="stmt"/>
        <line num="553" count="69" type="stmt"/>
        <line num="554" count="1" type="cond" truecount="0" falsecount="1"/>
        <line num="556" count="1" type="stmt"/>
        <line num="557" count="1" type="stmt"/>
        <line num="566" count="1" type="stmt"/>
        <line num="567" count="1" type="stmt"/>
        <line num="568" count="1" type="stmt"/>
        <line num="570" count="1" type="stmt"/>
        <line num="571" count="1" type="stmt"/>
        <line num="572" count="1" type="stmt"/>
        <line num="573" count="1" type="stmt"/>
        <line num="575" count="1" type="stmt"/>
        <line num="576" count="1" type="stmt"/>
        <line num="579" count="69" type="stmt"/>
        <line num="580" count="3" type="cond" truecount="2" falsecount="1"/>
        <line num="582" count="3" type="stmt"/>
        <line num="584" count="3" type="stmt"/>
        <line num="585" count="3" type="stmt"/>
        <line num="586" count="3" type="stmt"/>
        <line num="587" count="7" type="stmt"/>
        <line num="588" count="7" type="cond" truecount="1" falsecount="0"/>
        <line num="589" count="2" type="stmt"/>
        <line num="590" count="2" type="stmt"/>
        <line num="592" count="5" type="stmt"/>
        <line num="593" count="5" type="stmt"/>
        <line num="596" count="3" type="cond" truecount="1" falsecount="0"/>
        <line num="597" count="1" type="stmt"/>
        <line num="600" count="2" type="stmt"/>
        <line num="601" count="2" type="stmt"/>
        <line num="603" count="1" type="stmt"/>
        <line num="605" count="3" type="stmt"/>
        <line num="609" count="69" type="stmt"/>
        <line num="610" count="8" type="cond" truecount="0" falsecount="1"/>
        <line num="611" count="8" type="cond" truecount="1" falsecount="1"/>
        <line num="612" count="8" type="cond" truecount="1" falsecount="1"/>
        <line num="614" count="8" type="stmt"/>
        <line num="615" count="8" type="stmt"/>
        <line num="616" count="8" type="cond" truecount="2" falsecount="0"/>
        <line num="617" count="8" type="cond" truecount="2" falsecount="0"/>
        <line num="618" count="8" type="stmt"/>
        <line num="626" count="7" type="stmt"/>
        <line num="627" count="7" type="stmt"/>
        <line num="628" count="7" type="cond" truecount="2" falsecount="0"/>
        <line num="629" count="7" type="stmt"/>
        <line num="634" count="1" type="stmt"/>
        <line num="636" count="8" type="stmt"/>
        <line num="640" count="69" type="stmt"/>
        <line num="644" count="2" type="cond" truecount="0" falsecount="1"/>
        <line num="646" count="2" type="cond" truecount="1" falsecount="1"/>
        <line num="647" count="2" type="cond" truecount="1" falsecount="1"/>
        <line num="648" count="2" type="cond" truecount="1" falsecount="1"/>
        <line num="650" count="2" type="stmt"/>
        <line num="651" count="2" type="stmt"/>
        <line num="652" count="2" type="stmt"/>
        <line num="653" count="2" type="stmt"/>
        <line num="658" count="1" type="stmt"/>
        <line num="659" count="1" type="stmt"/>
        <line num="660" count="1" type="stmt"/>
        <line num="661" count="1" type="cond" truecount="1" falsecount="1"/>
        <line num="662" count="1" type="stmt"/>
        <line num="667" count="1" type="stmt"/>
        <line num="669" count="2" type="stmt"/>
        <line num="673" count="69" type="stmt"/>
        <line num="674" count="17" type="stmt"/>
        <line num="675" count="17" type="cond" truecount="1" falsecount="0"/>
        <line num="676" count="17" type="cond" truecount="1" falsecount="0"/>
        <line num="677" count="17" type="cond" truecount="1" falsecount="0"/>
        <line num="678" count="17" type="cond" truecount="1" falsecount="0"/>
        <line num="679" count="17" type="cond" truecount="0" falsecount="1"/>
        <line num="680" count="17" type="cond" truecount="0" falsecount="1"/>
        <line num="681" count="17" type="cond" truecount="0" falsecount="1"/>
        <line num="682" count="17" type="cond" truecount="0" falsecount="1"/>
        <line num="683" count="17" type="cond" truecount="0" falsecount="1"/>
        <line num="684" count="17" type="stmt"/>
        <line num="697" count="69" type="stmt"/>
        <line num="698" count="0" type="stmt"/>
        <line num="699" count="0" type="stmt"/>
        <line num="700" count="0" type="stmt"/>
        <line num="701" count="0" type="stmt"/>
        <line num="702" count="0" type="stmt"/>
        <line num="703" count="0" type="stmt"/>
        <line num="704" count="0" type="stmt"/>
        <line num="705" count="0" type="stmt"/>
        <line num="706" count="0" type="stmt"/>
        <line num="707" count="0" type="stmt"/>
        <line num="708" count="0" type="stmt"/>
        <line num="709" count="0" type="stmt"/>
        <line num="710" count="0" type="stmt"/>
        <line num="711" count="0" type="stmt"/>
        <line num="714" count="69" type="stmt"/>
        <line num="766" count="7" type="stmt"/>
        <line num="767" count="7" type="stmt"/>
        <line num="768" count="7" type="stmt"/>
        <line num="769" count="7" type="stmt"/>
        <line num="788" count="276" type="stmt"/>
        <line num="808" count="207" type="stmt"/>
        <line num="813" count="345" type="stmt"/>
        <line num="841" count="12" type="stmt"/>
        <line num="842" count="12" type="stmt"/>
        <line num="843" count="12" type="stmt"/>
        <line num="859" count="13" type="stmt"/>
        <line num="875" count="1" type="stmt"/>
        <line num="882" count="1" type="stmt"/>
        <line num="890" count="1" type="stmt"/>
        <line num="894" count="276" type="stmt"/>
        <line num="900" count="1" type="stmt"/>
        <line num="911" count="0" type="stmt"/>
        <line num="915" count="84" type="cond" truecount="2" falsecount="0"/>
        <line num="921" count="0" type="stmt"/>
        <line num="925" count="345" type="stmt"/>
        <line num="944" count="92" type="stmt"/>
        <line num="953" count="2" type="stmt"/>
        <line num="954" count="2" type="stmt"/>
        <line num="955" count="2" type="stmt"/>
        <line num="956" count="2" type="stmt"/>
        <line num="957" count="2" type="stmt"/>
        <line num="968" count="1" type="stmt"/>
        <line num="988" count="14" type="stmt"/>
        <line num="1009" count="0" type="stmt"/>
        <line num="1013" count="15" type="cond" truecount="1" falsecount="1"/>
        <line num="1019" count="0" type="stmt"/>
        <line num="1023" count="15" type="cond" truecount="1" falsecount="1"/>
        <line num="1032" count="0" type="stmt"/>
        <line num="1033" count="0" type="stmt"/>
        <line num="1034" count="0" type="cond" truecount="0" falsecount="4"/>
        <line num="1035" count="0" type="cond" truecount="0" falsecount="4"/>
        <line num="1036" count="0" type="stmt"/>
        <line num="1063" count="0" type="stmt"/>
        <line num="1067" count="207" type="stmt"/>
        <line num="1073" count="0" type="stmt"/>
        <line num="1077" count="84" type="cond" truecount="2" falsecount="0"/>
        <line num="1086" count="345" type="stmt"/>
        <line num="1087" count="345" type="stmt"/>
        <line num="1088" count="345" type="cond" truecount="2" falsecount="2"/>
        <line num="1089" count="345" type="cond" truecount="2" falsecount="2"/>
        <line num="1090" count="345" type="stmt"/>
        <line num="1115" count="25" type="stmt"/>
        <line num="1145" count="0" type="stmt"/>
        <line num="1146" count="0" type="stmt"/>
        <line num="1147" count="0" type="cond" truecount="0" falsecount="1"/>
        <line num="1148" count="0" type="stmt"/>
        <line num="1149" count="0" type="stmt"/>
        <line num="1150" count="0" type="stmt"/>
        <line num="1151" count="0" type="stmt"/>
        <line num="1157" count="30" type="stmt"/>
        <line num="1163" count="0" type="stmt"/>
        <line num="1181" count="1" type="stmt"/>
      </file>
    </package>
    <package name="src.components.app">
      <metrics statements="46" coveredstatements="37" conditionals="37" coveredconditionals="23" methods="20" coveredmethods="12"/>
      <file name="app-layout.tsx" path="C:\Users\davis\Workspace\IA-AGGREGATOR\frontend\src\components\app\app-layout.tsx">
        <metrics statements="33" coveredstatements="28" conditionals="21" coveredconditionals="12" methods="13" coveredmethods="8"/>
        <line num="3" count="5" type="stmt"/>
        <line num="4" count="5" type="stmt"/>
        <line num="5" count="5" type="stmt"/>
        <line num="6" count="5" type="stmt"/>
        <line num="7" count="5" type="stmt"/>
        <line num="8" count="5" type="stmt"/>
        <line num="9" count="5" type="stmt"/>
        <line num="10" count="5" type="stmt"/>
        <line num="15" count="5" type="stmt"/>
        <line num="16" count="5" type="stmt"/>
        <line num="29" count="5" type="stmt"/>
        <line num="35" count="5" type="stmt"/>
        <line num="43" count="84" type="stmt"/>
        <line num="44" count="76" type="stmt"/>
        <line num="45" count="80" type="stmt"/>
        <line num="46" count="218" type="stmt"/>
        <line num="47" count="227" type="stmt"/>
        <line num="48" count="227" type="stmt"/>
        <line num="49" count="76" type="stmt"/>
        <line num="51" count="76" type="stmt"/>
        <line num="52" count="21" type="stmt"/>
        <line num="55" count="76" type="stmt"/>
        <line num="56" count="21" type="cond" truecount="1" falsecount="0"/>
        <line num="57" count="2" type="stmt"/>
        <line num="60" count="76" type="stmt"/>
        <line num="61" count="0" type="cond" truecount="0" falsecount="4"/>
        <line num="64" count="76" type="cond" truecount="2" falsecount="2"/>
        <line num="65" count="76" type="cond" truecount="2" falsecount="2"/>
        <line num="77" count="0" type="stmt"/>
        <line num="90" count="380" type="stmt"/>
        <line num="134" count="0" type="stmt"/>
        <line num="150" count="0" type="stmt"/>
        <line num="160" count="0" type="stmt"/>
      </file>
      <file name="workspace-switcher.tsx" path="C:\Users\davis\Workspace\IA-AGGREGATOR\frontend\src\components\app\workspace-switcher.tsx">
        <metrics statements="13" coveredstatements="9" conditionals="16" coveredconditionals="11" methods="7" coveredmethods="4"/>
        <line num="3" count="6" type="stmt"/>
        <line num="4" count="6" type="stmt"/>
        <line num="5" count="6" type="stmt"/>
        <line num="12" count="80" type="cond" truecount="0" falsecount="1"/>
        <line num="13" count="83" type="stmt"/>
        <line num="14" count="83" type="cond" truecount="2" falsecount="0"/>
        <line num="15" count="83" type="stmt"/>
        <line num="16" count="79" type="stmt"/>
        <line num="18" count="79" type="cond" truecount="1" falsecount="1"/>
        <line num="33" count="0" type="stmt"/>
        <line num="34" count="0" type="stmt"/>
        <line num="35" count="0" type="stmt"/>
        <line num="42" count="0" type="stmt"/>
      </file>
    </package>
    <package name="src.components.chat">
      <metrics statements="315" coveredstatements="214" conditionals="141" coveredconditionals="41" methods="114" coveredmethods="64"/>
      <file name="chat-input.tsx" path="C:\Users\davis\Workspace\IA-AGGREGATOR\frontend\src\components\chat\chat-input.tsx">
        <metrics statements="56" coveredstatements="28" conditionals="18" coveredconditionals="2" methods="19" coveredmethods="9"/>
        <line num="3" count="1" type="stmt"/>
        <line num="4" count="1" type="stmt"/>
        <line num="5" count="1" type="stmt"/>
        <line num="6" count="1" type="stmt"/>
        <line num="7" count="1" type="stmt"/>
        <line num="8" count="1" type="stmt"/>
        <line num="14" count="1" type="stmt"/>
        <line num="15" count="1" type="stmt"/>
        <line num="16" count="1" type="stmt"/>
        <line num="17" count="1" type="stmt"/>
        <line num="18" count="1" type="stmt"/>
        <line num="20" count="1" type="stmt"/>
        <line num="21" count="1" type="stmt"/>
        <line num="22" count="1" type="stmt"/>
        <line num="24" count="1" type="stmt"/>
        <line num="25" count="0" type="stmt"/>
        <line num="26" count="0" type="cond" truecount="0" falsecount="3"/>
        <line num="28" count="0" type="stmt"/>
        <line num="29" count="0" type="stmt"/>
        <line num="31" count="0" type="stmt"/>
        <line num="33" count="0" type="cond" truecount="0" falsecount="1"/>
        <line num="35" count="0" type="stmt"/>
        <line num="36" count="0" type="stmt"/>
        <line num="37" count="0" type="stmt"/>
        <line num="39" count="0" type="stmt"/>
        <line num="45" count="0" type="stmt"/>
        <line num="48" count="1" type="stmt"/>
        <line num="49" count="0" type="cond" truecount="0" falsecount="3"/>
        <line num="50" count="0" type="stmt"/>
        <line num="51" count="0" type="stmt"/>
        <line num="55" count="1" type="stmt"/>
        <line num="56" count="0" type="stmt"/>
        <line num="57" count="0" type="stmt"/>
        <line num="58" count="0" type="stmt"/>
        <line num="59" count="0" type="stmt"/>
        <line num="62" count="1" type="stmt"/>
        <line num="63" count="0" type="cond" truecount="0" falsecount="1"/>
        <line num="64" count="0" type="stmt"/>
        <line num="69" count="0" type="stmt"/>
        <line num="72" count="1" type="stmt"/>
        <line num="73" count="0" type="stmt"/>
        <line num="74" count="0" type="stmt"/>
        <line num="77" count="1" type="stmt"/>
        <line num="78" count="1" type="cond" truecount="0" falsecount="1"/>
        <line num="80" count="1" type="stmt"/>
        <line num="81" count="1" type="stmt"/>
        <line num="82" count="1" type="stmt"/>
        <line num="83" count="1" type="cond" truecount="1" falsecount="0"/>
        <line num="97" count="1" type="stmt"/>
        <line num="99" count="0" type="cond" truecount="0" falsecount="1"/>
        <line num="102" count="0" type="cond" truecount="0" falsecount="1"/>
        <line num="104" count="0" type="stmt"/>
        <line num="106" count="0" type="cond" truecount="0" falsecount="1"/>
        <line num="141" count="1" type="stmt"/>
        <line num="142" count="1" type="stmt"/>
        <line num="152" count="0" type="stmt"/>
      </file>
      <file name="chat-layout.tsx" path="C:\Users\davis\Workspace\IA-AGGREGATOR\frontend\src\components\chat\chat-layout.tsx">
        <metrics statements="40" coveredstatements="22" conditionals="15" coveredconditionals="6" methods="15" coveredmethods="7"/>
        <line num="3" count="1" type="stmt"/>
        <line num="4" count="1" type="stmt"/>
        <line num="5" count="1" type="stmt"/>
        <line num="6" count="1" type="stmt"/>
        <line num="7" count="1" type="stmt"/>
        <line num="8" count="1" type="stmt"/>
        <line num="15" count="1" type="stmt"/>
        <line num="17" count="4" type="stmt"/>
        <line num="18" count="4" type="stmt"/>
        <line num="19" count="4" type="stmt"/>
        <line num="20" count="4" type="stmt"/>
        <line num="22" count="4" type="stmt"/>
        <line num="23" count="4" type="stmt"/>
        <line num="24" count="4" type="cond" truecount="0" falsecount="1"/>
        <line num="27" count="4" type="stmt"/>
        <line num="28" count="0" type="stmt"/>
        <line num="29" count="0" type="stmt"/>
        <line num="30" count="0" type="stmt"/>
        <line num="31" count="0" type="stmt"/>
        <line num="35" count="4" type="stmt"/>
        <line num="36" count="4" type="stmt"/>
        <line num="37" count="1" type="cond" truecount="2" falsecount="2"/>
        <line num="38" count="0" type="stmt"/>
        <line num="39" count="0" type="stmt"/>
        <line num="42" count="4" type="stmt"/>
        <line num="43" count="4" type="stmt"/>
        <line num="46" count="4" type="stmt"/>
        <line num="47" count="4" type="cond" truecount="1" falsecount="0"/>
        <line num="48" count="0" type="stmt"/>
        <line num="49" count="0" type="cond" truecount="0" falsecount="1"/>
        <line num="51" count="0" type="stmt"/>
        <line num="52" count="0" type="stmt"/>
        <line num="53" count="0" type="stmt"/>
        <line num="54" count="0" type="stmt"/>
        <line num="55" count="0" type="stmt"/>
        <line num="75" count="0" type="stmt"/>
        <line num="95" count="0" type="cond" truecount="0" falsecount="2"/>
        <line num="96" count="0" type="stmt"/>
        <line num="109" count="0" type="stmt"/>
        <line num="118" count="0" type="stmt"/>
      </file>
      <file name="chat-messages.tsx" path="C:\Users\davis\Workspace\IA-AGGREGATOR\frontend\src\components\chat\chat-messages.tsx">
        <metrics statements="28" coveredstatements="17" conditionals="10" coveredconditionals="4" methods="10" coveredmethods="4"/>
        <line num="3" count="1" type="stmt"/>
        <line num="4" count="1" type="stmt"/>
        <line num="5" count="1" type="stmt"/>
        <line num="6" count="1" type="stmt"/>
        <line num="7" count="1" type="stmt"/>
        <line num="13" count="1" type="stmt"/>
        <line num="14" count="1" type="stmt"/>
        <line num="15" count="1" type="stmt"/>
        <line num="16" count="1" type="stmt"/>
        <line num="17" count="1" type="stmt"/>
        <line num="18" count="1" type="stmt"/>
        <line num="20" count="1" type="stmt"/>
        <line num="21" count="0" type="stmt"/>
        <line num="22" count="0" type="stmt"/>
        <line num="25" count="1" type="stmt"/>
        <line num="26" count="1" type="cond" truecount="1" falsecount="0"/>
        <line num="29" count="1" type="stmt"/>
        <line num="30" count="0" type="stmt"/>
        <line num="31" count="0" type="cond" truecount="0" falsecount="1"/>
        <line num="32" count="0" type="stmt"/>
        <line num="33" count="0" type="stmt"/>
        <line num="36" count="1" type="stmt"/>
        <line num="37" count="0" type="cond" truecount="0" falsecount="1"/>
        <line num="38" count="0" type="stmt"/>
        <line num="39" count="0" type="cond" truecount="0" falsecount="1"/>
        <line num="40" count="0" type="stmt"/>
        <line num="47" count="1" type="stmt"/>
        <line num="51" count="0" type="stmt"/>
      </file>
      <file name="chat-sidebar.tsx" path="C:\Users\davis\Workspace\IA-AGGREGATOR\frontend\src\components\chat\chat-sidebar.tsx">
        <metrics statements="26" coveredstatements="24" conditionals="18" coveredconditionals="8" methods="9" coveredmethods="7"/>
        <line num="3" count="1" type="stmt"/>
        <line num="4" count="1" type="stmt"/>
        <line num="5" count="1" type="stmt"/>
        <line num="6" count="1" type="stmt"/>
        <line num="7" count="1" type="stmt"/>
        <line num="8" count="1" type="stmt"/>
        <line num="9" count="1" type="stmt"/>
        <line num="10" count="1" type="stmt"/>
        <line num="11" count="1" type="stmt"/>
        <line num="12" count="1" type="stmt"/>
        <line num="13" count="1" type="stmt"/>
        <line num="14" count="1" type="stmt"/>
        <line num="16" count="1" type="stmt"/>
        <line num="24" count="4" type="stmt"/>
        <line num="25" count="4" type="stmt"/>
        <line num="26" count="4" type="stmt"/>
        <line num="27" count="4" type="stmt"/>
        <line num="28" count="12" type="stmt"/>
        <line num="29" count="12" type="stmt"/>
        <line num="31" count="4" type="stmt"/>
        <line num="32" count="0" type="cond" truecount="0" falsecount="4"/>
        <line num="35" count="4" type="cond" truecount="2" falsecount="2"/>
        <line num="36" count="4" type="cond" truecount="2" falsecount="2"/>
        <line num="47" count="1" type="stmt"/>
        <line num="61" count="0" type="stmt"/>
        <line num="74" count="20" type="stmt"/>
      </file>
      <file name="conversation-item.tsx" path="C:\Users\davis\Workspace\IA-AGGREGATOR\frontend\src\components\chat\conversation-item.tsx">
        <metrics statements="31" coveredstatements="13" conditionals="11" coveredconditionals="4" methods="13" coveredmethods="4"/>
        <line num="3" count="1" type="stmt"/>
        <line num="4" count="1" type="stmt"/>
        <line num="5" count="1" type="stmt"/>
        <line num="6" count="1" type="stmt"/>
        <line num="7" count="1" type="stmt"/>
        <line num="14" count="4" type="stmt"/>
        <line num="15" count="4" type="stmt"/>
        <line num="16" count="4" type="stmt"/>
        <line num="17" count="4" type="stmt"/>
        <line num="18" count="4" type="stmt"/>
        <line num="20" count="4" type="stmt"/>
        <line num="21" count="0" type="stmt"/>
        <line num="24" count="4" type="stmt"/>
        <line num="25" count="0" type="stmt"/>
        <line num="26" count="0" type="stmt"/>
        <line num="27" count="0" type="cond" truecount="0" falsecount="1"/>
        <line num="30" count="4" type="stmt"/>
        <line num="31" count="0" type="stmt"/>
        <line num="32" count="0" type="cond" truecount="0" falsecount="1"/>
        <line num="33" count="0" type="stmt"/>
        <line num="34" count="0" type="stmt"/>
        <line num="44" count="0" type="cond" truecount="0" falsecount="3"/>
        <line num="45" count="0" type="stmt"/>
        <line num="46" count="0" type="stmt"/>
        <line num="67" count="0" type="stmt"/>
        <line num="68" count="0" type="stmt"/>
        <line num="82" count="0" type="stmt"/>
        <line num="87" count="0" type="stmt"/>
        <line num="88" count="0" type="stmt"/>
        <line num="98" count="0" type="stmt"/>
        <line num="99" count="0" type="stmt"/>
      </file>
      <file name="conversation-list.tsx" path="C:\Users\davis\Workspace\IA-AGGREGATOR\frontend\src\components\chat\conversation-list.tsx">
        <metrics statements="33" coveredstatements="29" conditionals="13" coveredconditionals="2" methods="12" coveredmethods="12"/>
        <line num="3" count="1" type="stmt"/>
        <line num="4" count="1" type="stmt"/>
        <line num="5" count="1" type="stmt"/>
        <line num="17" count="4" type="stmt"/>
        <line num="18" count="4" type="stmt"/>
        <line num="19" count="4" type="stmt"/>
        <line num="20" count="4" type="stmt"/>
        <line num="21" count="4" type="stmt"/>
        <line num="22" count="4" type="stmt"/>
        <line num="23" count="4" type="stmt"/>
        <line num="25" count="4" type="stmt"/>
        <line num="33" count="4" type="stmt"/>
        <line num="34" count="4" type="stmt"/>
        <line num="35" count="4" type="cond" truecount="1" falsecount="1"/>
        <line num="36" count="0" type="cond" truecount="0" falsecount="2"/>
        <line num="37" count="0" type="cond" truecount="0" falsecount="2"/>
        <line num="38" count="0" type="cond" truecount="0" falsecount="2"/>
        <line num="39" count="0" type="stmt"/>
        <line num="42" count="4" type="stmt"/>
        <line num="43" count="20" type="stmt"/>
        <line num="44" count="4" type="stmt"/>
        <line num="47" count="4" type="stmt"/>
        <line num="48" count="4" type="stmt"/>
        <line num="49" count="4" type="stmt"/>
        <line num="50" count="4" type="stmt"/>
        <line num="51" count="4" type="cond" truecount="1" falsecount="1"/>
        <line num="55" count="4" type="stmt"/>
        <line num="57" count="4" type="stmt"/>
        <line num="58" count="4" type="stmt"/>
        <line num="63" count="4" type="stmt"/>
        <line num="65" count="4" type="cond" truecount="0" falsecount="1"/>
        <line num="78" count="4" type="stmt"/>
        <line num="84" count="4" type="stmt"/>
      </file>
      <file name="empty-state.tsx" path="C:\Users\davis\Workspace\IA-AGGREGATOR\frontend\src\components\chat\empty-state.tsx">
        <metrics statements="63" coveredstatements="56" conditionals="21" coveredconditionals="11" methods="21" coveredmethods="15"/>
        <line num="3" count="1" type="stmt"/>
        <line num="4" count="1" type="stmt"/>
        <line num="5" count="1" type="stmt"/>
        <line num="6" count="1" type="stmt"/>
        <line num="7" count="1" type="stmt"/>
        <line num="8" count="1" type="stmt"/>
        <line num="9" count="1" type="stmt"/>
        <line num="10" count="1" type="stmt"/>
        <line num="11" count="1" type="stmt"/>
        <line num="12" count="1" type="stmt"/>
        <line num="15" count="6" type="stmt"/>
        <line num="16" count="6" type="cond" truecount="0" falsecount="1"/>
        <line num="17" count="6" type="cond" truecount="1" falsecount="0"/>
        <line num="18" count="0" type="stmt"/>
        <line num="21" count="3" type="stmt"/>
        <line num="22" count="6" type="stmt"/>
        <line num="23" count="6" type="stmt"/>
        <line num="24" count="6" type="stmt"/>
        <line num="25" count="6" type="stmt"/>
        <line num="27" count="6" type="stmt"/>
        <line num="28" count="6" type="stmt"/>
        <line num="29" count="6" type="stmt"/>
        <line num="31" count="6" type="cond" truecount="1" falsecount="1"/>
        <line num="33" count="6" type="stmt"/>
        <line num="34" count="1" type="stmt"/>
        <line num="35" count="1" type="cond" truecount="2" falsecount="1"/>
        <line num="37" count="1" type="stmt"/>
        <line num="38" count="1" type="stmt"/>
        <line num="40" count="1" type="stmt"/>
        <line num="42" count="1" type="cond" truecount="1" falsecount="0"/>
        <line num="44" count="1" type="stmt"/>
        <line num="45" count="1" type="stmt"/>
        <line num="46" count="1" type="stmt"/>
        <line num="48" count="0" type="stmt"/>
        <line num="55" count="6" type="stmt"/>
        <line num="56" count="1" type="cond" truecount="3" falsecount="0"/>
        <line num="57" count="1" type="stmt"/>
        <line num="58" count="1" type="stmt"/>
        <line num="62" count="6" type="stmt"/>
        <line num="63" count="1" type="stmt"/>
        <line num="64" count="1" type="stmt"/>
        <line num="65" count="1" type="stmt"/>
        <line num="66" count="1" type="stmt"/>
        <line num="69" count="6" type="stmt"/>
        <line num="70" count="1" type="cond" truecount="0" falsecount="1"/>
        <line num="71" count="1" type="stmt"/>
        <line num="76" count="1" type="stmt"/>
        <line num="79" count="6" type="stmt"/>
        <line num="80" count="1" type="stmt"/>
        <line num="81" count="1" type="stmt"/>
        <line num="84" count="6" type="stmt"/>
        <line num="85" count="3" type="cond" truecount="0" falsecount="1"/>
        <line num="87" count="3" type="stmt"/>
        <line num="88" count="3" type="stmt"/>
        <line num="89" count="3" type="stmt"/>
        <line num="90" count="3" type="cond" truecount="1" falsecount="0"/>
        <line num="109" count="0" type="stmt"/>
        <line num="111" count="0" type="cond" truecount="0" falsecount="1"/>
        <line num="114" count="0" type="cond" truecount="0" falsecount="1"/>
        <line num="116" count="1" type="stmt"/>
        <line num="118" count="0" type="cond" truecount="0" falsecount="1"/>
        <line num="151" count="0" type="stmt"/>
        <line num="170" count="30" type="stmt"/>
      </file>
      <file name="message-actions.tsx" path="C:\Users\davis\Workspace\IA-AGGREGATOR\frontend\src\components\chat\message-actions.tsx">
        <metrics statements="12" coveredstatements="6" conditionals="9" coveredconditionals="2" methods="5" coveredmethods="1"/>
        <line num="3" count="1" type="stmt"/>
        <line num="4" count="1" type="stmt"/>
        <line num="5" count="1" type="stmt"/>
        <line num="15" count="1" type="stmt"/>
        <line num="16" count="1" type="stmt"/>
        <line num="18" count="1" type="stmt"/>
        <line num="19" count="0" type="stmt"/>
        <line num="20" count="0" type="stmt"/>
        <line num="21" count="0" type="stmt"/>
        <line num="22" count="0" type="stmt"/>
        <line num="49" count="0" type="stmt"/>
        <line num="61" count="0" type="stmt"/>
      </file>
      <file name="message-bubble.tsx" path="C:\Users\davis\Workspace\IA-AGGREGATOR\frontend\src\components\chat\message-bubble.tsx">
        <metrics statements="6" coveredstatements="5" conditionals="17" coveredconditionals="1" methods="1" coveredmethods="1"/>
        <line num="4" count="1" type="stmt"/>
        <line num="5" count="1" type="stmt"/>
        <line num="6" count="1" type="stmt"/>
        <line num="15" count="1" type="stmt"/>
        <line num="16" count="1" type="cond" truecount="1" falsecount="0"/>
        <line num="31" count="0" type="cond" truecount="0" falsecount="1"/>
      </file>
      <file name="message-markdown.tsx" path="C:\Users\davis\Workspace\IA-AGGREGATOR\frontend\src\components\chat\message-markdown.tsx">
        <metrics statements="7" coveredstatements="3" conditionals="5" coveredconditionals="0" methods="4" coveredmethods="0"/>
        <line num="3" count="1" type="stmt"/>
        <line num="4" count="1" type="stmt"/>
        <line num="5" count="1" type="stmt"/>
        <line num="11" count="0" type="stmt"/>
        <line num="18" count="0" type="cond" truecount="0" falsecount="2"/>
        <line num="19" count="0" type="cond" truecount="0" falsecount="2"/>
        <line num="21" count="0" type="cond" truecount="0" falsecount="1"/>
      </file>
      <file name="model-selector.tsx" path="C:\Users\davis\Workspace\IA-AGGREGATOR\frontend\src\components\chat\model-selector.tsx">
        <metrics statements="10" coveredstatements="8" conditionals="4" coveredconditionals="1" methods="4" coveredmethods="3"/>
        <line num="3" count="1" type="stmt"/>
        <line num="4" count="1" type="stmt"/>
        <line num="5" count="1" type="stmt"/>
        <line num="6" count="1" type="stmt"/>
        <line num="8" count="7" type="stmt"/>
        <line num="9" count="7" type="stmt"/>
        <line num="11" count="7" type="stmt"/>
        <line num="13" count="4" type="stmt"/>
        <line num="29" count="0" type="stmt"/>
        <line num="30" count="0" type="stmt"/>
      </file>
      <file name="prompt-categories.ts" path="C:\Users\davis\Workspace\IA-AGGREGATOR\frontend\src\components\chat\prompt-categories.ts">
        <metrics statements="1" coveredstatements="1" conditionals="0" coveredconditionals="0" methods="0" coveredmethods="0"/>
        <line num="1" count="6" type="stmt"/>
      </file>
      <file name="streaming-indicator.tsx" path="C:\Users\davis\Workspace\IA-AGGREGATOR\frontend\src\components\chat\streaming-indicator.tsx">
        <metrics statements="2" coveredstatements="2" conditionals="0" coveredconditionals="0" methods="1" coveredmethods="1"/>
        <line num="3" count="1" type="stmt"/>
        <line num="5" count="1" type="stmt"/>
      </file>
    </package>
    <package name="src.components.ui">
      <metrics statements="257" coveredstatements="132" conditionals="190" coveredconditionals="55" methods="85" coveredmethods="42"/>
      <file name="avatar.tsx" path="C:\Users\davis\Workspace\IA-AGGREGATOR\frontend\src\components\ui\avatar.tsx">
        <metrics statements="8" coveredstatements="8" conditionals="6" coveredconditionals="3" methods="2" coveredmethods="2"/>
        <line num="3" count="6" type="stmt"/>
        <line num="13" count="6" type="stmt"/>
        <line num="22" count="80" type="stmt"/>
        <line num="23" count="80" type="cond" truecount="1" falsecount="0"/>
        <line num="24" count="3" type="stmt"/>
        <line num="27" count="81" type="cond" truecount="0" falsecount="2"/>
        <line num="28" count="80" type="stmt"/>
        <line num="30" count="80" type="cond" truecount="0" falsecount="1"/>
      </file>
      <file name="button.tsx" path="C:\Users\davis\Workspace\IA-AGGREGATOR\frontend\src\components\ui\button.tsx">
        <metrics statements="6" coveredstatements="6" conditionals="2" coveredconditionals="1" methods="1" coveredmethods="1"/>
        <line num="3" count="2" type="stmt"/>
        <line num="4" count="2" type="stmt"/>
        <line num="14" count="2" type="stmt"/>
        <line num="20" count="2" type="stmt"/>
        <line num="33" count="607" type="stmt"/>
        <line num="51" count="2" type="stmt"/>
      </file>
      <file name="code-block.tsx" path="C:\Users\davis\Workspace\IA-AGGREGATOR\frontend\src\components\ui\code-block.tsx">
        <metrics statements="10" coveredstatements="3" conditionals="5" coveredconditionals="0" methods="3" coveredmethods="0"/>
        <line num="3" count="1" type="stmt"/>
        <line num="4" count="1" type="stmt"/>
        <line num="5" count="1" type="stmt"/>
        <line num="13" count="0" type="stmt"/>
        <line num="14" count="0" type="stmt"/>
        <line num="16" count="0" type="stmt"/>
        <line num="17" count="0" type="stmt"/>
        <line num="18" count="0" type="stmt"/>
        <line num="19" count="0" type="stmt"/>
        <line num="20" count="0" type="stmt"/>
      </file>
      <file name="command-palette.tsx" path="C:\Users\davis\Workspace\IA-AGGREGATOR\frontend\src\components\ui\command-palette.tsx">
        <metrics statements="128" coveredstatements="62" conditionals="50" coveredconditionals="8" methods="43" coveredmethods="23"/>
        <line num="3" count="6" type="stmt"/>
        <line num="4" count="6" type="stmt"/>
        <line num="16" count="6" type="stmt"/>
        <line num="17" count="6" type="stmt"/>
        <line num="19" count="6" type="stmt"/>
        <line num="20" count="6" type="stmt"/>
        <line num="43" count="6" type="stmt"/>
        <line num="46" count="21" type="stmt"/>
        <line num="50" count="105" type="cond" truecount="1" falsecount="0"/>
        <line num="51" count="0" type="cond" truecount="0" falsecount="4"/>
        <line num="52" count="0" type="stmt"/>
        <line num="56" count="0" type="stmt"/>
        <line num="66" count="76" type="stmt"/>
        <line num="67" count="81" type="stmt"/>
        <line num="68" count="81" type="stmt"/>
        <line num="69" count="81" type="stmt"/>
        <line num="70" count="81" type="stmt"/>
        <line num="71" count="81" type="stmt"/>
        <line num="72" count="81" type="stmt"/>
        <line num="73" count="81" type="stmt"/>
        <line num="74" count="81" type="stmt"/>
        <line num="75" count="227" type="stmt"/>
        <line num="76" count="81" type="stmt"/>
        <line num="78" count="23" type="cond" truecount="1" falsecount="1"/>
        <line num="86" count="81" type="stmt"/>
        <line num="87" count="21" type="cond" truecount="0" falsecount="1"/>
        <line num="89" count="21" type="stmt"/>
        <line num="90" count="21" type="cond" truecount="1" falsecount="0"/>
        <line num="92" count="0" type="stmt"/>
        <line num="93" count="0" type="stmt"/>
        <line num="94" count="0" type="stmt"/>
        <line num="96" count="0" type="stmt"/>
        <line num="100" count="81" type="stmt"/>
        <line num="101" count="21" type="stmt"/>
        <line num="102" count="0" type="cond" truecount="0" falsecount="4"/>
        <line num="103" count="0" type="stmt"/>
        <line num="104" count="0" type="stmt"/>
        <line num="107" count="0" type="cond" truecount="0" falsecount="1"/>
        <line num="108" count="0" type="stmt"/>
        <line num="112" count="21" type="stmt"/>
        <line num="113" count="21" type="stmt"/>
        <line num="116" count="81" type="stmt"/>
        <line num="117" count="21" type="stmt"/>
        <line num="118" count="0" type="stmt"/>
        <line num="119" count="0" type="cond" truecount="0" falsecount="3"/>
        <line num="120" count="0" type="stmt"/>
        <line num="123" count="21" type="stmt"/>
        <line num="124" count="21" type="stmt"/>
        <line num="127" count="81" type="stmt"/>
        <line num="128" count="21" type="cond" truecount="1" falsecount="0"/>
        <line num="129" count="21" type="stmt"/>
        <line num="130" count="21" type="stmt"/>
        <line num="131" count="21" type="stmt"/>
        <line num="132" count="21" type="stmt"/>
        <line num="135" count="0" type="cond" truecount="0" falsecount="1"/>
        <line num="137" count="0" type="cond" truecount="0" falsecount="1"/>
        <line num="138" count="0" type="stmt"/>
        <line num="139" count="0" type="stmt"/>
        <line num="142" count="0" type="stmt"/>
        <line num="143" count="0" type="stmt"/>
        <line num="144" count="0" type="stmt"/>
        <line num="147" count="0" type="stmt"/>
        <line num="148" count="0" type="cond" truecount="0" falsecount="3"/>
        <line num="149" count="0" type="stmt"/>
        <line num="150" count="0" type="stmt"/>
        <line num="153" count="0" type="stmt"/>
        <line num="155" count="0" type="stmt"/>
        <line num="159" count="0" type="stmt"/>
        <line num="160" count="0" type="cond" truecount="0" falsecount="1"/>
        <line num="164" count="81" type="stmt"/>
        <line num="165" count="21" type="cond" truecount="1" falsecount="0"/>
        <line num="166" count="0" type="stmt"/>
        <line num="169" count="81" type="stmt"/>
        <line num="171" count="23" type="cond" truecount="1" falsecount="1"/>
        <line num="172" count="8" type="stmt"/>
        <line num="184" count="81" type="stmt"/>
        <line num="185" count="105" type="stmt"/>
        <line num="189" count="81" type="stmt"/>
        <line num="190" count="21" type="stmt"/>
        <line num="194" count="81" type="stmt"/>
        <line num="195" count="23" type="stmt"/>
        <line num="199" count="81" type="stmt"/>
        <line num="200" count="44" type="stmt"/>
        <line num="204" count="132" type="stmt"/>
        <line num="208" count="81" type="stmt"/>
        <line num="209" count="52" type="stmt"/>
        <line num="213" count="81" type="stmt"/>
        <line num="214" count="0" type="stmt"/>
        <line num="222" count="0" type="stmt"/>
        <line num="225" count="0" type="stmt"/>
        <line num="227" count="0" type="cond" truecount="0" falsecount="1"/>
        <line num="228" count="0" type="stmt"/>
        <line num="232" count="81" type="stmt"/>
        <line num="233" count="0" type="stmt"/>
        <line num="234" count="0" type="stmt"/>
        <line num="236" count="0" type="cond" truecount="0" falsecount="1"/>
        <line num="237" count="0" type="stmt"/>
        <line num="238" count="0" type="stmt"/>
        <line num="241" count="0" type="cond" truecount="0" falsecount="4"/>
        <line num="242" count="0" type="stmt"/>
        <line num="246" count="81" type="stmt"/>
        <line num="247" count="81" type="cond" truecount="1" falsecount="0"/>
        <line num="249" count="0" type="stmt"/>
        <line num="250" count="0" type="cond" truecount="0" falsecount="1"/>
        <line num="252" count="0" type="cond" truecount="0" falsecount="1"/>
        <line num="253" count="0" type="stmt"/>
        <line num="254" count="0" type="stmt"/>
        <line num="257" count="0" type="cond" truecount="0" falsecount="1"/>
        <line num="258" count="0" type="stmt"/>
        <line num="259" count="0" type="stmt"/>
        <line num="262" count="0" type="cond" truecount="0" falsecount="1"/>
        <line num="263" count="0" type="stmt"/>
        <line num="264" count="0" type="stmt"/>
        <line num="265" count="0" type="cond" truecount="0" falsecount="1"/>
        <line num="269" count="0" type="stmt"/>
        <line num="270" count="0" type="stmt"/>
        <line num="273" count="81" type="cond" truecount="1" falsecount="0"/>
        <line num="293" count="0" type="stmt"/>
        <line num="299" count="0" type="stmt"/>
        <line num="300" count="0" type="stmt"/>
        <line num="302" count="0" type="stmt"/>
        <line num="306" count="0" type="stmt"/>
        <line num="307" count="0" type="stmt"/>
        <line num="345" count="76" type="stmt"/>
        <line num="388" count="6" type="stmt"/>
        <line num="423" count="0" type="stmt"/>
        <line num="424" count="0" type="cond" truecount="0" falsecount="1"/>
        <line num="425" count="0" type="stmt"/>
      </file>
      <file name="dropdown.tsx" path="C:\Users\davis\Workspace\IA-AGGREGATOR\frontend\src\components\ui\dropdown.tsx">
        <metrics statements="46" coveredstatements="12" conditionals="41" coveredconditionals="6" methods="13" coveredmethods="3"/>
        <line num="3" count="1" type="stmt"/>
        <line num="4" count="1" type="stmt"/>
        <line num="5" count="1" type="stmt"/>
        <line num="26" count="7" type="stmt"/>
        <line num="35" count="7" type="stmt"/>
        <line num="36" count="7" type="stmt"/>
        <line num="37" count="7" type="stmt"/>
        <line num="39" count="7" type="stmt"/>
        <line num="41" count="7" type="stmt"/>
        <line num="42" count="0" type="stmt"/>
        <line num="43" count="0" type="stmt"/>
        <line num="46" count="7" type="stmt"/>
        <line num="47" count="4" type="cond" truecount="1" falsecount="0"/>
        <line num="48" count="0" type="stmt"/>
        <line num="49" count="0" type="cond" truecount="0" falsecount="3"/>
        <line num="50" count="0" type="stmt"/>
        <line num="53" count="0" type="stmt"/>
        <line num="54" count="0" type="stmt"/>
        <line num="57" count="7" type="stmt"/>
        <line num="58" count="0" type="cond" truecount="0" falsecount="1"/>
        <line num="59" count="0" type="cond" truecount="0" falsecount="4"/>
        <line num="60" count="0" type="stmt"/>
        <line num="61" count="0" type="stmt"/>
        <line num="62" count="0" type="stmt"/>
        <line num="64" count="0" type="stmt"/>
        <line num="67" count="0" type="cond" truecount="0" falsecount="4"/>
        <line num="69" count="0" type="stmt"/>
        <line num="70" count="0" type="stmt"/>
        <line num="71" count="0" type="stmt"/>
        <line num="73" count="0" type="stmt"/>
        <line num="74" count="0" type="stmt"/>
        <line num="75" count="0" type="stmt"/>
        <line num="77" count="0" type="stmt"/>
        <line num="78" count="0" type="cond" truecount="0" falsecount="4"/>
        <line num="79" count="0" type="stmt"/>
        <line num="80" count="0" type="stmt"/>
        <line num="82" count="0" type="stmt"/>
        <line num="84" count="0" type="stmt"/>
        <line num="85" count="0" type="stmt"/>
        <line num="86" count="0" type="stmt"/>
        <line num="94" count="0" type="cond" truecount="0" falsecount="2"/>
        <line num="122" count="0" type="stmt"/>
        <line num="128" count="0" type="cond" truecount="0" falsecount="1"/>
        <line num="129" count="0" type="stmt"/>
        <line num="130" count="0" type="stmt"/>
        <line num="133" count="0" type="stmt"/>
      </file>
      <file name="filter-pill.tsx" path="C:\Users\davis\Workspace\IA-AGGREGATOR\frontend\src\components\ui\filter-pill.tsx">
        <metrics statements="2" coveredstatements="2" conditionals="4" coveredconditionals="4" methods="1" coveredmethods="1"/>
        <line num="3" count="3" type="stmt"/>
        <line num="13" count="53" type="stmt"/>
      </file>
      <file name="form-field.tsx" path="C:\Users\davis\Workspace\IA-AGGREGATOR\frontend\src\components\ui\form-field.tsx">
        <metrics statements="8" coveredstatements="7" conditionals="26" coveredconditionals="7" methods="5" coveredmethods="4"/>
        <line num="4" count="1" type="stmt"/>
        <line num="5" count="1" type="stmt"/>
        <line num="6" count="1" type="stmt"/>
        <line num="20" count="12" type="stmt"/>
        <line num="55" count="6" type="stmt"/>
        <line num="83" count="1" type="stmt"/>
        <line num="94" count="18" type="stmt"/>
        <line num="111" count="0" type="stmt"/>
      </file>
      <file name="input.tsx" path="C:\Users\davis\Workspace\IA-AGGREGATOR\frontend\src\components\ui\input.tsx">
        <metrics statements="9" coveredstatements="8" conditionals="19" coveredconditionals="7" methods="3" coveredmethods="1"/>
        <line num="3" count="1" type="stmt"/>
        <line num="4" count="1" type="stmt"/>
        <line num="5" count="1" type="stmt"/>
        <line num="12" count="12" type="stmt"/>
        <line num="14" count="12" type="stmt"/>
        <line num="15" count="12" type="stmt"/>
        <line num="16" count="12" type="cond" truecount="1" falsecount="3"/>
        <line num="44" count="0" type="stmt"/>
        <line num="61" count="1" type="stmt"/>
      </file>
      <file name="lume-logo.tsx" path="C:\Users\davis\Workspace\IA-AGGREGATOR\frontend\src\components\ui\lume-logo.tsx">
        <metrics statements="2" coveredstatements="2" conditionals="2" coveredconditionals="2" methods="1" coveredmethods="1"/>
        <line num="3" count="6" type="stmt"/>
        <line num="12" count="166" type="stmt"/>
      </file>
      <file name="radio-card-group.tsx" path="C:\Users\davis\Workspace\IA-AGGREGATOR\frontend\src\components\ui\radio-card-group.tsx">
        <metrics statements="8" coveredstatements="7" conditionals="11" coveredconditionals="8" methods="3" coveredmethods="2"/>
        <line num="4" count="1" type="stmt"/>
        <line num="5" count="1" type="stmt"/>
        <line num="23" count="1" type="stmt"/>
        <line num="29" count="12" type="stmt"/>
        <line num="39" count="42" type="stmt"/>
        <line num="40" count="42" type="stmt"/>
        <line num="42" count="42" type="stmt"/>
        <line num="48" count="0" type="stmt"/>
      </file>
      <file name="search-field.tsx" path="C:\Users\davis\Workspace\IA-AGGREGATOR\frontend\src\components\ui\search-field.tsx">
        <metrics statements="4" coveredstatements="4" conditionals="3" coveredconditionals="2" methods="2" coveredmethods="2"/>
        <line num="3" count="6" type="stmt"/>
        <line num="4" count="6" type="stmt"/>
        <line num="15" count="7" type="stmt"/>
        <line num="28" count="1" type="stmt"/>
      </file>
      <file name="sidebar-nav-item.tsx" path="C:\Users\davis\Workspace\IA-AGGREGATOR\frontend\src\components\ui\sidebar-nav-item.tsx">
        <metrics statements="5" coveredstatements="5" conditionals="5" coveredconditionals="4" methods="1" coveredmethods="1"/>
        <line num="3" count="6" type="stmt"/>
        <line num="5" count="6" type="stmt"/>
        <line num="18" count="556" type="stmt"/>
        <line num="28" count="549" type="stmt"/>
        <line num="45" count="549" type="cond" truecount="1" falsecount="0"/>
      </file>
      <file name="textarea.tsx" path="C:\Users\davis\Workspace\IA-AGGREGATOR\frontend\src\components\ui\textarea.tsx">
        <metrics statements="18" coveredstatements="4" conditionals="8" coveredconditionals="0" methods="5" coveredmethods="0"/>
        <line num="3" count="1" type="stmt"/>
        <line num="4" count="1" type="stmt"/>
        <line num="11" count="1" type="stmt"/>
        <line num="13" count="0" type="stmt"/>
        <line num="15" count="0" type="stmt"/>
        <line num="17" count="0" type="stmt"/>
        <line num="18" count="0" type="cond" truecount="0" falsecount="2"/>
        <line num="19" count="0" type="cond" truecount="0" falsecount="1"/>
        <line num="24" count="0" type="stmt"/>
        <line num="25" count="0" type="stmt"/>
        <line num="26" count="0" type="cond" truecount="0" falsecount="3"/>
        <line num="27" count="0" type="stmt"/>
        <line num="28" count="0" type="stmt"/>
        <line num="31" count="0" type="stmt"/>
        <line num="32" count="0" type="stmt"/>
        <line num="39" count="0" type="stmt"/>
        <line num="40" count="0" type="stmt"/>
        <line num="55" count="1" type="stmt"/>
      </file>
      <file name="toggle-switch.tsx" path="C:\Users\davis\Workspace\IA-AGGREGATOR\frontend\src\components\ui\toggle-switch.tsx">
        <metrics statements="3" coveredstatements="2" conditionals="8" coveredconditionals="3" methods="2" coveredmethods="1"/>
        <line num="3" count="1" type="stmt"/>
        <line num="13" count="36" type="stmt"/>
        <line num="27" count="0" type="cond" truecount="0" falsecount="2"/>
      </file>
    </package>
    <package name="src.lib">
[...]
        <line num="6" count="1" type="stmt"/>
        <line num="30" count="4" type="stmt"/>
        <line num="31" count="4" type="cond" truecount="4" falsecount="0"/>
        <line num="34" count="0" type="stmt"/>
        <line num="35" count="4" type="stmt"/>
        <line num="38" count="0" type="stmt"/>
        <line num="39" count="2" type="cond" truecount="1" falsecount="4"/>
        <line num="41" count="0" type="cond" truecount="0" falsecount="2"/>
        <line num="43" count="0" type="cond" truecount="0" falsecount="2"/>
        <line num="45" count="0" type="cond" truecount="0" falsecount="2"/>
        <line num="47" count="0" type="cond" truecount="0" falsecount="2"/>
        <line num="49" count="2" type="stmt"/>
        <line num="53" count="2" type="stmt"/>
        <line num="54" count="2" type="stmt"/>
        <line num="55" count="2" type="cond" truecount="0" falsecount="1"/>
        <line num="57" count="2" type="stmt"/>
        <line num="58" count="2" type="cond" truecount="2" falsecount="0"/>
        <line num="59" count="1" type="stmt"/>
        <line num="61" count="2" type="stmt"/>
        <line num="63" count="2" type="cond" truecount="2" falsecount="0"/>
        <line num="69" count="2" type="stmt"/>
        <line num="83" count="2" type="stmt"/>
        <line num="89" count="0" type="stmt"/>
        <line num="90" count="0" type="stmt"/>
      </file>
    </package>
    <package name="src.server.codex">
      <metrics statements="125" coveredstatements="15" conditionals="107" coveredconditionals="5" methods="26" coveredmethods="1"/>
      <file name="auth.ts" path="C:\Users\davis\Workspace\IA-AGGREGATOR\frontend\src\server\codex\auth.ts">
        <metrics statements="28" coveredstatements="1" conditionals="18" coveredconditionals="0" methods="3" coveredmethods="0"/>
        <line num="1" count="1" type="stmt"/>
        <line num="21" count="0" type="stmt"/>
        <line num="22" count="0" type="cond" truecount="0" falsecount="1"/>
        <line num="24" count="0" type="stmt"/>
        <line num="25" count="0" type="stmt"/>
        <line num="26" count="0" type="stmt"/>
        <line num="27" count="0" type="stmt"/>
        <line num="29" count="0" type="stmt"/>
        <line num="33" count="0" type="stmt"/>
        <line num="34" count="0" type="stmt"/>
        <line num="35" count="0" type="stmt"/>
        <line num="36" count="0" type="cond" truecount="0" falsecount="1"/>
        <line num="38" count="0" type="stmt"/>
        <line num="39" count="0" type="cond" truecount="0" falsecount="1"/>
        <line num="41" count="0" type="cond" truecount="0" falsecount="2"/>
        <line num="42" count="0" type="cond" truecount="0" falsecount="2"/>
        <line num="43" count="0" type="cond" truecount="0" falsecount="3"/>
        <line num="44" count="0" type="cond" truecount="0" falsecount="3"/>
        <line num="46" count="0" type="stmt"/>
        <line num="54" count="0" type="stmt"/>
        <line num="55" count="0" type="cond" truecount="0" falsecount="2"/>
        <line num="57" count="0" type="stmt"/>
        <line num="58" count="0" type="stmt"/>
        <line num="65" count="0" type="cond" truecount="0" falsecount="1"/>
        <line num="66" count="0" type="stmt"/>
        <line num="69" count="0" type="stmt"/>
        <line num="73" count="0" type="cond" truecount="0" falsecount="2"/>
        <line num="75" count="0" type="stmt"/>
      </file>
      <file name="db.ts" path="C:\Users\davis\Workspace\IA-AGGREGATOR\frontend\src\server\codex\db.ts">
        <metrics statements="5" coveredstatements="4" conditionals="5" coveredconditionals="4" methods="0" coveredmethods="0"/>
        <line num="1" count="1" type="stmt"/>
        <line num="7" count="0" type="stmt"/>
        <line num="8" count="1" type="cond" truecount="2" falsecount="0"/>
        <line num="13" count="1" type="cond" truecount="1" falsecount="0"/>
        <line num="14" count="1" type="stmt"/>
      </file>
      <file name="http.ts" path="C:\Users\davis\Workspace\IA-AGGREGATOR\frontend\src\server\codex\http.ts">
        <metrics statements="11" coveredstatements="4" conditionals="3" coveredconditionals="1" methods="3" coveredmethods="1"/>
        <line num="1" count="1" type="stmt"/>
        <line num="2" count="1" type="stmt"/>
        <line num="4" count="0" type="stmt"/>
        <line num="5" count="0" type="stmt"/>
        <line num="6" count="0" type="cond" truecount="0" falsecount="1"/>
        <line num="7" count="0" type="stmt"/>
        <line num="18" count="0" type="stmt"/>
        <line num="25" count="1" type="cond" truecount="1" falsecount="0"/>
        <line num="26" count="1" type="stmt"/>
        <line num="36" count="0" type="cond" truecount="0" falsecount="1"/>
        <line num="37" count="0" type="stmt"/>
      </file>
      <file name="seed.ts" path="C:\Users\davis\Workspace\IA-AGGREGATOR\frontend\src\server\codex\seed.ts">
        <metrics statements="50" coveredstatements="2" conditionals="27" coveredconditionals="0" methods="11" coveredmethods="0"/>
        <line num="1" count="1" type="stmt"/>
        <line num="3" count="1" type="stmt"/>
        <line num="6" count="0" type="stmt"/>
        <line num="17" count="0" type="stmt"/>
        <line num="18" count="0" type="stmt"/>
        <line num="20" count="0" type="stmt"/>
        <line num="21" count="0" type="stmt"/>
        <line num="22" count="0" type="stmt"/>
        <line num="25" count="0" type="stmt"/>
        <line num="28" count="0" type="stmt"/>
        <line num="33" count="0" type="stmt"/>
        <line num="47" count="0" type="stmt"/>
        <line num="54" count="0" type="cond" truecount="0" falsecount="4"/>
        <line num="55" count="0" type="cond" truecount="0" falsecount="2"/>
        <line num="56" count="0" type="stmt"/>
        <line num="58" count="0" type="stmt"/>
        <line num="72" count="0" type="stmt"/>
        <line num="86" count="0" type="stmt"/>
        <line num="89" count="0" type="stmt"/>
        <line num="90" count="0" type="stmt"/>
        <line num="106" count="0" type="stmt"/>
        <line num="124" count="0" type="stmt"/>
        <line num="128" count="0" type="stmt"/>
        <line num="146" count="0" type="stmt"/>
        <line num="169" count="0" type="stmt"/>
        <line num="176" count="0" type="cond" truecount="0" falsecount="1"/>
        <line num="177" count="0" type="stmt"/>
        <line num="187" count="0" type="stmt"/>
        <line num="197" count="0" type="stmt"/>
        <line num="200" count="0" type="stmt"/>
        <line num="207" count="0" type="stmt"/>
        <line num="209" count="0" type="cond" truecount="0" falsecount="1"/>
        <line num="210" count="0" type="stmt"/>
        <line num="214" count="0" type="cond" truecount="0" falsecount="1"/>
        <line num="215" count="0" type="stmt"/>
        <line num="223" count="0" type="stmt"/>
        <line num="225" count="0" type="cond" truecount="0" falsecount="1"/>
        <line num="228" count="0" type="stmt"/>
        <line num="230" count="0" type="stmt"/>
        <line num="231" count="0" type="cond" truecount="0" falsecount="2"/>
        <line num="234" count="0" type="cond" truecount="0" falsecount="1"/>
        <line num="235" count="0" type="stmt"/>
        <line num="239" count="0" type="stmt"/>
        <line num="243" count="0" type="cond" truecount="0" falsecount="1"/>
        <line num="244" count="0" type="stmt"/>
        <line num="250" count="0" type="stmt"/>
        <line num="254" count="0" type="cond" truecount="0" falsecount="2"/>
        <line num="257" count="0" type="stmt"/>
        <line num="258" count="0" type="stmt"/>
        <line num="263" count="0" type="stmt"/>
      </file>
      <file name="session-context.ts" path="C:\Users\davis\Workspace\IA-AGGREGATOR\frontend\src\server\codex\session-context.ts">
        <metrics statements="31" coveredstatements="4" conditionals="54" coveredconditionals="0" methods="9" coveredmethods="0"/>
        <line num="1" count="1" type="stmt"/>
        <line num="11" count="1" type="stmt"/>
        <line num="12" count="1" type="stmt"/>
        <line num="13" count="1" type="stmt"/>
        <line num="16" count="0" type="stmt"/>
        <line num="26" count="0" type="stmt"/>
        <line num="46" count="0" type="stmt"/>
        <line num="56" count="0" type="stmt"/>
        <line num="57" count="0" type="stmt"/>
        <line num="58" count="0" type="cond" truecount="0" falsecount="2"/>
        <line num="61" count="0" type="stmt"/>
        <line num="62" count="0" type="stmt"/>
        <line num="63" count="0" type="cond" truecount="0" falsecount="1"/>
        <line num="65" count="0" type="stmt"/>
        <line num="66" count="0" type="stmt"/>
        <line num="67" count="0" type="cond" truecount="0" falsecount="2"/>
        <line num="68" count="0" type="stmt"/>
        <line num="76" count="0" type="stmt"/>
        <line num="82" count="0" type="stmt"/>
        <line num="83" count="0" type="stmt"/>
        <line num="96" count="0" type="stmt"/>
        <line num="104" count="0" type="stmt"/>
        <line num="105" count="0" type="stmt"/>
        <line num="109" count="0" type="cond" truecount="0" falsecount="1"/>
        <line num="110" count="0" type="stmt"/>
        <line num="113" count="0" type="stmt"/>
        <line num="135" count="0" type="stmt"/>
        <line num="136" count="0" type="stmt"/>
        <line num="137" count="0" type="stmt"/>
        <line num="140" count="0" type="stmt"/>
        <line num="146" count="0" type="stmt"/>
      </file>
    </package>
    <package name="src.stores">
      <metrics statements="153" coveredstatements="79" conditionals="92" coveredconditionals="34" methods="69" coveredmethods="35"/>
      <file name="auth-store.ts" path="C:\Users\davis\Workspace\IA-AGGREGATOR\frontend\src\stores\auth-store.ts">
        <metrics statements="29" coveredstatements="3" conditionals="14" coveredconditionals="0" methods="6" coveredmethods="1"/>
        <line num="1" count="1" type="stmt"/>
        <line num="28" count="1" type="stmt"/>
        <line num="37" count="0" type="stmt"/>
        <line num="42" count="0" type="cond" truecount="0" falsecount="1"/>
        <line num="43" count="0" type="stmt"/>
        <line num="46" count="0" type="stmt"/>
        <line num="47" count="0" type="cond" truecount="0" falsecount="4"/>
        <line num="48" count="0" type="cond" truecount="0" falsecount="2"/>
        <line num="51" count="0" type="stmt"/>
        <line num="54" count="8" type="stmt"/>
        <line num="59" count="0" type="stmt"/>
        <line num="61" count="0" type="stmt"/>
        <line num="62" count="0" type="stmt"/>
        <line num="64" count="0" type="cond" truecount="0" falsecount="1"/>
        <line num="65" count="0" type="stmt"/>
        <line num="69" count="0" type="stmt"/>
        <line num="72" count="0" type="stmt"/>
        <line num="81" count="0" type="stmt"/>
        <line num="89" count="0" type="stmt"/>
        <line num="90" count="0" type="cond" truecount="0" falsecount="3"/>
        <line num="91" count="0" type="stmt"/>
        <line num="94" count="0" type="stmt"/>
        <line num="103" count="0" type="cond" truecount="0" falsecount="1"/>
        <line num="104" count="0" type="stmt"/>
        <line num="105" count="0" type="cond" truecount="0" falsecount="2"/>
        <line num="108" count="0" type="stmt"/>
        <line num="112" count="0" type="stmt"/>
        <line num="113" count="0" type="stmt"/>
        <line num="118" count="0" type="stmt"/>
      </file>
      <file name="chat-store.ts" path="C:\Users\davis\Workspace\IA-AGGREGATOR\frontend\src\stores\chat-store.ts">
        <metrics statements="86" coveredstatements="50" conditionals="63" coveredconditionals="31" methods="43" coveredmethods="21"/>
        <line num="1" count="5" type="stmt"/>
        <line num="2" count="5" type="stmt"/>
        <line num="61" count="5" type="stmt"/>
        <line num="64" count="8" type="stmt"/>
        <line num="65" count="0" type="cond" truecount="0" falsecount="3"/>
        <line num="66" count="0" type="stmt"/>
        <line num="71" count="2" type="stmt"/>
        <line num="86" count="5" type="stmt"/>
        <line num="98" count="7" type="stmt"/>
        <line num="99" count="7" type="cond" truecount="3" falsecount="1"/>
        <line num="100" count="0" type="cond" truecount="0" falsecount="2"/>
        <line num="102" count="7" type="stmt"/>
        <line num="106" count="6" type="stmt"/>
        <line num="115" count="6" type="stmt"/>
        <line num="124" count="4" type="stmt"/>
        <line num="126" count="2" type="stmt"/>
        <line num="129" count="4" type="cond" truecount="1" falsecount="1"/>
        <line num="131" count="4" type="cond" truecount="1" falsecount="1"/>
        <line num="134" count="4" type="stmt"/>
        <line num="141" count="163" type="stmt"/>
        <line num="153" count="3" type="stmt"/>
        <line num="154" count="3" type="stmt"/>
        <line num="155" count="3" type="cond" truecount="2" falsecount="0"/>
        <line num="156" count="3" type="stmt"/>
        <line num="158" count="3" type="stmt"/>
        <line num="160" count="3" type="cond" truecount="2" falsecount="2"/>
        <line num="161" count="0" type="stmt"/>
        <line num="165" count="3" type="cond" truecount="2" falsecount="0"/>
        <line num="168" count="3" type="stmt"/>
        <line num="176" count="0" type="stmt"/>
        <line num="186" count="1" type="stmt"/>
        <line num="190" count="0" type="cond" truecount="0" falsecount="2"/>
        <line num="197" count="1" type="stmt"/>
        <line num="198" count="1" type="cond" truecount="1" falsecount="0"/>
        <line num="200" count="0" type="stmt"/>
        <line num="205" count="0" type="stmt"/>
        <line num="206" count="0" type="stmt"/>
        <line num="213" count="0" type="stmt"/>
        <line num="217" count="2" type="stmt"/>
        <line num="218" count="2" type="stmt"/>
        <line num="223" count="2" type="stmt"/>
        <line num="224" count="2" type="stmt"/>
        <line num="225" count="2" type="stmt"/>
        <line num="229" count="0" type="stmt"/>
        <line num="230" count="0" type="stmt"/>
        <line num="231" count="0" type="stmt"/>
        <line num="238" count="0" type="stmt"/>
        <line num="242" count="0" type="stmt"/>
        <line num="243" count="0" type="stmt"/>
        <line num="247" count="0" type="stmt"/>
        <line num="248" count="0" type="cond" truecount="0" falsecount="1"/>
        <line num="250" count="0" type="stmt"/>
        <line num="254" count="0" type="stmt"/>
        <line num="255" count="0" type="stmt"/>
        <line num="259" count="1" type="stmt"/>
        <line num="263" count="1" type="stmt"/>
        <line num="264" count="1" type="stmt"/>
        <line num="268" count="1" type="stmt"/>
        <line num="269" count="1" type="cond" truecount="0" falsecount="1"/>
        <line num="271" count="1" type="stmt"/>
        <line num="272" count="1" type="cond" truecount="1" falsecount="0"/>
        <line num="273" count="1" type="stmt"/>
        <line num="276" count="1" type="stmt"/>
        <line num="277" count="1" type="stmt"/>
        <line num="279" count="1" type="cond" truecount="1" falsecount="1"/>
        <line num="282" count="1" type="stmt"/>
        <line num="289" count="1" type="stmt"/>
        <line num="290" count="1" type="stmt"/>
        <line num="304" count="1" type="stmt"/>
        <line num="305" count="1" type="stmt"/>
        <line num="307" count="1" type="stmt"/>
        <line num="316" count="0" type="cond" truecount="0" falsecount="4"/>
        <line num="319" count="0" type="cond" truecount="0" falsecount="1"/>
        <line num="320" count="0" type="stmt"/>
        <line num="323" count="0" type="stmt"/>
        <line num="330" count="0" type="cond" truecount="0" falsecount="1"/>
        <line num="331" count="0" type="stmt"/>
        <line num="337" count="0" type="stmt"/>
        <line num="338" count="0" type="stmt"/>
        <line num="347" count="0" type="stmt"/>
        <line num="351" count="0" type="stmt"/>
        <line num="352" count="0" type="stmt"/>
        <line num="353" count="0" type="stmt"/>
        <line num="356" count="0" type="cond" truecount="0" falsecount="4"/>
        <line num="358" count="0" type="cond" truecount="0" falsecount="2"/>
        <line num="361" count="0" type="stmt"/>
      </file>
      <file name="theme-store.ts" path="C:\Users\davis\Workspace\IA-AGGREGATOR\frontend\src\stores\theme-store.ts">
        <metrics statements="24" coveredstatements="15" conditionals="15" coveredconditionals="3" methods="7" coveredmethods="4"/>
        <line num="1" count="6" type="stmt"/>
        <line num="2" count="6" type="stmt"/>
        <line num="15" count="6" type="stmt"/>
        <line num="16" count="0" type="cond" truecount="0" falsecount="1"/>
        <line num="17" count="0" type="cond" truecount="0" falsecount="2"/>
        <line num="20" count="6" type="stmt"/>
        <line num="24" count="6" type="cond" truecount="0" falsecount="1"/>
        <line num="25" count="6" type="stmt"/>
        <line num="26" count="6" type="stmt"/>
        <line num="29" count="184" type="stmt"/>
        <line num="31" count="6" type="stmt"/>
        <line num="37" count="0" type="cond" truecount="0" falsecount="2"/>
        <line num="38" count="0" type="stmt"/>
        <line num="39" count="0" type="stmt"/>
        <line num="42" count="0" type="stmt"/>
        <line num="44" count="0" type="cond" truecount="0" falsecount="2"/>
        <line num="45" count="0" type="stmt"/>
        <line num="46" count="0" type="stmt"/>
        <line num="51" count="6" type="stmt"/>
        <line num="52" count="6" type="cond" truecount="0" falsecount="1"/>
        <line num="54" count="6" type="cond" truecount="1" falsecount="1"/>
        <line num="55" count="6" type="cond" truecount="1" falsecount="1"/>
        <line num="56" count="6" type="stmt"/>
        <line num="57" count="6" type="cond" truecount="1" falsecount="1"/>
      </file>
      <file name="toast-store.ts" path="C:\Users\davis\Workspace\IA-AGGREGATOR\frontend\src\stores\toast-store.ts">
        <metrics statements="14" coveredstatements="11" conditionals="0" coveredconditionals="0" methods="13" coveredmethods="9"/>
        <line num="1" count="7" type="stmt"/>
        <line num="18" count="7" type="stmt"/>
        <line num="20" count="7" type="stmt"/>
        <line num="23" count="3" type="stmt"/>
        <line num="24" count="3" type="stmt"/>
        <line num="28" count="3" type="stmt"/>
        <line num="29" count="1" type="stmt"/>
        <line num="32" count="3" type="stmt"/>
        <line num="35" count="0" type="stmt"/>
        <line num="36" count="0" type="stmt"/>
        <line num="40" count="7" type="stmt"/>
        <line num="42" count="1" type="stmt"/>
        <line num="44" count="2" type="stmt"/>
        <line num="46" count="0" type="stmt"/>
      </file>
    </package>
    <package name="test.mocks">
      <metrics statements="3" coveredstatements="0" conditionals="0" coveredconditionals="0" methods="2" coveredmethods="0"/>
      <file name="react-markdown.tsx" path="C:\Users\davis\Workspace\IA-AGGREGATOR\frontend\test\mocks\react-markdown.tsx">
        <metrics statements="1" coveredstatements="0" conditionals="0" coveredconditionals="0" methods="1" coveredmethods="0"/>
        <line num="7" count="0" type="stmt"/>
      </file>
      <file name="remark-gfm.ts" path="C:\Users\davis\Workspace\IA-AGGREGATOR\frontend\test\mocks\remark-gfm.ts">
        <metrics statements="2" coveredstatements="0" conditionals="0" coveredconditionals="0" methods="1" coveredmethods="0"/>
        <line num="1" count="0" type="stmt"/>
        <line num="2" count="0" type="stmt"/>
      </file>
    </package>
  </project>
</coverage>
