{"C:\\Users\\davis\\Workspace\\IA-AGGREGATOR\\frontend\\src\\app\\api\\v1\\ai\\chat\\route.ts": {"path":"C:\\Users\\davis\\Workspace\\IA-AGGREGATOR\\frontend\\src\\app\\api\\v1\\ai\\chat\\route.ts","statementMap":{"0":{"start":{"line":18,"column":22},"end":{"line":18,"column":27}},"1":{"start":{"line":5,"column":13},"end":{"line":5,"column":23}},"2":{"start":{"line":1,"column":18},"end":{"line":1,"column":null}},"3":{"start":{"line":2,"column":34},"end":{"line":2,"column":null}},"4":{"start":{"line":3,"column":25},"end":{"line":3,"column":null}},"5":{"start":{"line":5,"column":23},"end":{"line":5,"column":null}},"6":{"start":{"line":7,"column":19},"end":{"line":16,"column":null}},"7":{"start":{"line":19,"column":17},"end":{"line":19,"column":null}},"8":{"start":{"line":20,"column":2},"end":{"line":22,"column":null}},"9":{"start":{"line":21,"column":4},"end":{"line":21,"column":null}},"10":{"start":{"line":24,"column":2},"end":{"line":32,"column":null}},"11":{"start":{"line":25,"column":19},"end":{"line":25,"column":null}},"12":{"start":{"line":26,"column":4},"end":{"line":26,"column":null}},"13":{"start":{"line":28,"column":4},"end":{"line":30,"column":null}}},"fnMap":{"0":{"name":"POST","decl":{"start":{"line":18,"column":22},"end":{"line":18,"column":27}},"loc":{"start":{"line":18,"column":43},"end":{"line":33,"column":null}}}},"branchMap":{"0":{"loc":{"start":{"line":20,"column":2},"end":{"line":22,"column":null}},"type":"if","locations":[{"start":{"line":20,"column":2},"end":{"line":22,"column":null}}]},"1":{"loc":{"start":{"line":29,"column":6},"end":{"line":29,"column":null}},"type":"cond-expr","locations":[{"start":{"line":29,"column":31},"end":{"line":29,"column":44}},{"start":{"line":29,"column":47},"end":{"line":29,"column":null}}]}},"s":{"0":1,"1":0,"2":1,"3":1,"4":1,"5":1,"6":1,"7":1,"8":1,"9":0,"10":1,"11":1,"12":1,"13":0},"f":{"0":1},"b":{"0":[0],"1":[0,0]}}
,"C:\\Users\\davis\\Workspace\\IA-AGGREGATOR\\frontend\\src\\app\\billing\\page.tsx": {"path":"C:\\Users\\davis\\Workspace\\IA-AGGREGATOR\\frontend\\src\\app\\billing\\page.tsx","statementMap":{"0":{"start":{"line":44,"column":24},"end":{"line":44,"column":null}},"1":{"start":{"line":3,"column":19},"end":{"line":3,"column":null}},"2":{"start":{"line":4,"column":26},"end":{"line":4,"column":null}},"3":{"start":{"line":5,"column":36},"end":{"line":5,"column":null}},"4":{"start":{"line":6,"column":32},"end":{"line":6,"column":null}},"5":{"start":{"line":14,"column":7},"end":{"line":14,"column":null}},"6":{"start":{"line":45,"column":12},"end":{"line":45,"column":null}},"7":{"start":{"line":46,"column":26},"end":{"line":46,"column":null}},"8":{"start":{"line":47,"column":32},"end":{"line":47,"column":null}},"9":{"start":{"line":48,"column":28},"end":{"line":48,"column":null}},"10":{"start":{"line":50,"column":22},"end":{"line":65,"column":null}},"11":{"start":{"line":51,"column":4},"end":{"line":51,"column":null}},"12":{"start":{"line":52,"column":4},"end":{"line":52,"column":null}},"13":{"start":{"line":53,"column":4},"end":{"line":64,"column":null}},"14":{"start":{"line":54,"column":23},"end":{"line":54,"column":null}},"15":{"start":{"line":55,"column":23},"end":{"line":55,"column":null}},"16":{"start":{"line":56,"column":6},"end":{"line":58,"column":null}},"17":{"start":{"line":57,"column":8},"end":{"line":57,"column":null}},"18":{"start":{"line":59,"column":6},"end":{"line":59,"column":null}},"19":{"start":{"line":61,"column":6},"end":{"line":61,"column":null}},"20":{"start":{"line":63,"column":6},"end":{"line":63,"column":null}},"21":{"start":{"line":67,"column":2},"end":{"line":70,"column":null}},"22":{"start":{"line":68,"column":4},"end":{"line":68,"column":null}},"23":{"start":{"line":72,"column":16},"end":{"line":72,"column":33}},"24":{"start":{"line":73,"column":23},"end":{"line":73,"column":47}},"25":{"start":{"line":74,"column":21},"end":{"line":74,"column":null}},"26":{"start":{"line":75,"column":23},"end":{"line":75,"column":null}},"27":{"start":{"line":76,"column":14},"end":{"line":76,"column":null}},"28":{"start":{"line":77,"column":25},"end":{"line":77,"column":null}},"29":{"start":{"line":78,"column":26},"end":{"line":78,"column":null}},"30":{"start":{"line":79,"column":20},"end":{"line":79,"column":null}},"31":{"start":{"line":79,"column":59},"end":{"line":79,"column":67}},"32":{"start":{"line":162,"column":20},"end":{"line":162,"column":40}},"33":{"start":{"line":182,"column":18},"end":{"line":183,"column":null}},"34":{"start":{"line":201,"column":24},"end":{"line":201,"column":36}}},"fnMap":{"0":{"name":"BillingPage","decl":{"start":{"line":44,"column":24},"end":{"line":44,"column":null}},"loc":{"start":{"line":44,"column":24},"end":{"line":225,"column":null}}},"1":{"name":"(anonymous_2)","decl":{"start":{"line":50,"column":22},"end":{"line":50,"column":null}},"loc":{"start":{"line":50,"column":22},"end":{"line":65,"column":null}}},"2":{"name":"(anonymous_3)","decl":{"start":{"line":67,"column":12},"end":{"line":67,"column":null}},"loc":{"start":{"line":67,"column":12},"end":{"line":70,"column":5}}},"3":{"name":"(anonymous_4)","decl":{"start":{"line":79,"column":52},"end":{"line":79,"column":53}},"loc":{"start":{"line":79,"column":59},"end":{"line":79,"column":67}}},"4":{"name":"(anonymous_5)","decl":{"start":{"line":161,"column":36},"end":{"line":161,"column":37}},"loc":{"start":{"line":162,"column":20},"end":{"line":162,"column":40}}},"5":{"name":"(anonymous_6)","decl":{"start":{"line":181,"column":27},"end":{"line":181,"column":28}},"loc":{"start":{"line":182,"column":18},"end":{"line":183,"column":null}}},"6":{"name":"(anonymous_7)","decl":{"start":{"line":200,"column":41},"end":{"line":200,"column":42}},"loc":{"start":{"line":201,"column":24},"end":{"line":201,"column":36}}}},"branchMap":{"0":{"loc":{"start":{"line":56,"column":6},"end":{"line":58,"column":null}},"type":"if","locations":[{"start":{"line":56,"column":6},"end":{"line":58,"column":null}}]},"1":{"loc":{"start":{"line":56,"column":10},"end":{"line":56,"column":59}},"type":"binary-expr","locations":[{"start":{"line":56,"column":10},"end":{"line":56,"column":22}},{"start":{"line":56,"column":26},"end":{"line":56,"column":42}},{"start":{"line":56,"column":46},"end":{"line":56,"column":59}}]},"2":{"loc":{"start":{"line":57,"column":24},"end":{"line":57,"column":null}},"type":"binary-expr","locations":[{"start":{"line":57,"column":24},"end":{"line":57,"column":39}},{"start":{"line":57,"column":43},"end":{"line":57,"column":null}}]},"3":{"loc":{"start":{"line":61,"column":15},"end":{"line":61,"column":null}},"type":"cond-expr","locations":[{"start":{"line":61,"column":38},"end":{"line":61,"column":49}},{"start":{"line":61,"column":52},"end":{"line":61,"column":null}}]},"4":{"loc":{"start":{"line":72,"column":16},"end":{"line":72,"column":33}},"type":"binary-expr","locations":[{"start":{"line":72,"column":16},"end":{"line":72,"column":31}},{"start":{"line":72,"column":31},"end":{"line":72,"column":33}}]},"5":{"loc":{"start":{"line":73,"column":23},"end":{"line":73,"column":47}},"type":"binary-expr","locations":[{"start":{"line":73,"column":23},"end":{"line":73,"column":45}},{"start":{"line":73,"column":45},"end":{"line":73,"column":47}}]},"6":{"loc":{"start":{"line":74,"column":21},"end":{"line":74,"column":null}},"type":"binary-expr","locations":[{"start":{"line":74,"column":21},"end":{"line":74,"column":49}},{"start":{"line":74,"column":49},"end":{"line":74,"column":null}}]},"7":{"loc":{"start":{"line":75,"column":23},"end":{"line":75,"column":null}},"type":"binary-expr","locations":[{"start":{"line":75,"column":23},"end":{"line":75,"column":53}},{"start":{"line":75,"column":53},"end":{"line":75,"column":null}}]},"8":{"loc":{"start":{"line":76,"column":14},"end":{"line":76,"column":null}},"type":"binary-expr","locations":[{"start":{"line":76,"column":14},"end":{"line":76,"column":35}},{"start":{"line":76,"column":35},"end":{"line":76,"column":null}}]},"9":{"loc":{"start":{"line":77,"column":25},"end":{"line":77,"column":null}},"type":"binary-expr","locations":[{"start":{"line":77,"column":25},"end":{"line":77,"column":57}},{"start":{"line":77,"column":57},"end":{"line":77,"column":null}}]},"10":{"loc":{"start":{"line":78,"column":26},"end":{"line":78,"column":null}},"type":"binary-expr","locations":[{"start":{"line":78,"column":26},"end":{"line":78,"column":59}},{"start":{"line":78,"column":59},"end":{"line":78,"column":null}}]},"11":{"loc":{"start":{"line":90,"column":10},"end":{"line":97,"column":null}},"type":"cond-expr","locations":[{"start":{"line":90,"column":10},"end":{"line":97,"column":null}}]},"12":{"loc":{"start":{"line":98,"column":10},"end":{"line":108,"column":null}},"type":"cond-expr","locations":[{"start":{"line":98,"column":10},"end":{"line":108,"column":null}}]},"13":{"loc":{"start":{"line":119,"column":19},"end":{"line":119,"column":null}},"type":"cond-expr","locations":[{"start":{"line":119,"column":36},"end":{"line":119,"column":72}},{"start":{"line":119,"column":75},"end":{"line":119,"column":null}}]},"14":{"loc":{"start":{"line":135,"column":18},"end":{"line":139,"column":19}},"type":"cond-expr","locations":[{"start":{"line":135,"column":18},"end":{"line":139,"column":19}}]},"15":{"loc":{"start":{"line":151,"column":23},"end":{"line":151,"column":null}},"type":"cond-expr","locations":[{"start":{"line":151,"column":40},"end":{"line":151,"column":86}},{"start":{"line":151,"column":89},"end":{"line":151,"column":null}}]},"16":{"loc":{"start":{"line":152,"column":23},"end":{"line":152,"column":null}},"type":"cond-expr","locations":[{"start":{"line":152,"column":42},"end":{"line":152,"column":119}},{"start":{"line":152,"column":122},"end":{"line":152,"column":null}}]},"17":{"loc":{"start":{"line":157,"column":13},"end":{"line":157,"column":null}},"type":"binary-expr","locations":[{"start":{"line":157,"column":13},"end":{"line":157,"column":null}}]},"18":{"loc":{"start":{"line":186,"column":22},"end":{"line":188,"column":null}},"type":"cond-expr","locations":[{"start":{"line":187,"column":26},"end":{"line":187,"column":null}},{"start":{"line":188,"column":26},"end":{"line":188,"column":null}}]},"19":{"loc":{"start":{"line":191,"column":21},"end":{"line":191,"column":33}},"type":"binary-expr","locations":[{"start":{"line":191,"column":21},"end":{"line":191,"column":33}}]},"20":{"loc":{"start":{"line":208,"column":22},"end":{"line":212,"column":23}},"type":"cond-expr","locations":[{"start":{"line":208,"column":22},"end":{"line":212,"column":23}}]},"21":{"loc":{"start":{"line":213,"column":25},"end":{"line":213,"column":null}},"type":"cond-expr","locations":[{"start":{"line":213,"column":52},"end":{"line":213,"column":73}},{"start":{"line":213,"column":73},"end":{"line":213,"column":null}}]}},"s":{"0":1,"1":1,"2":1,"3":1,"4":1,"5":1,"6":2,"7":2,"8":2,"9":2,"10":2,"11":1,"12":1,"13":1,"14":1,"15":1,"16":1,"17":0,"18":1,"19":0,"20":1,"21":2,"22":1,"23":2,"24":2,"25":2,"26":2,"27":2,"28":2,"29":2,"30":2,"31":2,"32":2,"33":2,"34":2},"f":{"0":2,"1":1,"2":1,"3":2,"4":2,"5":2,"6":2},"b":{"0":[0],"1":[1,1,1],"2":[0,0],"3":[0,0],"4":[2,1],"5":[2,1],"6":[2,1],"7":[2,1],"8":[2,1],"9":[2,1],"10":[2,1],"11":[1],"12":[0],"13":[1,0],"14":[0],"15":[1,0],"16":[1,0],"17":[1],"18":[1,1],"19":[2],"20":[1],"21":[0,1]}}
,"C:\\Users\\davis\\Workspace\\IA-AGGREGATOR\\frontend\\src\\app\\chat\\page.tsx": {"path":"C:\\Users\\davis\\Workspace\\IA-AGGREGATOR\\frontend\\src\\app\\chat\\page.tsx","statementMap":{"0":{"start":{"line":86,"column":24},"end":{"line":86,"column":null}},"1":{"start":{"line":3,"column":36},"end":{"line":3,"column":null}},"2":{"start":{"line":4,"column":32},"end":{"line":4,"column":null}},"3":{"start":{"line":5,"column":29},"end":{"line":5,"column":null}},"4":{"start":{"line":6,"column":29},"end":{"line":6,"column":null}},"5":{"start":{"line":7,"column":27},"end":{"line":7,"column":null}},"6":{"start":{"line":8,"column":28},"end":{"line":8,"column":null}},"7":{"start":{"line":9,"column":29},"end":{"line":9,"column":null}},"8":{"start":{"line":10,"column":26},"end":{"line":10,"column":null}},"9":{"start":{"line":11,"column":27},"end":{"line":11,"column":null}},"10":{"start":{"line":14,"column":20},"end":{"line":14,"column":null}},"11":{"start":{"line":14,"column":44},"end":{"line":14,"column":59}},"12":{"start":{"line":15,"column":24},"end":{"line":15,"column":null}},"13":{"start":{"line":15,"column":48},"end":{"line":15,"column":67}},"14":{"start":{"line":16,"column":31},"end":{"line":16,"column":null}},"15":{"start":{"line":16,"column":55},"end":{"line":16,"column":81}},"16":{"start":{"line":17,"column":29},"end":{"line":17,"column":null}},"17":{"start":{"line":17,"column":53},"end":{"line":17,"column":77}},"18":{"start":{"line":18,"column":28},"end":{"line":18,"column":null}},"19":{"start":{"line":18,"column":52},"end":{"line":18,"column":75}},"20":{"start":{"line":19,"column":32},"end":{"line":19,"column":null}},"21":{"start":{"line":19,"column":56},"end":{"line":19,"column":83}},"22":{"start":{"line":20,"column":19},"end":{"line":20,"column":null}},"23":{"start":{"line":20,"column":43},"end":{"line":20,"column":57}},"24":{"start":{"line":21,"column":23},"end":{"line":21,"column":null}},"25":{"start":{"line":23,"column":29},"end":{"line":23,"column":null}},"26":{"start":{"line":23,"column":55},"end":{"line":23,"column":null}},"27":{"start":{"line":24,"column":22},"end":{"line":24,"column":null}},"28":{"start":{"line":25,"column":24},"end":{"line":25,"column":null}},"29":{"start":{"line":26,"column":25},"end":{"line":26,"column":null}},"30":{"start":{"line":28,"column":2},"end":{"line":30,"column":null}},"31":{"start":{"line":29,"column":4},"end":{"line":29,"column":null}},"32":{"start":{"line":33,"column":2},"end":{"line":42,"column":null}},"33":{"start":{"line":34,"column":20},"end":{"line":39,"column":null}},"34":{"start":{"line":35,"column":6},"end":{"line":38,"column":null}},"35":{"start":{"line":36,"column":8},"end":{"line":36,"column":null}},"36":{"start":{"line":37,"column":8},"end":{"line":37,"column":null}},"37":{"start":{"line":40,"column":4},"end":{"line":40,"column":null}},"38":{"start":{"line":41,"column":4},"end":{"line":41,"column":null}},"39":{"start":{"line":41,"column":17},"end":{"line":41,"column":null}},"40":{"start":{"line":44,"column":2},"end":{"line":48,"column":null}},"41":{"start":{"line":45,"column":4},"end":{"line":45,"column":null}},"42":{"start":{"line":45,"column":25},"end":{"line":45,"column":null}},"43":{"start":{"line":46,"column":4},"end":{"line":46,"column":null}},"44":{"start":{"line":46,"column":46},"end":{"line":46,"column":83}},"45":{"start":{"line":46,"column":83},"end":{"line":46,"column":null}},"46":{"start":{"line":47,"column":4},"end":{"line":47,"column":null}},"47":{"start":{"line":50,"column":2},"end":{"line":58,"column":null}},"48":{"start":{"line":51,"column":4},"end":{"line":51,"column":null}},"49":{"start":{"line":51,"column":57},"end":{"line":51,"column":null}},"50":{"start":{"line":53,"column":19},"end":{"line":53,"column":null}},"51":{"start":{"line":57,"column":4},"end":{"line":57,"column":null}},"52":{"start":{"line":60,"column":2},"end":{"line":70,"column":null}}},"fnMap":{"0":{"name":"ChatPageContent","decl":{"start":{"line":13,"column":9},"end":{"line":13,"column":null}},"loc":{"start":{"line":13,"column":9},"end":{"line":84,"column":null}}},"1":{"name":"(anonymous_2)","decl":{"start":{"line":14,"column":33},"end":{"line":14,"column":34}},"loc":{"start":{"line":14,"column":44},"end":{"line":14,"column":59}}},"2":{"name":"(anonymous_3)","decl":{"start":{"line":15,"column":37},"end":{"line":15,"column":38}},"loc":{"start":{"line":15,"column":48},"end":{"line":15,"column":67}}},"3":{"name":"(anonymous_4)","decl":{"start":{"line":16,"column":44},"end":{"line":16,"column":45}},"loc":{"start":{"line":16,"column":55},"end":{"line":16,"column":81}}},"4":{"name":"(anonymous_5)","decl":{"start":{"line":17,"column":42},"end":{"line":17,"column":43}},"loc":{"start":{"line":17,"column":53},"end":{"line":17,"column":77}}},"5":{"name":"(anonymous_6)","decl":{"start":{"line":18,"column":41},"end":{"line":18,"column":42}},"loc":{"start":{"line":18,"column":52},"end":{"line":18,"column":75}}},"6":{"name":"(anonymous_7)","decl":{"start":{"line":19,"column":45},"end":{"line":19,"column":46}},"loc":{"start":{"line":19,"column":56},"end":{"line":19,"column":83}}},"7":{"name":"(anonymous_8)","decl":{"start":{"line":20,"column":32},"end":{"line":20,"column":33}},"loc":{"start":{"line":20,"column":43},"end":{"line":20,"column":57}}},"8":{"name":"(anonymous_9)","decl":{"start":{"line":23,"column":48},"end":{"line":23,"column":49}},"loc":{"start":{"line":23,"column":55},"end":{"line":23,"column":null}}},"9":{"name":"(anonymous_10)","decl":{"start":{"line":28,"column":12},"end":{"line":28,"column":null}},"loc":{"start":{"line":28,"column":12},"end":{"line":30,"column":5}}},"10":{"name":"(anonymous_11)","decl":{"start":{"line":33,"column":12},"end":{"line":33,"column":null}},"loc":{"start":{"line":33,"column":12},"end":{"line":42,"column":5}}},"11":{"name":"(anonymous_12)","decl":{"start":{"line":34,"column":20},"end":{"line":34,"column":21}},"loc":{"start":{"line":34,"column":21},"end":{"line":39,"column":null}}},"12":{"name":"(anonymous_13)","decl":{"start":{"line":41,"column":11},"end":{"line":41,"column":17}},"loc":{"start":{"line":41,"column":17},"end":{"line":41,"column":null}}},"13":{"name":"(anonymous_14)","decl":{"start":{"line":44,"column":12},"end":{"line":44,"column":null}},"loc":{"start":{"line":44,"column":12},"end":{"line":48,"column":5}}},"14":{"name":"(anonymous_15)","decl":{"start":{"line":46,"column":28},"end":{"line":46,"column":29}},"loc":{"start":{"line":46,"column":46},"end":{"line":46,"column":83}}},"15":{"name":"(anonymous_16)","decl":{"start":{"line":50,"column":12},"end":{"line":50,"column":null}},"loc":{"start":{"line":50,"column":12},"end":{"line":58,"column":5}}},"16":{"name":"ChatPage","decl":{"start":{"line":86,"column":24},"end":{"line":86,"column":null}},"loc":{"start":{"line":86,"column":24},"end":{"line":102,"column":null}}}},"branchMap":{"0":{"loc":{"start":{"line":24,"column":22},"end":{"line":24,"column":null}},"type":"binary-expr","locations":[{"start":{"line":24,"column":22},"end":{"line":24,"column":44}},{"start":{"line":24,"column":44},"end":{"line":24,"column":null}}]},"1":{"loc":{"start":{"line":35,"column":6},"end":{"line":38,"column":null}},"type":"if","locations":[{"start":{"line":35,"column":6},"end":{"line":38,"column":null}}]},"2":{"loc":{"start":{"line":35,"column":10},"end":{"line":35,"column":67}},"type":"binary-expr","locations":[{"start":{"line":35,"column":11},"end":{"line":35,"column":20}},{"start":{"line":35,"column":24},"end":{"line":35,"column":32}},{"start":{"line":35,"column":38},"end":{"line":35,"column":67}}]},"3":{"loc":{"start":{"line":45,"column":4},"end":{"line":45,"column":null}},"type":"if","locations":[{"start":{"line":45,"column":4},"end":{"line":45,"column":null}}]},"4":{"loc":{"start":{"line":46,"column":4},"end":{"line":46,"column":null}},"type":"if","locations":[{"start":{"line":46,"column":4},"end":{"line":46,"column":null}}]},"5":{"loc":{"start":{"line":51,"column":4},"end":{"line":51,"column":null}},"type":"if","locations":[{"start":{"line":51,"column":4},"end":{"line":51,"column":null}}]},"6":{"loc":{"start":{"line":51,"column":8},"end":{"line":51,"column":57}},"type":"binary-expr","locations":[{"start":{"line":51,"column":8},"end":{"line":51,"column":26}},{"start":{"line":51,"column":26},"end":{"line":51,"column":57}}]},"7":{"loc":{"start":{"line":60,"column":2},"end":{"line":70,"column":null}},"type":"if","locations":[{"start":{"line":60,"column":2},"end":{"line":70,"column":null}}]},"8":{"loc":{"start":{"line":60,"column":6},"end":{"line":60,"column":30}},"type":"binary-expr","locations":[{"start":{"line":60,"column":6},"end":{"line":60,"column":19}},{"start":{"line":60,"column":19},"end":{"line":60,"column":30}}]},"9":{"loc":{"start":{"line":74,"column":7},"end":{"line":80,"column":null}},"type":"cond-expr","locations":[{"start":{"line":75,"column":8},"end":{"line":80,"column":9}},{"start":{"line":80,"column":8},"end":{"line":80,"column":null}}]}},"s":{"0":4,"1":1,"2":1,"3":1,"4":1,"5":1,"6":1,"7":1,"8":1,"9":1,"10":4,"11":4,"12":4,"13":4,"14":4,"15":4,"16":4,"17":4,"18":4,"19":4,"20":4,"21":4,"22":4,"23":4,"24":4,"25":4,"26":4,"27":4,"28":4,"29":4,"30":4,"31":4,"32":4,"33":4,"34":1,"35":0,"36":0,"37":4,"38":4,"39":4,"40":4,"41":4,"42":4,"43":0,"44":0,"45":0,"46":0,"47":4,"48":4,"49":3,"50":1,"51":1,"52":4},"f":{"0":4,"1":4,"2":4,"3":4,"4":4,"5":4,"6":4,"7":4,"8":4,"9":4,"10":4,"11":1,"12":4,"13":4,"14":0,"15":4,"16":4},"b":{"0":[4,4],"1":[0],"2":[1,1,0],"3":[4],"4":[0],"5":[3],"6":[4,1],"7":[0],"8":[4,4],"9":[1,3]}}
,"C:\\Users\\davis\\Workspace\\IA-AGGREGATOR\\frontend\\src\\app\\library\\page.tsx": {"path":"C:\\Users\\davis\\Workspace\\IA-AGGREGATOR\\frontend\\src\\app\\library\\page.tsx","statementMap":{"0":{"start":{"line":26,"column":24},"end":{"line":26,"column":null}},"1":{"start":{"line":3,"column":45},"end":{"line":3,"column":null}},"2":{"start":{"line":4,"column":29},"end":{"line":4,"column":null}},"3":{"start":{"line":5,"column":26},"end":{"line":5,"column":null}},"4":{"start":{"line":6,"column":22},"end":{"line":6,"column":null}},"5":{"start":{"line":7,"column":27},"end":{"line":7,"column":null}},"6":{"start":{"line":8,"column":19},"end":{"line":8,"column":null}},"7":{"start":{"line":9,"column":26},"end":{"line":9,"column":null}},"8":{"start":{"line":10,"column":27},"end":{"line":10,"column":null}},"9":{"start":{"line":11,"column":28},"end":{"line":11,"column":null}},"10":{"start":{"line":21,"column":7},"end":{"line":21,"column":null}},"11":{"start":{"line":27,"column":28},"end":{"line":27,"column":null}},"12":{"start":{"line":28,"column":26},"end":{"line":28,"column":null}},"13":{"start":{"line":29,"column":26},"end":{"line":29,"column":null}},"14":{"start":{"line":30,"column":42},"end":{"line":30,"column":null}},"15":{"start":{"line":31,"column":17},"end":{"line":31,"column":null}},"16":{"start":{"line":32,"column":24},"end":{"line":32,"column":null}},"17":{"start":{"line":32,"column":48},"end":{"line":32,"column":67}},"18":{"start":{"line":33,"column":32},"end":{"line":33,"column":null}},"19":{"start":{"line":33,"column":56},"end":{"line":33,"column":83}},"20":{"start":{"line":34,"column":35},"end":{"line":34,"column":null}},"21":{"start":{"line":34,"column":59},"end":{"line":34,"column":89}},"22":{"start":{"line":35,"column":29},"end":{"line":35,"column":null}},"23":{"start":{"line":35,"column":53},"end":{"line":35,"column":77}},"24":{"start":{"line":36,"column":28},"end":{"line":36,"column":null}},"25":{"start":{"line":36,"column":52},"end":{"line":36,"column":75}},"26":{"start":{"line":38,"column":2},"end":{"line":40,"column":null}},"27":{"start":{"line":39,"column":4},"end":{"line":39,"column":null}},"28":{"start":{"line":42,"column":22},"end":{"line":42,"column":null}},"29":{"start":{"line":42,"column":36},"end":{"line":42,"column":80}},"30":{"start":{"line":42,"column":64},"end":{"line":42,"column":72}},"31":{"start":{"line":44,"column":19},"end":{"line":53,"column":null}},"32":{"start":{"line":45,"column":15},"end":{"line":46,"column":null}},"33":{"start":{"line":46,"column":6},"end":{"line":46,"column":null}},"34":{"start":{"line":48,"column":4},"end":{"line":48,"column":null}},"35":{"start":{"line":48,"column":22},"end":{"line":48,"column":null}},"36":{"start":{"line":48,"column":48},"end":{"line":48,"column":56}},"37":{"start":{"line":49,"column":4},"end":{"line":51,"column":null}},"38":{"start":{"line":49,"column":25},"end":{"line":49,"column":null}},"39":{"start":{"line":49,"column":57},"end":{"line":49,"column":null}},"40":{"start":{"line":50,"column":9},"end":{"line":51,"column":null}},"41":{"start":{"line":50,"column":30},"end":{"line":50,"column":null}},"42":{"start":{"line":50,"column":62},"end":{"line":50,"column":99}},"43":{"start":{"line":51,"column":9},"end":{"line":51,"column":null}},"44":{"start":{"line":51,"column":41},"end":{"line":51,"column":null}},"45":{"start":{"line":52,"column":4},"end":{"line":52,"column":null}},"46":{"start":{"line":55,"column":27},"end":{"line":59,"column":null}},"47":{"start":{"line":56,"column":4},"end":{"line":56,"column":null}},"48":{"start":{"line":57,"column":4},"end":{"line":57,"column":null}},"49":{"start":{"line":58,"column":4},"end":{"line":58,"column":null}},"50":{"start":{"line":61,"column":29},"end":{"line":65,"column":null}},"51":{"start":{"line":62,"column":4},"end":{"line":62,"column":null}},"52":{"start":{"line":62,"column":51},"end":{"line":62,"column":null}},"53":{"start":{"line":63,"column":4},"end":{"line":63,"column":null}},"54":{"start":{"line":64,"column":4},"end":{"line":64,"column":null}},"55":{"start":{"line":82,"column":31},"end":{"line":82,"column":null}},"56":{"start":{"line":91,"column":31},"end":{"line":91,"column":null}},"57":{"start":{"line":105,"column":59},"end":{"line":105,"column":null}},"58":{"start":{"line":105,"column":82},"end":{"line":105,"column":null}},"59":{"start":{"line":109,"column":12},"end":{"line":110,"column":null}},"60":{"start":{"line":111,"column":29},"end":{"line":111,"column":null}},"61":{"start":{"line":133,"column":14},"end":{"line":133,"column":34}},"62":{"start":{"line":146,"column":35},"end":{"line":146,"column":null}},"63":{"start":{"line":152,"column":35},"end":{"line":152,"column":null}},"64":{"start":{"line":159,"column":35},"end":{"line":159,"column":null}},"65":{"start":{"line":171,"column":14},"end":{"line":171,"column":34}},"66":{"start":{"line":188,"column":35},"end":{"line":188,"column":null}},"67":{"start":{"line":195,"column":35},"end":{"line":195,"column":null}},"68":{"start":{"line":201,"column":35},"end":{"line":201,"column":null}}},"fnMap":{"0":{"name":"LibraryPage","decl":{"start":{"line":26,"column":24},"end":{"line":26,"column":null}},"loc":{"start":{"line":26,"column":24},"end":{"line":214,"column":null}}},"1":{"name":"(anonymous_2)","decl":{"start":{"line":32,"column":37},"end":{"line":32,"column":38}},"loc":{"start":{"line":32,"column":48},"end":{"line":32,"column":67}}},"2":{"name":"(anonymous_3)","decl":{"start":{"line":33,"column":45},"end":{"line":33,"column":46}},"loc":{"start":{"line":33,"column":56},"end":{"line":33,"column":83}}},"3":{"name":"(anonymous_4)","decl":{"start":{"line":34,"column":48},"end":{"line":34,"column":49}},"loc":{"start":{"line":34,"column":59},"end":{"line":34,"column":89}}},"4":{"name":"(anonymous_5)","decl":{"start":{"line":35,"column":42},"end":{"line":35,"column":43}},"loc":{"start":{"line":35,"column":53},"end":{"line":35,"column":77}}},"5":{"name":"(anonymous_6)","decl":{"start":{"line":36,"column":41},"end":{"line":36,"column":42}},"loc":{"start":{"line":36,"column":52},"end":{"line":36,"column":75}}},"6":{"name":"(anonymous_7)","decl":{"start":{"line":38,"column":12},"end":{"line":38,"column":null}},"loc":{"start":{"line":38,"column":12},"end":{"line":40,"column":5}}},"7":{"name":"(anonymous_8)","decl":{"start":{"line":42,"column":30},"end":{"line":42,"column":36}},"loc":{"start":{"line":42,"column":36},"end":{"line":42,"column":80}}},"8":{"name":"(anonymous_9)","decl":{"start":{"line":42,"column":57},"end":{"line":42,"column":58}},"loc":{"start":{"line":42,"column":64},"end":{"line":42,"column":72}}},"9":{"name":"(anonymous_10)","decl":{"start":{"line":44,"column":27},"end":{"line":44,"column":null}},"loc":{"start":{"line":44,"column":27},"end":{"line":53,"column":5}}},"10":{"name":"(anonymous_11)","decl":{"start":{"line":45,"column":36},"end":{"line":45,"column":37}},"loc":{"start":{"line":46,"column":6},"end":{"line":46,"column":null}}},"11":{"name":"(anonymous_12)","decl":{"start":{"line":48,"column":41},"end":{"line":48,"column":42}},"loc":{"start":{"line":48,"column":48},"end":{"line":48,"column":56}}},"12":{"name":"(anonymous_13)","decl":{"start":{"line":49,"column":47},"end":{"line":49,"column":48}},"loc":{"start":{"line":49,"column":57},"end":{"line":49,"column":null}}},"13":{"name":"(anonymous_14)","decl":{"start":{"line":50,"column":52},"end":{"line":50,"column":53}},"loc":{"start":{"line":50,"column":62},"end":{"line":50,"column":99}}},"14":{"name":"(anonymous_15)","decl":{"start":{"line":51,"column":31},"end":{"line":51,"column":32}},"loc":{"start":{"line":51,"column":41},"end":{"line":51,"column":null}}},"15":{"name":"(anonymous_16)","decl":{"start":{"line":55,"column":27},"end":{"line":55,"column":28}},"loc":{"start":{"line":55,"column":28},"end":{"line":59,"column":null}}},"16":{"name":"(anonymous_17)","decl":{"start":{"line":61,"column":29},"end":{"line":61,"column":36}},"loc":{"start":{"line":61,"column":36},"end":{"line":65,"column":null}}},"17":{"name":"(anonymous_18)","decl":{"start":{"line":82,"column":25},"end":{"line":82,"column":31}},"loc":{"start":{"line":82,"column":31},"end":{"line":82,"column":null}}},"18":{"name":"(anonymous_19)","decl":{"start":{"line":91,"column":25},"end":{"line":91,"column":31}},"loc":{"start":{"line":91,"column":31},"end":{"line":91,"column":null}}},"19":{"name":"(anonymous_20)","decl":{"start":{"line":105,"column":53},"end":{"line":105,"column":59}},"loc":{"start":{"line":105,"column":59},"end":{"line":105,"column":null}}},"20":{"name":"(anonymous_21)","decl":{"start":{"line":105,"column":75},"end":{"line":105,"column":76}},"loc":{"start":{"line":105,"column":82},"end":{"line":105,"column":null}}},"21":{"name":"(anonymous_22)","decl":{"start":{"line":108,"column":57},"end":{"line":108,"column":58}},"loc":{"start":{"line":109,"column":12},"end":{"line":110,"column":null}}},"22":{"name":"(anonymous_23)","decl":{"start":{"line":111,"column":23},"end":{"line":111,"column":29}},"loc":{"start":{"line":111,"column":29},"end":{"line":111,"column":null}}},"23":{"name":"(anonymous_24)","decl":{"start":{"line":132,"column":26},"end":{"line":132,"column":27}},"loc":{"start":{"line":133,"column":14},"end":{"line":133,"column":34}}},"24":{"name":"(anonymous_25)","decl":{"start":{"line":146,"column":29},"end":{"line":146,"column":35}},"loc":{"start":{"line":146,"column":35},"end":{"line":146,"column":null}}},"25":{"name":"(anonymous_26)","decl":{"start":{"line":152,"column":29},"end":{"line":152,"column":35}},"loc":{"start":{"line":152,"column":35},"end":{"line":152,"column":null}}},"26":{"name":"(anonymous_27)","decl":{"start":{"line":159,"column":29},"end":{"line":159,"column":35}},"loc":{"start":{"line":159,"column":35},"end":{"line":159,"column":null}}},"27":{"name":"(anonymous_28)","decl":{"start":{"line":170,"column":26},"end":{"line":170,"column":27}},"loc":{"start":{"line":171,"column":14},"end":{"line":171,"column":34}}},"28":{"name":"(anonymous_29)","decl":{"start":{"line":188,"column":29},"end":{"line":188,"column":35}},"loc":{"start":{"line":188,"column":35},"end":{"line":188,"column":null}}},"29":{"name":"(anonymous_30)","decl":{"start":{"line":195,"column":29},"end":{"line":195,"column":35}},"loc":{"start":{"line":195,"column":35},"end":{"line":195,"column":null}}},"30":{"name":"(anonymous_31)","decl":{"start":{"line":201,"column":29},"end":{"line":201,"column":35}},"loc":{"start":{"line":201,"column":35},"end":{"line":201,"column":null}}}},"branchMap":{"0":{"loc":{"start":{"line":48,"column":4},"end":{"line":48,"column":null}},"type":"if","locations":[{"start":{"line":48,"column":4},"end":{"line":48,"column":null}}]},"1":{"loc":{"start":{"line":49,"column":4},"end":{"line":51,"column":null}},"type":"if","locations":[{"start":{"line":49,"column":4},"end":{"line":51,"column":null}},{"start":{"line":50,"column":9},"end":{"line":51,"column":null}}]},"2":{"loc":{"start":{"line":50,"column":9},"end":{"line":51,"column":null}},"type":"if","locations":[{"start":{"line":50,"column":9},"end":{"line":51,"column":null}},{"start":{"line":51,"column":9},"end":{"line":51,"column":null}}]},"3":{"loc":{"start":{"line":62,"column":4},"end":{"line":62,"column":null}},"type":"if","locations":[{"start":{"line":62,"column":4},"end":{"line":62,"column":null}}]},"4":{"loc":{"start":{"line":75,"column":46},"end":{"line":75,"column":84}},"type":"cond-expr","locations":[{"start":{"line":75,"column":75},"end":{"line":75,"column":81}},{"start":{"line":75,"column":81},"end":{"line":75,"column":84}}]},"5":{"loc":{"start":{"line":85,"column":18},"end":{"line":85,"column":null}},"type":"cond-expr","locations":[{"start":{"line":85,"column":36},"end":{"line":85,"column":91}},{"start":{"line":85,"column":91},"end":{"line":85,"column":null}}]},"6":{"loc":{"start":{"line":94,"column":18},"end":{"line":94,"column":null}},"type":"cond-expr","locations":[{"start":{"line":94,"column":36},"end":{"line":94,"column":91}},{"start":{"line":94,"column":91},"end":{"line":94,"column":null}}]},"7":{"loc":{"start":{"line":106,"column":49},"end":{"line":106,"column":null}},"type":"cond-expr","locations":[{"start":{"line":106,"column":67},"end":{"line":106,"column":85}},{"start":{"line":106,"column":88},"end":{"line":106,"column":null}}]},"8":{"loc":{"start":{"line":114,"column":15},"end":{"line":114,"column":null}},"type":"cond-expr","locations":[{"start":{"line":114,"column":34},"end":{"line":114,"column":46}},{"start":{"line":114,"column":46},"end":{"line":114,"column":null}}]},"9":{"loc":{"start":{"line":114,"column":46},"end":{"line":114,"column":null}},"type":"cond-expr","locations":[{"start":{"line":114,"column":63},"end":{"line":114,"column":72}},{"start":{"line":114,"column":72},"end":{"line":114,"column":null}}]},"10":{"loc":{"start":{"line":121,"column":10},"end":{"line":130,"column":21}},"type":"cond-expr","locations":[{"start":{"line":121,"column":10},"end":{"line":130,"column":21}}]},"11":{"loc":{"start":{"line":124,"column":15},"end":{"line":124,"column":null}},"type":"cond-expr","locations":[{"start":{"line":124,"column":23},"end":{"line":124,"column":44}},{"start":{"line":124,"column":44},"end":{"line":124,"column":null}}]},"12":{"loc":{"start":{"line":127,"column":15},"end":{"line":127,"column":null}},"type":"cond-expr","locations":[{"start":{"line":127,"column":23},"end":{"line":127,"column":43}},{"start":{"line":127,"column":43},"end":{"line":127,"column":null}}]},"13":{"loc":{"start":{"line":131,"column":10},"end":{"line":169,"column":11}},"type":"cond-expr","locations":[{"start":{"line":131,"column":10},"end":{"line":169,"column":11}}]},"14":{"loc":{"start":{"line":138,"column":19},"end":{"line":138,"column":27}},"type":"binary-expr","locations":[{"start":{"line":138,"column":19},"end":{"line":138,"column":27}}]},"15":{"loc":{"start":{"line":154,"column":32},"end":{"line":154,"column":null}},"type":"cond-expr","locations":[{"start":{"line":154,"column":43},"end":{"line":154,"column":66}},{"start":{"line":154,"column":66},"end":{"line":154,"column":null}}]},"16":{"loc":{"start":{"line":178,"column":21},"end":{"line":178,"column":29}},"type":"binary-expr","locations":[{"start":{"line":178,"column":21},"end":{"line":178,"column":29}}]},"17":{"loc":{"start":{"line":190,"column":32},"end":{"line":190,"column":null}},"type":"cond-expr","locations":[{"start":{"line":190,"column":43},"end":{"line":190,"column":66}},{"start":{"line":190,"column":66},"end":{"line":190,"column":null}}]}},"s":{"0":4,"1":1,"2":1,"3":1,"4":1,"5":1,"6":1,"7":1,"8":1,"9":1,"10":1,"11":5,"12":5,"13":5,"14":5,"15":5,"16":5,"17":5,"18":5,"19":5,"20":5,"21":5,"22":5,"23":5,"24":5,"25":5,"26":5,"27":4,"28":5,"29":4,"30":8,"31":5,"32":5,"33":10,"34":5,"35":0,"36":0,"37":5,"38":0,"39":0,"40":5,"41":0,"42":0,"43":5,"44":4,"45":5,"46":5,"47":1,"48":1,"49":1,"50":5,"51":0,"52":0,"53":0,"54":0,"55":0,"56":0,"57":0,"58":0,"59":15,"60":0,"61":0,"62":0,"63":0,"64":0,"65":9,"66":1,"67":0,"68":1},"f":{"0":5,"1":5,"2":5,"3":5,"4":5,"5":5,"6":4,"7":4,"8":8,"9":5,"10":10,"11":0,"12":0,"13":0,"14":4,"15":1,"16":0,"17":0,"18":0,"19":0,"20":0,"21":15,"22":0,"23":0,"24":0,"25":0,"26":0,"27":9,"28":1,"29":0,"30":1},"b":{"0":[0],"1":[0,5],"2":[0,5],"3":[0],"4":[5,0],"5":[5,0],"6":[0,5],"7":[5,0],"8":[5,10],"9":[5,5],"10":[0],"11":[0,0],"12":[0,0],"13":[0],"14":[0],"15":[0,0],"16":[9],"17":[5,4]}}
,"C:\\Users\\davis\\Workspace\\IA-AGGREGATOR\\frontend\\src\\app\\prompts\\page.tsx": {"path":"C:\\Users\\davis\\Workspace\\IA-AGGREGATOR\\frontend\\src\\app\\prompts\\page.tsx","statementMap":{"0":{"start":{"line":38,"column":24},"end":{"line":38,"column":null}},"1":{"start":{"line":4,"column":45},"end":{"line":4,"column":null}},"2":{"start":{"line":5,"column":26},"end":{"line":5,"column":null}},"3":{"start":{"line":6,"column":27},"end":{"line":6,"column":null}},"4":{"start":{"line":8,"column":26},"end":{"line":8,"column":null}},"5":{"start":{"line":9,"column":27},"end":{"line":9,"column":null}},"6":{"start":{"line":10,"column":28},"end":{"line":10,"column":null}},"7":{"start":{"line":11,"column":22},"end":{"line":11,"column":null}},"8":{"start":{"line":20,"column":7},"end":{"line":20,"column":null}},"9":{"start":{"line":24,"column":52},"end":{"line":30,"column":null}},"10":{"start":{"line":39,"column":17},"end":{"line":39,"column":null}},"11":{"start":{"line":40,"column":36},"end":{"line":40,"column":null}},"12":{"start":{"line":41,"column":32},"end":{"line":41,"column":null}},"13":{"start":{"line":42,"column":46},"end":{"line":42,"column":null}},"14":{"start":{"line":43,"column":30},"end":{"line":43,"column":null}},"15":{"start":{"line":45,"column":2},"end":{"line":77,"column":null}},"16":{"start":{"line":46,"column":17},"end":{"line":46,"column":null}},"17":{"start":{"line":48,"column":16},"end":{"line":71,"column":null}},"18":{"start":{"line":49,"column":6},"end":{"line":49,"column":null}},"19":{"start":{"line":50,"column":6},"end":{"line":70,"column":null}},"20":{"start":{"line":51,"column":25},"end":{"line":54,"column":null}},"21":{"start":{"line":55,"column":25},"end":{"line":55,"column":null}},"22":{"start":{"line":56,"column":8},"end":{"line":58,"column":null}},"23":{"start":{"line":57,"column":10},"end":{"line":57,"column":null}},"24":{"start":{"line":59,"column":8},"end":{"line":61,"column":null}},"25":{"start":{"line":60,"column":10},"end":{"line":60,"column":null}},"26":{"start":{"line":63,"column":8},"end":{"line":65,"column":null}},"27":{"start":{"line":64,"column":10},"end":{"line":64,"column":null}},"28":{"start":{"line":67,"column":8},"end":{"line":69,"column":null}},"29":{"start":{"line":68,"column":10},"end":{"line":68,"column":null}},"30":{"start":{"line":73,"column":4},"end":{"line":73,"column":null}},"31":{"start":{"line":74,"column":4},"end":{"line":76,"column":null}},"32":{"start":{"line":75,"column":6},"end":{"line":75,"column":null}},"33":{"start":{"line":79,"column":21},"end":{"line":95,"column":null}},"34":{"start":{"line":80,"column":19},"end":{"line":80,"column":null}},"35":{"start":{"line":80,"column":66},"end":{"line":80,"column":83}},"36":{"start":{"line":81,"column":4},"end":{"line":94,"column":null}},"37":{"start":{"line":83,"column":35},"end":{"line":93,"column":null}},"38":{"start":{"line":97,"column":19},"end":{"line":104,"column":null}},"39":{"start":{"line":99,"column":6},"end":{"line":103,"column":null}},"40":{"start":{"line":100,"column":30},"end":{"line":100,"column":null}},"41":{"start":{"line":101,"column":24},"end":{"line":101,"column":null}},"42":{"start":{"line":102,"column":8},"end":{"line":102,"column":null}},"43":{"start":{"line":107,"column":24},"end":{"line":123,"column":null}},"44":{"start":{"line":108,"column":4},"end":{"line":122,"column":null}},"45":{"start":{"line":109,"column":23},"end":{"line":112,"column":null}},"46":{"start":{"line":113,"column":23},"end":{"line":113,"column":null}},"47":{"start":{"line":114,"column":6},"end":{"line":116,"column":null}},"48":{"start":{"line":115,"column":8},"end":{"line":115,"column":null}},"49":{"start":{"line":118,"column":6},"end":{"line":118,"column":null}},"50":{"start":{"line":119,"column":6},"end":{"line":119,"column":null}},"51":{"start":{"line":121,"column":6},"end":{"line":121,"column":null}},"52":{"start":{"line":142,"column":12},"end":{"line":143,"column":null}},"53":{"start":{"line":144,"column":29},"end":{"line":144,"column":null}},"54":{"start":{"line":146,"column":74},"end":{"line":146,"column":105}},"55":{"start":{"line":163,"column":27},"end":{"line":163,"column":86}},"56":{"start":{"line":164,"column":14},"end":{"line":166,"column":null}},"57":{"start":{"line":187,"column":35},"end":{"line":187,"column":null}}},"fnMap":{"0":{"name":"PromptsPage","decl":{"start":{"line":38,"column":24},"end":{"line":38,"column":null}},"loc":{"start":{"line":38,"column":24},"end":{"line":201,"column":null}}},"1":{"name":"(anonymous_2)","decl":{"start":{"line":45,"column":12},"end":{"line":45,"column":null}},"loc":{"start":{"line":45,"column":12},"end":{"line":77,"column":5}}},"2":{"name":"(anonymous_3)","decl":{"start":{"line":48,"column":16},"end":{"line":48,"column":null}},"loc":{"start":{"line":48,"column":16},"end":{"line":71,"column":null}}},"3":{"name":"(anonymous_4)","decl":{"start":{"line":74,"column":11},"end":{"line":74,"column":null}},"loc":{"start":{"line":74,"column":11},"end":{"line":76,"column":null}}},"4":{"name":"(anonymous_5)","decl":{"start":{"line":79,"column":29},"end":{"line":79,"column":null}},"loc":{"start":{"line":79,"column":29},"end":{"line":95,"column":5}}},"5":{"name":"(anonymous_6)","decl":{"start":{"line":80,"column":52},"end":{"line":80,"column":53}},"loc":{"start":{"line":80,"column":66},"end":{"line":80,"column":83}}},"6":{"name":"(anonymous_7)","decl":{"start":{"line":83,"column":20},"end":{"line":83,"column":21}},"loc":{"start":{"line":83,"column":35},"end":{"line":93,"column":null}}},"7":{"name":"(anonymous_8)","decl":{"start":{"line":98,"column":4},"end":{"line":98,"column":null}},"loc":{"start":{"line":99,"column":6},"end":{"line":103,"column":null}}},"8":{"name":"(anonymous_9)","decl":{"start":{"line":99,"column":23},"end":{"line":99,"column":24}},"loc":{"start":{"line":99,"column":24},"end":{"line":103,"column":null}}},"9":{"name":"(anonymous_10)","decl":{"start":{"line":107,"column":24},"end":{"line":107,"column":31}},"loc":{"start":{"line":107,"column":31},"end":{"line":123,"column":null}}},"10":{"name":"(anonymous_11)","decl":{"start":{"line":141,"column":26},"end":{"line":141,"column":27}},"loc":{"start":{"line":142,"column":12},"end":{"line":143,"column":null}}},"11":{"name":"(anonymous_12)","decl":{"start":{"line":144,"column":23},"end":{"line":144,"column":29}},"loc":{"start":{"line":144,"column":29},"end":{"line":144,"column":null}}},"12":{"name":"(anonymous_13)","decl":{"start":{"line":146,"column":60},"end":{"line":146,"column":61}},"loc":{"start":{"line":146,"column":74},"end":{"line":146,"column":105}}},"13":{"name":"(anonymous_14)","decl":{"start":{"line":162,"column":26},"end":{"line":162,"column":27}},"loc":{"start":{"line":162,"column":27},"end":{"line":195,"column":null}}},"14":{"name":"(anonymous_15)","decl":{"start":{"line":187,"column":29},"end":{"line":187,"column":35}},"loc":{"start":{"line":187,"column":35},"end":{"line":187,"column":null}}}},"branchMap":{"0":{"loc":{"start":{"line":56,"column":8},"end":{"line":58,"column":null}},"type":"if","locations":[{"start":{"line":56,"column":8},"end":{"line":58,"column":null}}]},"1":{"loc":{"start":{"line":56,"column":12},"end":{"line":56,"column":61}},"type":"binary-expr","locations":[{"start":{"line":56,"column":12},"end":{"line":56,"column":24}},{"start":{"line":56,"column":28},"end":{"line":56,"column":44}},{"start":{"line":56,"column":48},"end":{"line":56,"column":61}}]},"2":{"loc":{"start":{"line":57,"column":26},"end":{"line":57,"column":null}},"type":"binary-expr","locations":[{"start":{"line":57,"column":26},"end":{"line":57,"column":41}},{"start":{"line":57,"column":45},"end":{"line":57,"column":null}}]},"3":{"loc":{"start":{"line":59,"column":8},"end":{"line":61,"column":null}},"type":"if","locations":[{"start":{"line":59,"column":8},"end":{"line":61,"column":null}}]},"4":{"loc":{"start":{"line":63,"column":8},"end":{"line":65,"column":null}},"type":"if","locations":[{"start":{"line":63,"column":8},"end":{"line":65,"column":null}}]},"5":{"loc":{"start":{"line":64,"column":53},"end":{"line":64,"column":null}},"type":"cond-expr","locations":[{"start":{"line":64,"column":78},"end":{"line":64,"column":91}},{"start":{"line":64,"column":94},"end":{"line":64,"column":null}}]},"6":{"loc":{"start":{"line":67,"column":8},"end":{"line":69,"column":null}},"type":"if","locations":[{"start":{"line":67,"column":8},"end":{"line":69,"column":null}}]},"7":{"loc":{"start":{"line":86,"column":10},"end":{"line":92,"column":null}},"type":"cond-expr","locations":[{"start":{"line":87,"column":14},"end":{"line":87,"column":null}},{"start":{"line":88,"column":14},"end":{"line":92,"column":null}}]},"8":{"loc":{"start":{"line":88,"column":14},"end":{"line":92,"column":null}},"type":"cond-expr","locations":[{"start":{"line":89,"column":16},"end":{"line":89,"column":null}},{"start":{"line":90,"column":16},"end":{"line":92,"column":null}}]},"9":{"loc":{"start":{"line":90,"column":16},"end":{"line":92,"column":null}},"type":"cond-expr","locations":[{"start":{"line":91,"column":18},"end":{"line":91,"column":null}},{"start":{"line":92,"column":18},"end":{"line":92,"column":null}}]},"10":{"loc":{"start":{"line":100,"column":30},"end":{"line":100,"column":null}},"type":"binary-expr","locations":[{"start":{"line":100,"column":30},"end":{"line":100,"column":58}},{"start":{"line":100,"column":58},"end":{"line":100,"column":null}}]},"11":{"loc":{"start":{"line":102,"column":15},"end":{"line":102,"column":null}},"type":"binary-expr","locations":[{"start":{"line":102,"column":15},"end":{"line":102,"column":32}},{"start":{"line":102,"column":32},"end":{"line":102,"column":null}}]},"12":{"loc":{"start":{"line":114,"column":6},"end":{"line":116,"column":null}},"type":"if","locations":[{"start":{"line":114,"column":6},"end":{"line":116,"column":null}}]},"13":{"loc":{"start":{"line":114,"column":10},"end":{"line":114,"column":59}},"type":"binary-expr","locations":[{"start":{"line":114,"column":10},"end":{"line":114,"column":22}},{"start":{"line":114,"column":26},"end":{"line":114,"column":42}},{"start":{"line":114,"column":46},"end":{"line":114,"column":59}}]},"14":{"loc":{"start":{"line":115,"column":24},"end":{"line":115,"column":null}},"type":"binary-expr","locations":[{"start":{"line":115,"column":24},"end":{"line":115,"column":39}},{"start":{"line":115,"column":43},"end":{"line":115,"column":null}}]},"15":{"loc":{"start":{"line":121,"column":47},"end":{"line":121,"column":null}},"type":"cond-expr","locations":[{"start":{"line":121,"column":72},"end":{"line":121,"column":85}},{"start":{"line":121,"column":88},"end":{"line":121,"column":null}}]},"16":{"loc":{"start":{"line":146,"column":21},"end":{"line":146,"column":null}},"type":"cond-expr","locations":[{"start":{"line":146,"column":43},"end":{"line":146,"column":113}},{"start":{"line":146,"column":116},"end":{"line":146,"column":null}}]},"17":{"loc":{"start":{"line":152,"column":39},"end":{"line":152,"column":null}},"type":"cond-expr","locations":[{"start":{"line":152,"column":63},"end":{"line":152,"column":69}},{"start":{"line":152,"column":69},"end":{"line":152,"column":null}}]},"18":{"loc":{"start":{"line":157,"column":10},"end":{"line":161,"column":11}},"type":"cond-expr","locations":[{"start":{"line":157,"column":10},"end":{"line":161,"column":11}}]},"19":{"loc":{"start":{"line":163,"column":27},"end":{"line":163,"column":86}},"type":"binary-expr","locations":[{"start":{"line":163,"column":27},"end":{"line":163,"column":60}},{"start":{"line":163,"column":64},"end":{"line":163,"column":86}}]},"20":{"loc":{"start":{"line":172,"column":23},"end":{"line":172,"column":53}},"type":"binary-expr","locations":[{"start":{"line":172,"column":23},"end":{"line":172,"column":35}},{"start":{"line":172,"column":39},"end":{"line":172,"column":53}}]}},"s":{"0":1,"1":1,"2":1,"3":1,"4":1,"5":1,"6":1,"7":1,"8":1,"9":1,"10":2,"11":2,"12":2,"13":2,"14":2,"15":2,"16":1,"17":1,"18":1,"19":1,"20":1,"21":1,"22":1,"23":0,"24":1,"25":1,"26":0,"27":0,"28":1,"29":1,"30":1,"31":1,"32":1,"33":2,"34":2,"35":1,"36":2,"37":1,"38":2,"39":2,"40":1,"41":1,"42":1,"43":2,"44":1,"45":1,"46":1,"47":1,"48":0,"49":1,"50":1,"51":0,"52":3,"53":0,"54":1,"55":1,"56":1,"57":1},"f":{"0":2,"1":1,"2":1,"3":1,"4":2,"5":1,"6":1,"7":2,"8":1,"9":1,"10":3,"11":0,"12":1,"13":1,"14":1},"b":{"0":[0],"1":[1,1,1],"2":[0,0],"3":[1],"4":[0],"5":[0,0],"6":[1],"7":[1,0],"8":[0,0],"9":[0,0],"10":[1,0],"11":[1,1],"12":[0],"13":[1,1,1],"14":[0,0],"15":[0,0],"16":[1,2],"17":[1,1],"18":[1],"19":[1,0],"20":[1,0]}}
,"C:\\Users\\davis\\Workspace\\IA-AGGREGATOR\\frontend\\src\\app\\settings\\page.tsx": {"path":"C:\\Users\\davis\\Workspace\\IA-AGGREGATOR\\frontend\\src\\app\\settings\\page.tsx","statementMap":{"0":{"start":{"line":86,"column":24},"end":{"line":86,"column":null}},"1":{"start":{"line":3,"column":17},"end":{"line":3,"column":null}},"2":{"start":{"line":4,"column":36},"end":{"line":4,"column":null}},"3":{"start":{"line":5,"column":22},"end":{"line":5,"column":null}},"4":{"start":{"line":6,"column":27},"end":{"line":6,"column":null}},"5":{"start":{"line":7,"column":26},"end":{"line":7,"column":null}},"6":{"start":{"line":8,"column":23},"end":{"line":8,"column":null}},"7":{"start":{"line":9,"column":35},"end":{"line":9,"column":null}},"8":{"start":{"line":10,"column":31},"end":{"line":10,"column":null}},"9":{"start":{"line":11,"column":29},"end":{"line":11,"column":null}},"10":{"start":{"line":12,"column":29},"end":{"line":12,"column":null}},"11":{"start":{"line":14,"column":51},"end":{"line":14,"column":null}},"12":{"start":{"line":28,"column":7},"end":{"line":28,"column":null}},"13":{"start":{"line":30,"column":102},"end":{"line":34,"column":null}},"14":{"start":{"line":36,"column":112},"end":{"line":41,"column":null}},"15":{"start":{"line":43,"column":22},"end":{"line":47,"column":null}},"16":{"start":{"line":87,"column":15},"end":{"line":87,"column":null}},"17":{"start":{"line":87,"column":39},"end":{"line":87,"column":49}},"18":{"start":{"line":88,"column":20},"end":{"line":88,"column":null}},"19":{"start":{"line":88,"column":44},"end":{"line":88,"column":59}},"20":{"start":{"line":89,"column":16},"end":{"line":89,"column":null}},"21":{"start":{"line":89,"column":41},"end":{"line":89,"column":52}},"22":{"start":{"line":90,"column":19},"end":{"line":90,"column":null}},"23":{"start":{"line":90,"column":44},"end":{"line":90,"column":58}},"24":{"start":{"line":91,"column":23},"end":{"line":91,"column":null}},"25":{"start":{"line":91,"column":48},"end":{"line":91,"column":66}},"26":{"start":{"line":92,"column":26},"end":{"line":92,"column":null}},"27":{"start":{"line":92,"column":51},"end":{"line":92,"column":72}},"28":{"start":{"line":94,"column":34},"end":{"line":94,"column":null}},"29":{"start":{"line":95,"column":30},"end":{"line":95,"column":null}},"30":{"start":{"line":96,"column":64},"end":{"line":103,"column":null}},"31":{"start":{"line":104,"column":36},"end":{"line":104,"column":null}},"32":{"start":{"line":105,"column":30},"end":{"line":105,"column":null}},"33":{"start":{"line":107,"column":2},"end":{"line":153,"column":null}},"34":{"start":{"line":108,"column":17},"end":{"line":108,"column":null}},"35":{"start":{"line":110,"column":25},"end":{"line":146,"column":null}},"36":{"start":{"line":111,"column":6},"end":{"line":145,"column":null}},"37":{"start":{"line":112,"column":61},"end":{"line":115,"column":null}},"38":{"start":{"line":117,"column":36},"end":{"line":117,"column":null}},"39":{"start":{"line":118,"column":38},"end":{"line":118,"column":null}},"40":{"start":{"line":120,"column":8},"end":{"line":122,"column":null}},"41":{"start":{"line":121,"column":10},"end":{"line":121,"column":null}},"42":{"start":{"line":124,"column":8},"end":{"line":126,"column":null}},"43":{"start":{"line":125,"column":10},"end":{"line":125,"column":null}},"44":{"start":{"line":128,"column":8},"end":{"line":128,"column":null}},"45":{"start":{"line":128,"column":21},"end":{"line":128,"column":null}},"46":{"start":{"line":130,"column":8},"end":{"line":130,"column":null}},"47":{"start":{"line":131,"column":8},"end":{"line":131,"column":null}},"48":{"start":{"line":132,"column":8},"end":{"line":132,"column":null}},"49":{"start":{"line":133,"column":8},"end":{"line":133,"column":null}},"50":{"start":{"line":134,"column":8},"end":{"line":134,"column":null}},"51":{"start":{"line":136,"column":8},"end":{"line":136,"column":null}},"52":{"start":{"line":136,"column":21},"end":{"line":136,"column":null}},"53":{"start":{"line":137,"column":8},"end":{"line":139,"column":null}},"54":{"start":{"line":142,"column":8},"end":{"line":144,"column":null}},"55":{"start":{"line":143,"column":10},"end":{"line":143,"column":null}},"56":{"start":{"line":148,"column":4},"end":{"line":148,"column":null}},"57":{"start":{"line":150,"column":4},"end":{"line":152,"column":null}},"58":{"start":{"line":151,"column":6},"end":{"line":151,"column":null}},"59":{"start":{"line":155,"column":2},"end":{"line":159,"column":null}},"60":{"start":{"line":156,"column":4},"end":{"line":158,"column":null}},"61":{"start":{"line":157,"column":6},"end":{"line":157,"column":null}},"62":{"start":{"line":161,"column":21},"end":{"line":217,"column":null}},"63":{"start":{"line":162,"column":4},"end":{"line":162,"column":null}},"64":{"start":{"line":163,"column":4},"end":{"line":163,"column":null}},"65":{"start":{"line":165,"column":4},"end":{"line":216,"column":null}},"66":{"start":{"line":166,"column":34},"end":{"line":178,"column":null}},"67":{"start":{"line":180,"column":36},"end":{"line":187,"column":null}},"68":{"start":{"line":189,"column":34},"end":{"line":189,"column":null}},"69":{"start":{"line":190,"column":36},"end":{"line":190,"column":null}},"70":{"start":{"line":192,"column":6},"end":{"line":194,"column":null}},"71":{"start":{"line":193,"column":8},"end":{"line":193,"column":null}},"72":{"start":{"line":196,"column":6},"end":{"line":198,"column":null}},"73":{"start":{"line":197,"column":8},"end":{"line":197,"column":null}},"74":{"start":{"line":200,"column":6},"end":{"line":200,"column":null}},"75":{"start":{"line":201,"column":6},"end":{"line":201,"column":null}},"76":{"start":{"line":202,"column":6},"end":{"line":202,"column":null}},"77":{"start":{"line":203,"column":6},"end":{"line":203,"column":null}},"78":{"start":{"line":204,"column":6},"end":{"line":204,"column":null}},"79":{"start":{"line":205,"column":6},"end":{"line":205,"column":null}},"80":{"start":{"line":207,"column":6},"end":{"line":207,"column":null}},"81":{"start":{"line":208,"column":6},"end":{"line":208,"column":null}},"82":{"start":{"line":210,"column":6},"end":{"line":212,"column":null}},"83":{"start":{"line":215,"column":6},"end":{"line":215,"column":null}},"84":{"start":{"line":219,"column":17},"end":{"line":221,"column":null}},"85":{"start":{"line":220,"column":4},"end":{"line":220,"column":null}},"86":{"start":{"line":235,"column":14},"end":{"line":236,"column":null}},"87":{"start":{"line":238,"column":31},"end":{"line":238,"column":null}},"88":{"start":{"line":264,"column":39},"end":{"line":264,"column":null}},"89":{"start":{"line":286,"column":39},"end":{"line":286,"column":null}},"90":{"start":{"line":296,"column":39},"end":{"line":296,"column":null}},"91":{"start":{"line":337,"column":18},"end":{"line":337,"column":37}},"92":{"start":{"line":345,"column":24},"end":{"line":348,"column":null}},"93":{"start":{"line":345,"column":65},"end":{"line":348,"column":null}},"94":{"start":{"line":370,"column":20},"end":{"line":370,"column":null}},"95":{"start":{"line":370,"column":100},"end":{"line":370,"column":null}},"96":{"start":{"line":371,"column":20},"end":{"line":371,"column":null}},"97":{"start":{"line":372,"column":20},"end":{"line":372,"column":null}}},"fnMap":{"0":{"name":"Section","decl":{"start":{"line":49,"column":9},"end":{"line":49,"column":17}},"loc":{"start":{"line":61,"column":1},"end":{"line":78,"column":null}}},"1":{"name":"SettingsPage","decl":{"start":{"line":86,"column":24},"end":{"line":86,"column":null}},"loc":{"start":{"line":86,"column":24},"end":{"line":413,"column":null}}},"2":{"name":"(anonymous_4)","decl":{"start":{"line":87,"column":28},"end":{"line":87,"column":29}},"loc":{"start":{"line":87,"column":39},"end":{"line":87,"column":49}}},"3":{"name":"(anonymous_5)","decl":{"start":{"line":88,"column":33},"end":{"line":88,"column":34}},"loc":{"start":{"line":88,"column":44},"end":{"line":88,"column":59}}},"4":{"name":"(anonymous_6)","decl":{"start":{"line":89,"column":30},"end":{"line":89,"column":31}},"loc":{"start":{"line":89,"column":41},"end":{"line":89,"column":52}}},"5":{"name":"(anonymous_7)","decl":{"start":{"line":90,"column":33},"end":{"line":90,"column":34}},"loc":{"start":{"line":90,"column":44},"end":{"line":90,"column":58}}},"6":{"name":"(anonymous_8)","decl":{"start":{"line":91,"column":37},"end":{"line":91,"column":38}},"loc":{"start":{"line":91,"column":48},"end":{"line":91,"column":66}}},"7":{"name":"(anonymous_9)","decl":{"start":{"line":92,"column":40},"end":{"line":92,"column":41}},"loc":{"start":{"line":92,"column":51},"end":{"line":92,"column":72}}},"8":{"name":"(anonymous_10)","decl":{"start":{"line":107,"column":12},"end":{"line":107,"column":null}},"loc":{"start":{"line":107,"column":12},"end":{"line":153,"column":5}}},"9":{"name":"(anonymous_11)","decl":{"start":{"line":110,"column":25},"end":{"line":110,"column":null}},"loc":{"start":{"line":110,"column":25},"end":{"line":146,"column":null}}},"10":{"name":"(anonymous_12)","decl":{"start":{"line":150,"column":11},"end":{"line":150,"column":null}},"loc":{"start":{"line":150,"column":11},"end":{"line":152,"column":null}}},"11":{"name":"(anonymous_13)","decl":{"start":{"line":155,"column":12},"end":{"line":155,"column":null}},"loc":{"start":{"line":155,"column":12},"end":{"line":159,"column":5}}},"12":{"name":"(anonymous_14)","decl":{"start":{"line":161,"column":21},"end":{"line":161,"column":28}},"loc":{"start":{"line":161,"column":28},"end":{"line":217,"column":null}}},"13":{"name":"(anonymous_15)","decl":{"start":{"line":219,"column":17},"end":{"line":219,"column":18}},"loc":{"start":{"line":219,"column":18},"end":{"line":221,"column":null}}},"14":{"name":"(anonymous_16)","decl":{"start":{"line":234,"column":18},"end":{"line":234,"column":19}},"loc":{"start":{"line":235,"column":14},"end":{"line":236,"column":null}}},"15":{"name":"(anonymous_17)","decl":{"start":{"line":238,"column":25},"end":{"line":238,"column":31}},"loc":{"start":{"line":238,"column":31},"end":{"line":238,"column":null}}},"16":{"name":"(anonymous_18)","decl":{"start":{"line":264,"column":28},"end":{"line":264,"column":29}},"loc":{"start":{"line":264,"column":39},"end":{"line":264,"column":null}}},"17":{"name":"(anonymous_19)","decl":{"start":{"line":286,"column":28},"end":{"line":286,"column":29}},"loc":{"start":{"line":286,"column":39},"end":{"line":286,"column":null}}},"18":{"name":"(anonymous_20)","decl":{"start":{"line":296,"column":28},"end":{"line":296,"column":29}},"loc":{"start":{"line":296,"column":39},"end":{"line":296,"column":null}}},"19":{"name":"(anonymous_21)","decl":{"start":{"line":336,"column":22},"end":{"line":336,"column":23}},"loc":{"start":{"line":337,"column":18},"end":{"line":337,"column":37}}},"20":{"name":"(anonymous_22)","decl":{"start":{"line":344,"column":39},"end":{"line":344,"column":40}},"loc":{"start":{"line":344,"column":40},"end":{"line":349,"column":null}}},"21":{"name":"(anonymous_23)","decl":{"start":{"line":345,"column":51},"end":{"line":345,"column":52}},"loc":{"start":{"line":345,"column":65},"end":{"line":348,"column":null}}},"22":{"name":"(anonymous_24)","decl":{"start":{"line":369,"column":27},"end":{"line":369,"column":null}},"loc":{"start":{"line":369,"column":27},"end":{"line":373,"column":null}}}},"branchMap":{"0":{"loc":{"start":{"line":94,"column":43},"end":{"line":94,"column":null}},"type":"binary-expr","locations":[{"start":{"line":94,"column":43},"end":{"line":94,"column":61}},{"start":{"line":94,"column":61},"end":{"line":94,"column":null}}]},"1":{"loc":{"start":{"line":120,"column":8},"end":{"line":122,"column":null}},"type":"if","locations":[{"start":{"line":120,"column":8},"end":{"line":122,"column":null}}]},"2":{"loc":{"start":{"line":120,"column":12},"end":{"line":120,"column":94}},"type":"binary-expr","locations":[{"start":{"line":120,"column":12},"end":{"line":120,"column":35}},{"start":{"line":120,"column":39},"end":{"line":120,"column":66}},{"start":{"line":120,"column":70},"end":{"line":120,"column":94}}]},"3":{"loc":{"start":{"line":121,"column":26},"end":{"line":121,"column":null}},"type":"binary-expr","locations":[{"start":{"line":121,"column":26},"end":{"line":121,"column":52}},{"start":{"line":121,"column":56},"end":{"line":121,"column":null}}]},"4":{"loc":{"start":{"line":124,"column":8},"end":{"line":126,"column":null}},"type":"if","locations":[{"start":{"line":124,"column":8},"end":{"line":126,"column":null}}]},"5":{"loc":{"start":{"line":124,"column":12},"end":{"line":124,"column":100}},"type":"binary-expr","locations":[{"start":{"line":124,"column":12},"end":{"line":124,"column":37}},{"start":{"line":124,"column":41},"end":{"line":124,"column":70}},{"start":{"line":124,"column":74},"end":{"line":124,"column":100}}]},"6":{"loc":{"start":{"line":125,"column":26},"end":{"line":125,"column":null}},"type":"binary-expr","locations":[{"start":{"line":125,"column":26},"end":{"line":125,"column":54}},{"start":{"line":125,"column":58},"end":{"line":125,"column":null}}]},"7":{"loc":{"start":{"line":128,"column":8},"end":{"line":128,"column":null}},"type":"if","locations":[{"start":{"line":128,"column":8},"end":{"line":128,"column":null}}]},"8":{"loc":{"start":{"line":136,"column":8},"end":{"line":136,"column":null}},"type":"if","locations":[{"start":{"line":136,"column":8},"end":{"line":136,"column":null}}]},"9":{"loc":{"start":{"line":139,"column":10},"end":{"line":139,"column":null}},"type":"cond-expr","locations":[{"start":{"line":139,"column":35},"end":{"line":139,"column":48}},{"start":{"line":139,"column":51},"end":{"line":139,"column":null}}]},"10":{"loc":{"start":{"line":142,"column":8},"end":{"line":144,"column":null}},"type":"if","locations":[{"start":{"line":142,"column":8},"end":{"line":144,"column":null}}]},"11":{"loc":{"start":{"line":156,"column":4},"end":{"line":158,"column":null}},"type":"if","locations":[{"start":{"line":156,"column":4},"end":{"line":158,"column":null}}]},"12":{"loc":{"start":{"line":156,"column":8},"end":{"line":156,"column":51}},"type":"binary-expr","locations":[{"start":{"line":156,"column":8},"end":{"line":156,"column":22}},{"start":{"line":156,"column":22},"end":{"line":156,"column":40}},{"start":{"line":156,"column":40},"end":{"line":156,"column":51}}]},"13":{"loc":{"start":{"line":192,"column":6},"end":{"line":194,"column":null}},"type":"if","locations":[{"start":{"line":192,"column":6},"end":{"line":194,"column":null}}]},"14":{"loc":{"start":{"line":192,"column":10},"end":{"line":192,"column":92}},"type":"binary-expr","locations":[{"start":{"line":192,"column":10},"end":{"line":192,"column":33}},{"start":{"line":192,"column":37},"end":{"line":192,"column":64}},{"start":{"line":192,"column":68},"end":{"line":192,"column":92}}]},"15":{"loc":{"start":{"line":193,"column":24},"end":{"line":193,"column":null}},"type":"binary-expr","locations":[{"start":{"line":193,"column":24},"end":{"line":193,"column":50}},{"start":{"line":193,"column":54},"end":{"line":193,"column":null}}]},"16":{"loc":{"start":{"line":196,"column":6},"end":{"line":198,"column":null}},"type":"if","locations":[{"start":{"line":196,"column":6},"end":{"line":198,"column":null}}]},"17":{"loc":{"start":{"line":196,"column":10},"end":{"line":196,"column":98}},"type":"binary-expr","locations":[{"start":{"line":196,"column":10},"end":{"line":196,"column":35}},{"start":{"line":196,"column":39},"end":{"line":196,"column":68}},{"start":{"line":196,"column":72},"end":{"line":196,"column":98}}]},"18":{"loc":{"start":{"line":197,"column":24},"end":{"line":197,"column":null}},"type":"binary-expr","locations":[{"start":{"line":197,"column":24},"end":{"line":197,"column":52}},{"start":{"line":197,"column":56},"end":{"line":197,"column":null}}]},"19":{"loc":{"start":{"line":212,"column":8},"end":{"line":212,"column":null}},"type":"cond-expr","locations":[{"start":{"line":212,"column":33},"end":{"line":212,"column":46}},{"start":{"line":212,"column":49},"end":{"line":212,"column":null}}]},"20":{"loc":{"start":{"line":267,"column":56},"end":{"line":267,"column":75}},"type":"binary-expr","locations":[{"start":{"line":267,"column":56},"end":{"line":267,"column":71}},{"start":{"line":267,"column":71},"end":{"line":267,"column":75}}]},"21":{"loc":{"start":{"line":370,"column":20},"end":{"line":370,"column":null}},"type":"if","locations":[{"start":{"line":370,"column":20},"end":{"line":370,"column":null}}]},"22":{"loc":{"start":{"line":400,"column":74},"end":{"line":400,"column":null}},"type":"binary-expr","locations":[{"start":{"line":400,"column":74},"end":{"line":400,"column":84}},{"start":{"line":400,"column":84},"end":{"line":400,"column":null}}]},"23":{"loc":{"start":{"line":402,"column":17},"end":{"line":402,"column":null}},"type":"cond-expr","locations":[{"start":{"line":402,"column":26},"end":{"line":402,"column":42}},{"start":{"line":402,"column":42},"end":{"line":402,"column":null}}]},"24":{"loc":{"start":{"line":402,"column":42},"end":{"line":402,"column":null}},"type":"cond-expr","locations":[{"start":{"line":402,"column":54},"end":{"line":402,"column":72}},{"start":{"line":402,"column":72},"end":{"line":402,"column":null}}]}},"s":{"0":2,"1":1,"2":1,"3":1,"4":1,"5":1,"6":1,"7":1,"8":1,"9":1,"10":1,"11":1,"12":1,"13":1,"14":1,"15":1,"16":6,"17":6,"18":6,"19":6,"20":6,"21":18,"22":6,"23":18,"24":6,"25":18,"26":6,"27":18,"28":6,"29":6,"30":6,"31":6,"32":6,"33":6,"34":2,"35":2,"36":2,"37":2,"38":0,"39":0,"40":0,"41":0,"42":0,"43":0,"44":0,"45":0,"46":0,"47":0,"48":0,"49":0,"50":0,"51":2,"52":0,"53":2,"54":2,"55":2,"56":2,"57":2,"58":2,"59":6,"60":5,"61":0,"62":6,"63":0,"64":0,"65":0,"66":0,"67":0,"68":0,"69":0,"70":0,"71":0,"72":0,"73":0,"74":0,"75":0,"76":0,"77":0,"78":0,"79":0,"80":0,"81":0,"82":0,"83":0,"84":6,"85":0,"86":30,"87":0,"88":1,"89":0,"90":0,"91":36,"92":0,"93":0,"94":0,"95":0,"96":0,"97":0},"f":{"0":30,"1":6,"2":6,"3":6,"4":18,"5":18,"6":18,"7":18,"8":2,"9":2,"10":2,"11":5,"12":0,"13":0,"14":30,"15":0,"16":1,"17":0,"18":0,"19":36,"20":0,"21":0,"22":0},"b":{"0":[6,0],"1":[0],"2":[0,0,0],"3":[0,0],"4":[0],"5":[0,0,0],"6":[0,0],"7":[0],"8":[0],"9":[2,0],"10":[2],"11":[0],"12":[5,3,3],"13":[0],"14":[0,0,0],"15":[0,0],"16":[0],"17":[0,0,0],"18":[0,0],"19":[0,0],"20":[6,0],"21":[0],"22":[6,6],"23":[0,6],"24":[2,4]}}
,"C:\\Users\\davis\\Workspace\\IA-AGGREGATOR\\frontend\\src\\app\\settings\\analytics\\debug\\diagnostics-page.tsx": {"path":"C:\\Users\\davis\\Workspace\\IA-AGGREGATOR\\frontend\\src\\app\\settings\\analytics\\debug\\diagnostics-page.tsx","statementMap":{"0":{"start":{"line":298,"column":24},"end":{"line":298,"column":null}},"1":{"start":{"line":3,"column":45},"end":{"line":3,"column":null}},"2":{"start":{"line":4,"column":26},"end":{"line":4,"column":null}},"3":{"start":{"line":5,"column":23},"end":{"line":5,"column":null}},"4":{"start":{"line":6,"column":94},"end":{"line":6,"column":null}},"5":{"start":{"line":11,"column":7},"end":{"line":11,"column":null}},"6":{"start":{"line":12,"column":22},"end":{"line":12,"column":null}},"7":{"start":{"line":13,"column":51},"end":{"line":13,"column":null}},"8":{"start":{"line":15,"column":19},"end":{"line":21,"column":null}},"9":{"start":{"line":16,"column":2},"end":{"line":20,"column":null}},"10":{"start":{"line":17,"column":4},"end":{"line":17,"column":null}},"11":{"start":{"line":19,"column":4},"end":{"line":19,"column":null}},"12":{"start":{"line":23,"column":28},"end":{"line":23,"column":null}},"13":{"start":{"line":24,"column":29},"end":{"line":24,"column":null}},"14":{"start":{"line":25,"column":33},"end":{"line":25,"column":null}},"15":{"start":{"line":26,"column":31},"end":{"line":26,"column":null}},"16":{"start":{"line":28,"column":25},"end":{"line":35,"column":null}},"17":{"start":{"line":37,"column":28},"end":{"line":42,"column":null}},"18":{"start":{"line":44,"column":30},"end":{"line":50,"column":null}},"19":{"start":{"line":52,"column":31},"end":{"line":56,"column":null}},"20":{"start":{"line":58,"column":30},"end":{"line":58,"column":null}},"21":{"start":{"line":60,"column":14},"end":{"line":62,"column":null}},"22":{"start":{"line":60,"column":30},"end":{"line":62,"column":null}},"23":{"start":{"line":61,"column":2},"end":{"line":61,"column":null}},"24":{"start":{"line":64,"column":17},"end":{"line":68,"column":null}},"25":{"start":{"line":65,"column":2},"end":{"line":65,"column":null}},"26":{"start":{"line":65,"column":45},"end":{"line":65,"column":null}},"27":{"start":{"line":66,"column":18},"end":{"line":66,"column":null}},"28":{"start":{"line":67,"column":2},"end":{"line":67,"column":null}},"29":{"start":{"line":138,"column":27},"end":{"line":144,"column":null}},"30":{"start":{"line":146,"column":34},"end":{"line":152,"column":null}},"31":{"start":{"line":154,"column":17},"end":{"line":159,"column":null}},"32":{"start":{"line":155,"column":2},"end":{"line":155,"column":null}},"33":{"start":{"line":155,"column":14},"end":{"line":155,"column":null}},"34":{"start":{"line":156,"column":15},"end":{"line":156,"column":null}},"35":{"start":{"line":157,"column":2},"end":{"line":157,"column":null}},"36":{"start":{"line":157,"column":36},"end":{"line":157,"column":null}},"37":{"start":{"line":158,"column":2},"end":{"line":158,"column":null}},"38":{"start":{"line":161,"column":16},"end":{"line":165,"column":null}},"39":{"start":{"line":162,"column":15},"end":{"line":162,"column":null}},"40":{"start":{"line":163,"column":2},"end":{"line":163,"column":null}},"41":{"start":{"line":164,"column":2},"end":{"line":164,"column":null}},"42":{"start":{"line":167,"column":25},"end":{"line":173,"column":null}},"43":{"start":{"line":168,"column":2},"end":{"line":168,"column":null}},"44":{"start":{"line":168,"column":23},"end":{"line":168,"column":null}},"45":{"start":{"line":169,"column":2},"end":{"line":169,"column":null}},"46":{"start":{"line":169,"column":23},"end":{"line":169,"column":null}},"47":{"start":{"line":170,"column":2},"end":{"line":170,"column":null}},"48":{"start":{"line":170,"column":23},"end":{"line":170,"column":null}},"49":{"start":{"line":171,"column":2},"end":{"line":171,"column":null}},"50":{"start":{"line":171,"column":24},"end":{"line":171,"column":null}},"51":{"start":{"line":172,"column":2},"end":{"line":172,"column":null}},"52":{"start":{"line":175,"column":20},"end":{"line":192,"column":null}},"53":{"start":{"line":176,"column":17},"end":{"line":176,"column":null}},"54":{"start":{"line":177,"column":2},"end":{"line":191,"column":null}},"55":{"start":{"line":178,"column":18},"end":{"line":178,"column":null}},"56":{"start":{"line":179,"column":17},"end":{"line":183,"column":null}},"57":{"start":{"line":184,"column":4},"end":{"line":184,"column":null}},"58":{"start":{"line":185,"column":4},"end":{"line":190,"column":null}},"59":{"start":{"line":194,"column":31},"end":{"line":199,"column":null}},"60":{"start":{"line":195,"column":2},"end":{"line":198,"column":null}},"61":{"start":{"line":196,"column":4},"end":{"line":196,"column":null}},"62":{"start":{"line":197,"column":4},"end":{"line":197,"column":null}},"63":{"start":{"line":201,"column":32},"end":{"line":209,"column":null}},"64":{"start":{"line":202,"column":2},"end":{"line":208,"column":null}},"65":{"start":{"line":203,"column":21},"end":{"line":203,"column":null}},"66":{"start":{"line":204,"column":4},"end":{"line":206,"column":null}},"67":{"start":{"line":205,"column":6},"end":{"line":205,"column":null}},"68":{"start":{"line":207,"column":4},"end":{"line":207,"column":null}},"69":{"start":{"line":211,"column":26},"end":{"line":216,"column":null}},"70":{"start":{"line":212,"column":16},"end":{"line":212,"column":55}},"71":{"start":{"line":213,"column":2},"end":{"line":213,"column":null}},"72":{"start":{"line":213,"column":14},"end":{"line":213,"column":null}},"73":{"start":{"line":214,"column":17},"end":{"line":214,"column":null}},"74":{"start":{"line":215,"column":2},"end":{"line":215,"column":null}},"75":{"start":{"line":218,"column":30},"end":{"line":296,"column":null}},"76":{"start":{"line":222,"column":20},"end":{"line":222,"column":null}},"77":{"start":{"line":223,"column":25},"end":{"line":223,"column":null}},"78":{"start":{"line":224,"column":25},"end":{"line":224,"column":null}},"79":{"start":{"line":225,"column":23},"end":{"line":225,"column":null}},"80":{"start":{"line":227,"column":2},"end":{"line":237,"column":null}},"81":{"start":{"line":228,"column":16},"end":{"line":228,"column":null}},"82":{"start":{"line":229,"column":4},"end":{"line":229,"column":null}},"83":{"start":{"line":229,"column":14},"end":{"line":229,"column":null}},"84":{"start":{"line":231,"column":4},"end":{"line":231,"column":null}},"85":{"start":{"line":232,"column":4},"end":{"line":232,"column":null}},"86":{"start":{"line":232,"column":50},"end":{"line":232,"column":null}},"87":{"start":{"line":233,"column":4},"end":{"line":233,"column":null}},"88":{"start":{"line":233,"column":40},"end":{"line":233,"column":null}},"89":{"start":{"line":234,"column":4},"end":{"line":236,"column":null}},"90":{"start":{"line":235,"column":6},"end":{"line":235,"column":null}},"91":{"start":{"line":239,"column":15},"end":{"line":239,"column":null}},"92":{"start":{"line":239,"column":52},"end":{"line":239,"column":null}},"93":{"start":{"line":240,"column":2},"end":{"line":251,"column":null}},"94":{"start":{"line":241,"column":4},"end":{"line":250,"column":null}},"95":{"start":{"line":253,"column":17},"end":{"line":253,"column":38}},"96":{"start":{"line":254,"column":20},"end":{"line":256,"column":null}},"97":{"start":{"line":257,"column":21},"end":{"line":259,"column":null}},"98":{"start":{"line":258,"column":22},"end":{"line":258,"column":null}},"99":{"start":{"line":259,"column":20},"end":{"line":259,"column":null}},"100":{"start":{"line":261,"column":19},"end":{"line":261,"column":null}},"101":{"start":{"line":262,"column":19},"end":{"line":262,"column":null}},"102":{"start":{"line":263,"column":19},"end":{"line":263,"column":null}},"103":{"start":{"line":264,"column":19},"end":{"line":264,"column":null}},"104":{"start":{"line":266,"column":2},"end":{"line":278,"column":null}},"105":{"start":{"line":267,"column":17},"end":{"line":267,"column":null}},"106":{"start":{"line":268,"column":17},"end":{"line":268,"column":null}},"107":{"start":{"line":270,"column":4},"end":{"line":273,"column":null}},"108":{"start":{"line":271,"column":6},"end":{"line":271,"column":null}},"109":{"start":{"line":272,"column":6},"end":{"line":272,"column":null}},"110":{"start":{"line":272,"column":36},"end":{"line":272,"column":null}},"111":{"start":{"line":274,"column":4},"end":{"line":277,"column":null}},"112":{"start":{"line":275,"column":6},"end":{"line":275,"column":null}},"113":{"start":{"line":276,"column":6},"end":{"line":276,"column":null}},"114":{"start":{"line":276,"column":36},"end":{"line":276,"column":null}},"115":{"start":{"line":280,"column":23},"end":{"line":280,"column":null}},"116":{"start":{"line":280,"column":56},"end":{"line":280,"column":76}},"117":{"start":{"line":281,"column":19},"end":{"line":284,"column":null}},"118":{"start":{"line":281,"column":57},"end":{"line":284,"column":null}},"119":{"start":{"line":286,"column":2},"end":{"line":295,"column":null}},"120":{"start":{"line":299,"column":30},"end":{"line":299,"column":null}},"121":{"start":{"line":300,"column":48},"end":{"line":300,"column":null}},"122":{"start":{"line":301,"column":50},"end":{"line":301,"column":null}},"123":{"start":{"line":302,"column":62},"end":{"line":302,"column":null}},"124":{"start":{"line":303,"column":50},"end":{"line":303,"column":null}},"125":{"start":{"line":304,"column":48},"end":{"line":304,"column":null}},"126":{"start":{"line":305,"column":44},"end":{"line":305,"column":null}},"127":{"start":{"line":306,"column":44},"end":{"line":306,"column":null}},"128":{"start":{"line":307,"column":46},"end":{"line":307,"column":null}},"129":{"start":{"line":308,"column":48},"end":{"line":308,"column":null}},"130":{"start":{"line":309,"column":64},"end":{"line":309,"column":null}},"131":{"start":{"line":310,"column":56},"end":{"line":310,"column":null}},"132":{"start":{"line":311,"column":58},"end":{"line":311,"column":null}},"133":{"start":{"line":312,"column":56},"end":{"line":312,"column":null}},"134":{"start":{"line":313,"column":56},"end":{"line":313,"column":null}},"135":{"start":{"line":314,"column":46},"end":{"line":314,"column":null}},"136":{"start":{"line":315,"column":46},"end":{"line":315,"column":null}},"137":{"start":{"line":316,"column":50},"end":{"line":316,"column":null}},"138":{"start":{"line":317,"column":50},"end":{"line":317,"column":null}},"139":{"start":{"line":318,"column":58},"end":{"line":318,"column":null}},"140":{"start":{"line":319,"column":58},"end":{"line":319,"column":null}},"141":{"start":{"line":320,"column":56},"end":{"line":320,"column":null}},"142":{"start":{"line":321,"column":50},"end":{"line":321,"column":null}},"143":{"start":{"line":323,"column":2},"end":{"line":325,"column":null}},"144":{"start":{"line":324,"column":4},"end":{"line":324,"column":null}},"145":{"start":{"line":327,"column":2},"end":{"line":370,"column":null}},"146":{"start":{"line":328,"column":4},"end":{"line":328,"column":null}},"147":{"start":{"line":328,"column":39},"end":{"line":328,"column":null}},"148":{"start":{"line":329,"column":4},"end":{"line":369,"column":null}},"149":{"start":{"line":330,"column":18},"end":{"line":330,"column":null}},"150":{"start":{"line":331,"column":6},"end":{"line":334,"column":null}},"151":{"start":{"line":332,"column":8},"end":{"line":332,"column":null}},"152":{"start":{"line":333,"column":8},"end":{"line":333,"column":null}},"153":{"start":{"line":336,"column":21},"end":{"line":336,"column":null}},"154":{"start":{"line":338,"column":6},"end":{"line":338,"column":null}},"155":{"start":{"line":338,"column":54},"end":{"line":338,"column":null}},"156":{"start":{"line":339,"column":6},"end":{"line":339,"column":null}},"157":{"start":{"line":339,"column":52},"end":{"line":339,"column":null}},"158":{"start":{"line":341,"column":6},"end":{"line":343,"column":null}},"159":{"start":{"line":341,"column":47},"end":{"line":341,"column":84}},"160":{"start":{"line":342,"column":8},"end":{"line":342,"column":null}},"161":{"start":{"line":345,"column":6},"end":{"line":347,"column":null}},"162":{"start":{"line":346,"column":8},"end":{"line":346,"column":null}},"163":{"start":{"line":349,"column":6},"end":{"line":349,"column":null}},"164":{"start":{"line":349,"column":58},"end":{"line":349,"column":null}},"165":{"start":{"line":350,"column":6},"end":{"line":350,"column":null}},"166":{"start":{"line":350,"column":58},"end":{"line":350,"column":null}},"167":{"start":{"line":351,"column":6},"end":{"line":351,"column":null}},"168":{"start":{"line":351,"column":53},"end":{"line":351,"column":null}},"169":{"start":{"line":352,"column":6},"end":{"line":352,"column":null}},"170":{"start":{"line":352,"column":53},"end":{"line":352,"column":null}},"171":{"start":{"line":354,"column":6},"end":{"line":356,"column":null}},"172":{"start":{"line":354,"column":49},"end":{"line":354,"column":93}},"173":{"start":{"line":355,"column":8},"end":{"line":355,"column":null}},"174":{"start":{"line":358,"column":6},"end":{"line":360,"column":null}},"175":{"start":{"line":358,"column":50},"end":{"line":358,"column":93}},"176":{"start":{"line":359,"column":8},"end":{"line":359,"column":null}},"177":{"start":{"line":362,"column":6},"end":
[...]
":65,"column":54}},{"start":{"line":65,"column":54},"end":{"line":65,"column":null}}]},"2":{"loc":{"start":{"line":75,"column":15},"end":{"line":75,"column":null}},"type":"binary-expr","locations":[{"start":{"line":75,"column":15},"end":{"line":75,"column":32}},{"start":{"line":75,"column":36},"end":{"line":75,"column":null}}]},"3":{"loc":{"start":{"line":76,"column":18},"end":{"line":76,"column":null}},"type":"binary-expr","locations":[{"start":{"line":76,"column":18},"end":{"line":76,"column":38}},{"start":{"line":76,"column":42},"end":{"line":76,"column":null}}]},"4":{"loc":{"start":{"line":77,"column":15},"end":{"line":77,"column":null}},"type":"binary-expr","locations":[{"start":{"line":77,"column":15},"end":{"line":77,"column":32}},{"start":{"line":77,"column":36},"end":{"line":77,"column":null}}]},"5":{"loc":{"start":{"line":78,"column":18},"end":{"line":78,"column":null}},"type":"binary-expr","locations":[{"start":{"line":78,"column":18},"end":{"line":78,"column":38}},{"start":{"line":78,"column":42},"end":{"line":78,"column":null}}]},"6":{"loc":{"start":{"line":79,"column":18},"end":{"line":79,"column":null}},"type":"binary-expr","locations":[{"start":{"line":79,"column":18},"end":{"line":79,"column":38}},{"start":{"line":79,"column":42},"end":{"line":79,"column":null}}]},"7":{"loc":{"start":{"line":80,"column":14},"end":{"line":80,"column":null}},"type":"binary-expr","locations":[{"start":{"line":80,"column":14},"end":{"line":80,"column":30}},{"start":{"line":80,"column":34},"end":{"line":80,"column":null}}]},"8":{"loc":{"start":{"line":99,"column":2},"end":{"line":101,"column":null}},"type":"if","locations":[{"start":{"line":99,"column":2},"end":{"line":101,"column":null}}]},"9":{"loc":{"start":{"line":99,"column":6},"end":{"line":99,"column":56}},"type":"binary-expr","locations":[{"start":{"line":99,"column":6},"end":{"line":99,"column":18}},{"start":{"line":99,"column":22},"end":{"line":99,"column":43}},{"start":{"line":99,"column":43},"end":{"line":99,"column":56}}]},"10":{"loc":{"start":{"line":100,"column":20},"end":{"line":100,"column":null}},"type":"binary-expr","locations":[{"start":{"line":100,"column":20},"end":{"line":100,"column":40}},{"start":{"line":100,"column":40},"end":{"line":100,"column":null}}]},"11":{"loc":{"start":{"line":112,"column":10},"end":{"line":112,"column":29}},"type":"binary-expr","locations":[{"start":{"line":112,"column":10},"end":{"line":112,"column":27}},{"start":{"line":112,"column":27},"end":{"line":112,"column":29}}]},"12":{"loc":{"start":{"line":129,"column":35},"end":{"line":129,"column":81}},"type":"binary-expr","locations":[{"start":{"line":129,"column":35},"end":{"line":129,"column":59}},{"start":{"line":129,"column":59},"end":{"line":129,"column":81}}]},"13":{"loc":{"start":{"line":131,"column":4},"end":{"line":132,"column":24}},"type":"binary-expr","locations":[{"start":{"line":131,"column":4},"end":{"line":131,"column":null}},{"start":{"line":132,"column":4},"end":{"line":132,"column":24}}]},"14":{"loc":{"start":{"line":136,"column":26},"end":{"line":136,"column":null}},"type":"binary-expr","locations":[{"start":{"line":136,"column":26},"end":{"line":136,"column":56}},{"start":{"line":136,"column":56},"end":{"line":136,"column":null}}]},"15":{"loc":{"start":{"line":137,"column":19},"end":{"line":137,"column":null}},"type":"binary-expr","locations":[{"start":{"line":137,"column":19},"end":{"line":137,"column":52}},{"start":{"line":137,"column":52},"end":{"line":137,"column":null}}]},"16":{"loc":{"start":{"line":155,"column":22},"end":{"line":155,"column":81}},"type":"cond-expr","locations":[{"start":{"line":155,"column":58},"end":{"line":155,"column":76}},{"start":{"line":155,"column":79},"end":{"line":155,"column":81}}]},"17":{"loc":{"start":{"line":160,"column":10},"end":{"line":163,"column":null}},"type":"cond-expr","locations":[{"start":{"line":162,"column":14},"end":{"line":162,"column":40}},{"start":{"line":163,"column":14},"end":{"line":163,"column":null}}]},"18":{"loc":{"start":{"line":160,"column":10},"end":{"line":161,"column":null}},"type":"binary-expr","locations":[{"start":{"line":160,"column":10},"end":{"line":160,"column":36}},{"start":{"line":161,"column":10},"end":{"line":161,"column":null}}]},"19":{"loc":{"start":{"line":163,"column":14},"end":{"line":163,"column":null}},"type":"binary-expr","locations":[{"start":{"line":163,"column":14},"end":{"line":163,"column":38}},{"start":{"line":163,"column":38},"end":{"line":163,"column":null}}]},"20":{"loc":{"start":{"line":165,"column":10},"end":{"line":166,"column":29}},"type":"binary-expr","locations":[{"start":{"line":165,"column":10},"end":{"line":165,"column":null}},{"start":{"line":166,"column":10},"end":{"line":166,"column":29}}]},"21":{"loc":{"start":{"line":190,"column":10},"end":{"line":192,"column":null}},"type":"cond-expr","locations":[{"start":{"line":191,"column":14},"end":{"line":191,"column":null}},{"start":{"line":192,"column":14},"end":{"line":192,"column":null}}]},"22":{"loc":{"start":{"line":198,"column":4},"end":{"line":198,"column":null}},"type":"if","locations":[{"start":{"line":198,"column":4},"end":{"line":198,"column":null}}]},"23":{"loc":{"start":{"line":233,"column":23},"end":{"line":233,"column":65}},"type":"binary-expr","locations":[{"start":{"line":233,"column":23},"end":{"line":233,"column":46}},{"start":{"line":233,"column":46},"end":{"line":233,"column":65}}]},"24":{"loc":{"start":{"line":248,"column":4},"end":{"line":248,"column":null}},"type":"if","locations":[{"start":{"line":248,"column":4},"end":{"line":248,"column":null}}]},"25":{"loc":{"start":{"line":269,"column":4},"end":{"line":269,"column":null}},"type":"if","locations":[{"start":{"line":269,"column":4},"end":{"line":269,"column":null}}]},"26":{"loc":{"start":{"line":272,"column":4},"end":{"line":274,"column":null}},"type":"if","locations":[{"start":{"line":272,"column":4},"end":{"line":274,"column":null}}]},"27":{"loc":{"start":{"line":279,"column":6},"end":{"line":280,"column":25}},"type":"binary-expr","locations":[{"start":{"line":279,"column":6},"end":{"line":279,"column":null}},{"start":{"line":280,"column":6},"end":{"line":280,"column":25}}]},"28":{"loc":{"start":{"line":316,"column":8},"end":{"line":317,"column":null}},"type":"binary-expr","locations":[{"start":{"line":316,"column":8},"end":{"line":316,"column":35}},{"start":{"line":316,"column":35},"end":{"line":316,"column":null}},{"start":{"line":317,"column":9},"end":{"line":317,"column":35}},{"start":{"line":317,"column":35},"end":{"line":317,"column":null}}]},"29":{"loc":{"start":{"line":319,"column":6},"end":{"line":321,"column":null}},"type":"if","locations":[{"start":{"line":319,"column":6},"end":{"line":321,"column":null}}]},"30":{"loc":{"start":{"line":330,"column":6},"end":{"line":332,"column":null}},"type":"if","locations":[{"start":{"line":330,"column":6},"end":{"line":332,"column":null}}]},"31":{"loc":{"start":{"line":356,"column":8},"end":{"line":356,"column":101}},"type":"cond-expr","locations":[{"start":{"line":356,"column":44},"end":{"line":356,"column":75}},{"start":{"line":356,"column":75},"end":{"line":356,"column":101}}]},"32":{"loc":{"start":{"line":356,"column":44},"end":{"line":356,"column":75}},"type":"binary-expr","locations":[{"start":{"line":356,"column":44},"end":{"line":356,"column":68}},{"start":{"line":356,"column":68},"end":{"line":356,"column":75}}]},"33":{"loc":{"start":{"line":358,"column":8},"end":{"line":359,"column":27}},"type":"binary-expr","locations":[{"start":{"line":358,"column":8},"end":{"line":358,"column":null}},{"start":{"line":359,"column":8},"end":{"line":359,"column":27}}]}},"s":{"0":163,"1":5,"2":5,"3":5,"4":8,"5":0,"6":0,"7":0,"8":2,"9":5,"10":7,"11":0,"12":7,"13":0,"14":7,"15":6,"16":6,"17":4,"18":2,"19":4,"20":4,"21":4,"22":4,"23":5,"24":5,"25":3,"26":3,"27":3,"28":3,"29":3,"30":3,"31":0,"32":3,"33":1,"34":3,"35":0,"36":0,"37":1,"38":1,"39":0,"40":1,"41":1,"42":1,"43":0,"44":0,"45":0,"46":0,"47":0,"48":2,"49":2,"50":2,"51":2,"52":2,"53":2,"54":0,"55":0,"56":0,"57":0,"58":0,"59":0,"60":0,"61":0,"62":0,"63":0,"64":0,"65":0,"66":0,"67":0,"68":0,"69":0,"70":1,"71":1,"72":1,"73":1,"74":1,"75":1,"76":0,"77":1,"78":1,"79":1,"80":1,"81":1,"82":1,"83":1,"84":1,"85":1,"86":1,"87":1,"88":1,"89":1,"90":1,"91":0,"92":0,"93":0,"94":0,"95":0,"96":0,"97":0,"98":0,"99":0,"100":0,"101":0,"102":0,"103":0,"104":0,"105":0,"106":0,"107":0},"f":{"0":8,"1":0,"2":2,"3":5,"4":7,"5":0,"6":6,"7":4,"8":2,"9":4,"10":5,"11":3,"12":3,"13":0,"14":1,"15":0,"16":1,"17":1,"18":0,"19":0,"20":0,"21":0,"22":2,"23":2,"24":0,"25":0,"26":0,"27":0,"28":0,"29":0,"30":0,"31":0,"32":1,"33":1,"34":1,"35":1,"36":1,"37":0,"38":0,"39":0,"40":0,"41":0,"42":0},"b":{"0":[0],"1":[0,0],"2":[2,1],"3":[2,1],"4":[2,1],"5":[2,1],"6":[2,0],"7":[2,1],"8":[0],"9":[7,7,7],"10":[0,0],"11":[6,6],"12":[4,0],"13":[4,0],"14":[4,0],"15":[4,0],"16":[2,1],"17":[0,3],"18":[3,0],"19":[3,2],"20":[3,2],"21":[0,0],"22":[1],"23":[0,0],"24":[0],"25":[0],"26":[1],"27":[1,0],"28":[0,0,0,0],"29":[0],"30":[0],"31":[0,0],"32":[0,0],"33":[0,0]}}
,"C:\\Users\\davis\\Workspace\\IA-AGGREGATOR\\frontend\\src\\stores\\theme-store.ts": {"path":"C:\\Users\\davis\\Workspace\\IA-AGGREGATOR\\frontend\\src\\stores\\theme-store.ts","statementMap":{"0":{"start":{"line":29,"column":13},"end":{"line":29,"column":29}},"1":{"start":{"line":1,"column":23},"end":{"line":1,"column":null}},"2":{"start":{"line":2,"column":24},"end":{"line":2,"column":null}},"3":{"start":{"line":15,"column":23},"end":{"line":18,"column":null}},"4":{"start":{"line":16,"column":2},"end":{"line":16,"column":null}},"5":{"start":{"line":16,"column":37},"end":{"line":16,"column":null}},"6":{"start":{"line":17,"column":2},"end":{"line":17,"column":null}},"7":{"start":{"line":20,"column":24},"end":{"line":27,"column":null}},"8":{"start":{"line":24,"column":2},"end":{"line":24,"column":null}},"9":{"start":{"line":24,"column":39},"end":{"line":24,"column":null}},"10":{"start":{"line":25,"column":2},"end":{"line":25,"column":null}},"11":{"start":{"line":26,"column":2},"end":{"line":26,"column":null}},"12":{"start":{"line":29,"column":29},"end":{"line":59,"column":null}},"13":{"start":{"line":31,"column":19},"end":{"line":48,"column":null}},"14":{"start":{"line":37,"column":25},"end":{"line":37,"column":null}},"15":{"start":{"line":38,"column":8},"end":{"line":38,"column":null}},"16":{"start":{"line":39,"column":8},"end":{"line":39,"column":null}},"17":{"start":{"line":42,"column":29},"end":{"line":42,"column":40}},"18":{"start":{"line":44,"column":10},"end":{"line":44,"column":null}},"19":{"start":{"line":45,"column":8},"end":{"line":45,"column":null}},"20":{"start":{"line":46,"column":8},"end":{"line":46,"column":null}},"21":{"start":{"line":51,"column":32},"end":{"line":58,"column":null}},"22":{"start":{"line":52,"column":8},"end":{"line":52,"column":null}},"23":{"start":{"line":52,"column":20},"end":{"line":52,"column":null}},"24":{"start":{"line":54,"column":10},"end":{"line":54,"column":67}},"25":{"start":{"line":55,"column":8},"end":{"line":55,"column":null}},"26":{"start":{"line":56,"column":8},"end":{"line":56,"column":null}},"27":{"start":{"line":57,"column":8},"end":{"line":57,"column":null}}},"fnMap":{"0":{"name":"(anonymous_1)","decl":{"start":{"line":15,"column":23},"end":{"line":15,"column":null}},"loc":{"start":{"line":15,"column":23},"end":{"line":18,"column":null}}},"1":{"name":"(anonymous_2)","decl":{"start":{"line":20,"column":24},"end":{"line":20,"column":null}},"loc":{"start":{"line":22,"column":2},"end":{"line":27,"column":null}}},"2":{"name":"(anonymous_3)","decl":{"start":{"line":31,"column":4},"end":{"line":31,"column":5}},"loc":{"start":{"line":31,"column":19},"end":{"line":48,"column":null}}},"3":{"name":"(anonymous_4)","decl":{"start":{"line":36,"column":16},"end":{"line":36,"column":17}},"loc":{"start":{"line":36,"column":17},"end":{"line":40,"column":null}}},"4":{"name":"(anonymous_5)","decl":{"start":{"line":41,"column":23},"end":{"line":41,"column":24}},"loc":{"start":{"line":41,"column":24},"end":{"line":47,"column":null}}},"5":{"name":"(anonymous_6)","decl":{"start":{"line":51,"column":26},"end":{"line":51,"column":32}},"loc":{"start":{"line":51,"column":32},"end":{"line":58,"column":null}}},"6":{"name":"(anonymous_7)","decl":{"start":{"line":51,"column":32},"end":{"line":51,"column":33}},"loc":{"start":{"line":51,"column":33},"end":{"line":58,"column":null}}}},"branchMap":{"0":{"loc":{"start":{"line":16,"column":2},"end":{"line":16,"column":null}},"type":"if","locations":[{"start":{"line":16,"column":2},"end":{"line":16,"column":null}}]},"1":{"loc":{"start":{"line":17,"column":9},"end":{"line":17,"column":null}},"type":"cond-expr","locations":[{"start":{"line":17,"column":69},"end":{"line":17,"column":78}},{"start":{"line":17,"column":78},"end":{"line":17,"column":null}}]},"2":{"loc":{"start":{"line":24,"column":2},"end":{"line":24,"column":null}},"type":"if","locations":[{"start":{"line":24,"column":2},"end":{"line":24,"column":null}}]},"3":{"loc":{"start":{"line":37,"column":25},"end":{"line":37,"column":null}},"type":"cond-expr","locations":[{"start":{"line":37,"column":46},"end":{"line":37,"column":65}},{"start":{"line":37,"column":65},"end":{"line":37,"column":null}}]},"4":{"loc":{"start":{"line":44,"column":10},"end":{"line":44,"column":null}},"type":"cond-expr","locations":[{"start":{"line":44,"column":38},"end":{"line":44,"column":57}},{"start":{"line":44,"column":57},"end":{"line":44,"column":null}}]},"5":{"loc":{"start":{"line":52,"column":8},"end":{"line":52,"column":null}},"type":"if","locations":[{"start":{"line":52,"column":8},"end":{"line":52,"column":null}}]},"6":{"loc":{"start":{"line":54,"column":10},"end":{"line":54,"column":67}},"type":"cond-expr","locations":[{"start":{"line":54,"column":37},"end":{"line":54,"column":56}},{"start":{"line":54,"column":56},"end":{"line":54,"column":67}}]},"7":{"loc":{"start":{"line":55,"column":34},"end":{"line":55,"column":null}},"type":"binary-expr","locations":[{"start":{"line":55,"column":34},"end":{"line":55,"column":52}},{"start":{"line":55,"column":56},"end":{"line":55,"column":null}}]},"8":{"loc":{"start":{"line":57,"column":29},"end":{"line":57,"column":null}},"type":"binary-expr","locations":[{"start":{"line":57,"column":29},"end":{"line":57,"column":47}},{"start":{"line":57,"column":51},"end":{"line":57,"column":null}}]}},"s":{"0":184,"1":6,"2":6,"3":6,"4":0,"5":0,"6":0,"7":6,"8":6,"9":0,"10":6,"11":6,"12":6,"13":6,"14":0,"15":0,"16":0,"17":0,"18":0,"19":0,"20":0,"21":6,"22":6,"23":0,"24":6,"25":6,"26":6,"27":6},"f":{"0":0,"1":6,"2":6,"3":0,"4":0,"5":6,"6":6},"b":{"0":[0],"1":[0,0],"2":[0],"3":[0,0],"4":[0,0],"5":[0],"6":[0,6],"7":[6,0],"8":[6,0]}}
,"C:\\Users\\davis\\Workspace\\IA-AGGREGATOR\\frontend\\src\\stores\\toast-store.ts": {"path":"C:\\Users\\davis\\Workspace\\IA-AGGREGATOR\\frontend\\src\\stores\\toast-store.ts","statementMap":{"0":{"start":{"line":40,"column":13},"end":{"line":40,"column":21}},"1":{"start":{"line":20,"column":13},"end":{"line":20,"column":29}},"2":{"start":{"line":1,"column":23},"end":{"line":1,"column":null}},"3":{"start":{"line":18,"column":12},"end":{"line":18,"column":81}},"4":{"start":{"line":18,"column":18},"end":{"line":18,"column":81}},"5":{"start":{"line":20,"column":29},"end":{"line":38,"column":null}},"6":{"start":{"line":20,"column":58},"end":{"line":38,"column":null}},"7":{"start":{"line":23,"column":15},"end":{"line":23,"column":null}},"8":{"start":{"line":24,"column":4},"end":{"line":26,"column":null}},"9":{"start":{"line":24,"column":20},"end":{"line":26,"column":null}},"10":{"start":{"line":28,"column":4},"end":{"line":30,"column":null}},"11":{"start":{"line":29,"column":6},"end":{"line":29,"column":null}},"12":{"start":{"line":29,"column":22},"end":{"line":29,"column":null}},"13":{"start":{"line":29,"column":62},"end":{"line":29,"column":78}},"14":{"start":{"line":32,"column":4},"end":{"line":32,"column":null}},"15":{"start":{"line":35,"column":4},"end":{"line":37,"column":null}},"16":{"start":{"line":35,"column":20},"end":{"line":37,"column":null}},"17":{"start":{"line":36,"column":45},"end":{"line":36,"column":null}},"18":{"start":{"line":40,"column":21},"end":{"line":47,"column":null}},"19":{"start":{"line":42,"column":4},"end":{"line":42,"column":null}},"20":{"start":{"line":44,"column":4},"end":{"line":44,"column":null}},"21":{"start":{"line":46,"column":4},"end":{"line":46,"column":null}}},"fnMap":{"0":{"name":"(anonymous_3)","decl":{"start":{"line":18,"column":12},"end":{"line":18,"column":18}},"loc":{"start":{"line":18,"column":18},"end":{"line":18,"column":81}}},"1":{"name":"(anonymous_4)","decl":{"start":{"line":20,"column":48},"end":{"line":20,"column":49}},"loc":{"start":{"line":20,"column":58},"end":{"line":38,"column":null}}},"2":{"name":"(anonymous_5)","decl":{"start":{"line":22,"column":12},"end":{"line":22,"column":13}},"loc":{"start":{"line":22,"column":13},"end":{"line":33,"column":null}}},"3":{"name":"(anonymous_6)","decl":{"start":{"line":24,"column":8},"end":{"line":24,"column":9}},"loc":{"start":{"line":24,"column":20},"end":{"line":26,"column":null}}},"4":{"name":"(anonymous_7)","decl":{"start":{"line":28,"column":15},"end":{"line":28,"column":null}},"loc":{"start":{"line":28,"column":15},"end":{"line":30,"column":7}}},"5":{"name":"(anonymous_8)","decl":{"start":{"line":29,"column":10},"end":{"line":29,"column":11}},"loc":{"start":{"line":29,"column":22},"end":{"line":29,"column":null}}},"6":{"name":"(anonymous_9)","decl":{"start":{"line":29,"column":52},"end":{"line":29,"column":53}},"loc":{"start":{"line":29,"column":62},"end":{"line":29,"column":78}}},"7":{"name":"(anonymous_10)","decl":{"start":{"line":34,"column":15},"end":{"line":34,"column":16}},"loc":{"start":{"line":35,"column":4},"end":{"line":37,"column":null}}},"8":{"name":"(anonymous_11)","decl":{"start":{"line":35,"column":8},"end":{"line":35,"column":9}},"loc":{"start":{"line":35,"column":20},"end":{"line":37,"column":null}}},"9":{"name":"(anonymous_12)","decl":{"start":{"line":36,"column":34},"end":{"line":36,"column":35}},"loc":{"start":{"line":36,"column":45},"end":{"line":36,"column":null}}},"10":{"name":"(anonymous_13)","decl":{"start":{"line":41,"column":11},"end":{"line":41,"column":12}},"loc":{"start":{"line":42,"column":4},"end":{"line":42,"column":null}}},"11":{"name":"(anonymous_14)","decl":{"start":{"line":43,"column":9},"end":{"line":43,"column":10}},"loc":{"start":{"line":44,"column":4},"end":{"line":44,"column":null}}},"12":{"name":"(anonymous_15)","decl":{"start":{"line":45,"column":8},"end":{"line":45,"column":9}},"loc":{"start":{"line":46,"column":4},"end":{"line":46,"column":null}}}},"branchMap":{},"s":{"0":3,"1":4,"2":7,"3":7,"4":3,"5":7,"6":7,"7":3,"8":3,"9":3,"10":3,"11":1,"12":1,"13":1,"14":3,"15":0,"16":0,"17":0,"18":7,"19":1,"20":2,"21":0},"f":{"0":3,"1":7,"2":3,"3":3,"4":1,"5":1,"6":1,"7":0,"8":0,"9":0,"10":1,"11":2,"12":0},"b":{}}
,"C:\\Users\\davis\\Workspace\\IA-AGGREGATOR\\frontend\\test\\mocks\\react-markdown.tsx": {"path":"C:\\Users\\davis\\Workspace\\IA-AGGREGATOR\\frontend\\test\\mocks\\react-markdown.tsx","statementMap":{"0":{"start":{"line":7,"column":24},"end":{"line":7,"column":38}}},"fnMap":{"0":{"name":"ReactMarkdown","decl":{"start":{"line":7,"column":24},"end":{"line":7,"column":38}},"loc":{"start":{"line":7,"column":70},"end":{"line":9,"column":null}}}},"branchMap":{},"s":{"0":0},"f":{"0":0},"b":{}}
,"C:\\Users\\davis\\Workspace\\IA-AGGREGATOR\\frontend\\test\\mocks\\remark-gfm.ts": {"path":"C:\\Users\\davis\\Workspace\\IA-AGGREGATOR\\frontend\\test\\mocks\\remark-gfm.ts","statementMap":{"0":{"start":{"line":1,"column":24},"end":{"line":1,"column":null}},"1":{"start":{"line":2,"column":2},"end":{"line":2,"column":null}}},"fnMap":{"0":{"name":"remarkGfm","decl":{"start":{"line":1,"column":24},"end":{"line":1,"column":null}},"loc":{"start":{"line":1,"column":24},"end":{"line":3,"column":null}}}},"branchMap":{},"s":{"0":0,"1":0},"f":{"0":0},"b":{}}
}
