TN:
SF:src\app\api\v1\ai\chat\route.ts
FN:18,POST
FNF:1
FNH:1
FNDA:1,POST
DA:1,1
DA:2,1
DA:3,1
DA:5,1
DA:7,1
DA:18,1
DA:19,1
DA:20,1
DA:21,0
DA:24,1
DA:25,1
DA:26,1
DA:28,0
LF:13
LH:11
BRDA:20,0,0,0
BRDA:29,1,0,0
BRDA:29,1,1,0
BRF:3
BRH:0
end_of_record
TN:
SF:src\app\billing\page.tsx
FN:44,BillingPage
FN:50,(anonymous_2)
FN:67,(anonymous_3)
FN:79,(anonymous_4)
FN:161,(anonymous_5)
FN:181,(anonymous_6)
FN:200,(anonymous_7)
FNF:7
FNH:7
FNDA:2,BillingPage
FNDA:1,(anonymous_2)
FNDA:1,(anonymous_3)
FNDA:2,(anonymous_4)
FNDA:2,(anonymous_5)
FNDA:2,(anonymous_6)
FNDA:2,(anonymous_7)
DA:3,1
DA:4,1
DA:5,1
DA:6,1
DA:14,1
DA:44,1
DA:45,2
DA:46,2
DA:47,2
DA:48,2
DA:50,2
DA:51,1
DA:52,1
DA:53,1
DA:54,1
DA:55,1
DA:56,1
DA:57,0
DA:59,1
DA:61,0
DA:63,1
DA:67,2
DA:68,1
DA:72,2
DA:73,2
DA:74,2
DA:75,2
DA:76,2
DA:77,2
DA:78,2
DA:79,2
DA:162,2
DA:182,2
DA:201,2
LF:34
LH:32
BRDA:56,0,0,0
BRDA:56,1,0,1
BRDA:56,1,1,1
BRDA:56,1,2,1
BRDA:57,2,0,0
BRDA:57,2,1,0
BRDA:61,3,0,0
BRDA:61,3,1,0
BRDA:72,4,0,2
BRDA:72,4,1,1
BRDA:73,5,0,2
BRDA:73,5,1,1
BRDA:74,6,0,2
BRDA:74,6,1,1
BRDA:75,7,0,2
BRDA:75,7,1,1
BRDA:76,8,0,2
BRDA:76,8,1,1
BRDA:77,9,0,2
BRDA:77,9,1,1
BRDA:78,10,0,2
BRDA:78,10,1,1
BRDA:90,11,0,1
BRDA:98,12,0,0
BRDA:119,13,0,1
BRDA:119,13,1,0
BRDA:135,14,0,0
BRDA:151,15,0,1
BRDA:151,15,1,0
BRDA:152,16,0,1
BRDA:152,16,1,0
BRDA:157,17,0,1
BRDA:186,18,0,1
BRDA:186,18,1,1
BRDA:191,19,0,2
BRDA:208,20,0,1
BRDA:213,21,0,0
BRDA:213,21,1,1
BRF:38
BRH:27
end_of_record
TN:
SF:src\app\chat\page.tsx
FN:13,ChatPageContent
FN:14,(anonymous_2)
FN:15,(anonymous_3)
FN:16,(anonymous_4)
FN:17,(anonymous_5)
FN:18,(anonymous_6)
FN:19,(anonymous_7)
FN:20,(anonymous_8)
FN:23,(anonymous_9)
FN:28,(anonymous_10)
FN:33,(anonymous_11)
FN:34,(anonymous_12)
FN:41,(anonymous_13)
FN:44,(anonymous_14)
FN:46,(anonymous_15)
FN:50,(anonymous_16)
FN:86,ChatPage
FNF:17
FNH:16
FNDA:4,ChatPageContent
FNDA:4,(anonymous_2)
FNDA:4,(anonymous_3)
FNDA:4,(anonymous_4)
FNDA:4,(anonymous_5)
FNDA:4,(anonymous_6)
FNDA:4,(anonymous_7)
FNDA:4,(anonymous_8)
FNDA:4,(anonymous_9)
FNDA:4,(anonymous_10)
FNDA:4,(anonymous_11)
FNDA:1,(anonymous_12)
FNDA:4,(anonymous_13)
FNDA:4,(anonymous_14)
FNDA:0,(anonymous_15)
FNDA:4,(anonymous_16)
FNDA:4,ChatPage
DA:3,1
DA:4,1
DA:5,1
DA:6,1
DA:7,1
DA:8,1
DA:9,1
DA:10,1
DA:11,1
DA:14,4
DA:15,4
DA:16,4
DA:17,4
DA:18,4
DA:19,4
DA:20,4
DA:21,4
DA:23,4
DA:24,4
DA:25,4
DA:26,4
DA:28,4
DA:29,4
DA:33,4
DA:34,4
DA:35,1
DA:36,0
DA:37,0
DA:40,4
DA:41,4
DA:44,4
DA:45,4
DA:46,0
DA:47,0
DA:50,4
DA:51,4
DA:53,1
DA:57,1
DA:60,4
DA:86,4
LF:40
LH:36
BRDA:24,0,0,4
BRDA:24,0,1,4
BRDA:35,1,0,0
BRDA:35,2,0,1
BRDA:35,2,1,1
BRDA:35,2,2,0
BRDA:45,3,0,4
BRDA:46,4,0,0
BRDA:51,5,0,3
BRDA:51,6,0,4
BRDA:51,6,1,1
BRDA:60,7,0,0
BRDA:60,8,0,4
BRDA:60,8,1,4
BRDA:74,9,0,1
BRDA:74,9,1,3
BRF:16
BRH:12
end_of_record
TN:
SF:src\app\library\page.tsx
FN:26,LibraryPage
FN:32,(anonymous_2)
FN:33,(anonymous_3)
FN:34,(anonymous_4)
FN:35,(anonymous_5)
FN:36,(anonymous_6)
FN:38,(anonymous_7)
FN:42,(anonymous_8)
FN:42,(anonymous_9)
FN:44,(anonymous_10)
FN:45,(anonymous_11)
FN:48,(anonymous_12)
FN:49,(anonymous_13)
FN:50,(anonymous_14)
FN:51,(anonymous_15)
FN:55,(anonymous_16)
FN:61,(anonymous_17)
FN:82,(anonymous_18)
FN:91,(anonymous_19)
FN:105,(anonymous_20)
FN:105,(anonymous_21)
FN:108,(anonymous_22)
FN:111,(anonymous_23)
FN:132,(anonymous_24)
FN:146,(anonymous_25)
FN:152,(anonymous_26)
FN:159,(anonymous_27)
FN:170,(anonymous_28)
FN:188,(anonymous_29)
FN:195,(anonymous_30)
FN:201,(anonymous_31)
FNF:31
FNH:17
FNDA:5,LibraryPage
FNDA:5,(anonymous_2)
FNDA:5,(anonymous_3)
FNDA:5,(anonymous_4)
FNDA:5,(anonymous_5)
FNDA:5,(anonymous_6)
FNDA:4,(anonymous_7)
FNDA:4,(anonymous_8)
FNDA:8,(anonymous_9)
FNDA:5,(anonymous_10)
FNDA:10,(anonymous_11)
FNDA:0,(anonymous_12)
FNDA:0,(anonymous_13)
FNDA:0,(anonymous_14)
FNDA:4,(anonymous_15)
FNDA:1,(anonymous_16)
FNDA:0,(anonymous_17)
FNDA:0,(anonymous_18)
FNDA:0,(anonymous_19)
FNDA:0,(anonymous_20)
FNDA:0,(anonymous_21)
FNDA:15,(anonymous_22)
FNDA:0,(anonymous_23)
FNDA:0,(anonymous_24)
FNDA:0,(anonymous_25)
FNDA:0,(anonymous_26)
FNDA:0,(anonymous_27)
FNDA:9,(anonymous_28)
FNDA:1,(anonymous_29)
FNDA:0,(anonymous_30)
FNDA:1,(anonymous_31)
DA:3,1
DA:4,1
DA:5,1
DA:6,1
DA:7,1
DA:8,1
DA:9,1
DA:10,1
DA:11,1
DA:21,1
DA:26,4
DA:27,5
DA:28,5
DA:29,5
DA:30,5
DA:31,5
DA:32,5
DA:33,5
DA:34,5
DA:35,5
DA:36,5
DA:38,5
DA:39,4
DA:42,8
DA:44,5
DA:45,5
DA:46,10
DA:48,5
DA:49,5
DA:50,5
DA:51,5
DA:52,5
DA:55,5
DA:56,1
DA:57,1
DA:58,1
DA:61,5
DA:62,0
DA:63,0
DA:64,0
DA:82,0
DA:91,0
DA:105,0
DA:109,15
DA:111,0
DA:133,0
DA:146,0
DA:152,0
DA:159,0
DA:171,9
DA:188,1
DA:195,0
DA:201,1
LF:53
LH:41
BRDA:48,0,0,0
BRDA:49,1,0,0
BRDA:49,1,1,5
BRDA:50,2,0,0
BRDA:50,2,1,5
BRDA:62,3,0,0
BRDA:75,4,0,5
BRDA:75,4,1,0
BRDA:85,5,0,5
BRDA:85,5,1,0
BRDA:94,6,0,0
BRDA:94,6,1,5
BRDA:106,7,0,5
BRDA:106,7,1,0
BRDA:114,8,0,5
BRDA:114,8,1,10
BRDA:114,9,0,5
BRDA:114,9,1,5
BRDA:121,10,0,0
BRDA:124,11,0,0
BRDA:124,11,1,0
BRDA:127,12,0,0
BRDA:127,12,1,0
BRDA:131,13,0,0
BRDA:138,14,0,0
BRDA:154,15,0,0
BRDA:154,15,1,0
BRDA:178,16,0,9
BRDA:190,17,0,5
BRDA:190,17,1,4
BRF:30
BRH:13
end_of_record
TN:
SF:src\app\prompts\page.tsx
FN:38,PromptsPage
FN:45,(anonymous_2)
FN:48,(anonymous_3)
FN:74,(anonymous_4)
FN:79,(anonymous_5)
FN:80,(anonymous_6)
FN:83,(anonymous_7)
FN:98,(anonymous_8)
FN:99,(anonymous_9)
FN:107,(anonymous_10)
FN:141,(anonymous_11)
FN:144,(anonymous_12)
FN:146,(anonymous_13)
FN:162,(anonymous_14)
FN:187,(anonymous_15)
FNF:15
FNH:14
FNDA:2,PromptsPage
FNDA:1,(anonymous_2)
FNDA:1,(anonymous_3)
FNDA:1,(anonymous_4)
FNDA:2,(anonymous_5)
FNDA:1,(anonymous_6)
FNDA:1,(anonymous_7)
FNDA:2,(anonymous_8)
FNDA:1,(anonymous_9)
FNDA:1,(anonymous_10)
FNDA:3,(anonymous_11)
FNDA:0,(anonymous_12)
FNDA:1,(anonymous_13)
FNDA:1,(anonymous_14)
FNDA:1,(anonymous_15)
DA:4,1
DA:5,1
DA:6,1
DA:8,1
DA:9,1
DA:10,1
DA:11,1
DA:20,1
DA:24,1
DA:38,1
DA:39,2
DA:40,2
DA:41,2
DA:42,2
DA:43,2
DA:45,2
DA:46,1
DA:48,1
DA:49,1
DA:50,1
DA:51,1
DA:55,1
DA:56,1
DA:57,0
DA:59,1
DA:60,1
DA:63,0
DA:64,0
DA:67,1
DA:68,1
DA:73,1
DA:74,1
DA:75,1
DA:79,2
DA:80,2
DA:81,2
DA:83,1
DA:97,2
DA:99,2
DA:100,1
DA:101,1
DA:102,1
DA:107,2
DA:108,1
DA:109,1
DA:113,1
DA:114,1
DA:115,0
DA:118,1
DA:119,1
DA:121,0
DA:142,3
DA:144,0
DA:146,1
DA:163,1
DA:164,1
DA:187,1
LF:57
LH:51
BRDA:56,0,0,0
BRDA:56,1,0,1
BRDA:56,1,1,1
BRDA:56,1,2,1
BRDA:57,2,0,0
BRDA:57,2,1,0
BRDA:59,3,0,1
BRDA:63,4,0,0
BRDA:64,5,0,0
BRDA:64,5,1,0
BRDA:67,6,0,1
BRDA:86,7,0,1
BRDA:86,7,1,0
BRDA:88,8,0,0
BRDA:88,8,1,0
BRDA:90,9,0,0
BRDA:90,9,1,0
BRDA:100,10,0,1
BRDA:100,10,1,0
BRDA:102,11,0,1
BRDA:102,11,1,1
BRDA:114,12,0,0
BRDA:114,13,0,1
BRDA:114,13,1,1
BRDA:114,13,2,1
BRDA:115,14,0,0
BRDA:115,14,1,0
BRDA:121,15,0,0
BRDA:121,15,1,0
BRDA:146,16,0,1
BRDA:146,16,1,2
BRDA:152,17,0,1
BRDA:152,17,1,1
BRDA:157,18,0,1
BRDA:163,19,0,1
BRDA:163,19,1,0
BRDA:172,20,0,1
BRDA:172,20,1,0
BRF:38
BRH:19
end_of_record
TN:
SF:src\app\settings\page.tsx
FN:49,Section
FN:86,SettingsPage
FN:87,(anonymous_4)
FN:88,(anonymous_5)
FN:89,(anonymous_6)
FN:90,(anonymous_7)
FN:91,(anonymous_8)
FN:92,(anonymous_9)
FN:107,(anonymous_10)
FN:110,(anonymous_11)
FN:150,(anonymous_12)
FN:155,(anonymous_13)
FN:161,(anonymous_14)
FN:219,(anonymous_15)
FN:234,(anonymous_16)
FN:238,(anonymous_17)
FN:264,(anonymous_18)
FN:286,(anonymous_19)
FN:296,(anonymous_20)
FN:336,(anonymous_21)
FN:344,(anonymous_22)
FN:345,(anonymous_23)
FN:369,(anonymous_24)
FNF:23
FNH:15
FNDA:30,Section
FNDA:6,SettingsPage
FNDA:6,(anonymous_4)
FNDA:6,(anonymous_5)
FNDA:18,(anonymous_6)
FNDA:18,(anonymous_7)
FNDA:18,(anonymous_8)
FNDA:18,(anonymous_9)
FNDA:2,(anonymous_10)
FNDA:2,(anonymous_11)
FNDA:2,(anonymous_12)
FNDA:5,(anonymous_13)
FNDA:0,(anonymous_14)
FNDA:0,(anonymous_15)
FNDA:30,(anonymous_16)
FNDA:0,(anonymous_17)
FNDA:1,(anonymous_18)
FNDA:0,(anonymous_19)
FNDA:0,(anonymous_20)
FNDA:36,(anonymous_21)
FNDA:0,(anonymous_22)
FNDA:0,(anonymous_23)
FNDA:0,(anonymous_24)
DA:3,1
DA:4,1
DA:5,1
DA:6,1
DA:7,1
DA:8,1
DA:9,1
DA:10,1
DA:11,1
DA:12,1
DA:14,1
DA:28,1
DA:30,1
DA:36,1
DA:43,1
DA:86,2
DA:87,6
DA:88,6
DA:89,18
DA:90,18
DA:91,18
DA:92,18
DA:94,6
DA:95,6
DA:96,6
DA:104,6
DA:105,6
DA:107,6
DA:108,2
DA:110,2
DA:111,2
DA:112,2
DA:117,0
DA:118,0
DA:120,0
DA:121,0
DA:124,0
DA:125,0
DA:128,0
DA:130,0
DA:131,0
DA:132,0
DA:133,0
DA:134,0
DA:136,2
DA:137,2
DA:142,2
DA:143,2
DA:148,2
DA:150,2
DA:151,2
DA:155,6
DA:156,5
DA:157,0
DA:161,6
DA:162,0
DA:163,0
DA:165,0
DA:166,0
DA:180,0
DA:189,0
DA:190,0
DA:192,0
DA:193,0
DA:196,0
DA:197,0
DA:200,0
DA:201,0
DA:202,0
DA:203,0
DA:204,0
DA:205,0
DA:207,0
DA:208,0
DA:210,0
DA:215,0
DA:219,6
DA:220,0
DA:235,30
DA:238,0
DA:264,1
DA:286,0
DA:296,0
DA:337,36
DA:345,0
DA:370,0
DA:371,0
DA:372,0
LF:88
LH:46
BRDA:94,0,0,6
BRDA:94,0,1,0
BRDA:120,1,0,0
BRDA:120,2,0,0
BRDA:120,2,1,0
BRDA:120,2,2,0
BRDA:121,3,0,0
BRDA:121,3,1,0
BRDA:124,4,0,0
BRDA:124,5,0,0
BRDA:124,5,1,0
BRDA:124,5,2,0
BRDA:125,6,0,0
BRDA:125,6,1,0
BRDA:128,7,0,0
BRDA:136,8,0,0
BRDA:139,9,0,2
BRDA:139,9,1,0
BRDA:142,10,0,2
BRDA:156,11,0,0
BRDA:156,12,0,5
BRDA:156,12,1,3
BRDA:156,12,2,3
BRDA:192,13,0,0
BRDA:192,14,0,0
BRDA:192,14,1,0
BRDA:192,14,2,0
BRDA:193,15,0,0
BRDA:193,15,1,0
BRDA:196,16,0,0
BRDA:196,17,0,0
BRDA:196,17,1,0
BRDA:196,17,2,0
BRDA:197,18,0,0
BRDA:197,18,1,0
BRDA:212,19,0,0
BRDA:212,19,1,0
BRDA:267,20,0,6
BRDA:267,20,1,0
BRDA:370,21,0,0
BRDA:400,22,0,6
BRDA:400,22,1,6
BRDA:402,23,0,0
BRDA:402,23,1,6
BRDA:402,24,0,2
BRDA:402,24,1,4
BRF:46
BRH:12
end_of_record
TN:
SF:src\app\settings\analytics\debug\diagnostics-page.tsx
FN:15,(anonymous_1)
FN:60,(anonymous_2)
FN:60,(anonymous_3)
FN:64,(anonymous_4)
FN:110,SummaryTile
FN:154,(anonymous_6)
FN:161,(anonymous_7)
FN:167,(anonymous_8)
FN:175,(anonymous_9)
FN:177,(anonymous_10)
FN:194,(anonymous_11)
FN:195,(anonymous_12)
FN:201,(anonymous_13)
FN:202,(anonymous_14)
FN:204,(anonymous_15)
FN:211,(anonymous_16)
FN:218,(anonymous_17)
FN:227,(anonymous_18)
FN:239,(anonymous_19)
FN:258,(anonymous_20)
FN:259,(anonymous_21)
FN:266,(anonymous_22)
FN:280,(anonymous_23)
FN:281,(anonymous_24)
FN:298,AnalyticsDiagnosticsPage
FN:323,(anonymous_26)
FN:327,(anonymous_27)
FN:341,(anonymous_28)
FN:354,(anonymous_29)
FN:358,(anonymous_30)
FN:362,(anonymous_31)
FN:372,(anonymous_32)
FN:405,(anonymous_33)
FN:407,(anonymous_34)
FN:413,(anonymous_35)
FN:416,(anonymous_36)
FN:416,(anonymous_37)
FN:421,(anonymous_38)
FN:421,(anonymous_39)
FN:425,(anonymous_40)
FN:437,(anonymous_41)
FN:443,(anonymous_42)
FN:445,(anonymous_43)
FN:450,(anonymous_44)
FN:455,(anonymous_45)
FN:460,(anonymous_46)
FN:460,(anonymous_47)
FN:465,(anonymous_48)
FN:465,(anonymous_49)
FN:469,(anonymous_50)
FN:470,(anonymous_51)
FN:472,(anonymous_52)
FN:475,(anonymous_53)
FN:485,(anonymous_54)
FN:506,(anonymous_55)
FN:514,(anonymous_56)
FN:514,(anonymous_57)
FN:522,(anonymous_58)
FN:522,(anonymous_59)
FN:529,(anonymous_60)
FN:534,(anonymous_61)
FN:540,(anonymous_62)
FN:553,(anonymous_63)
FN:557,(anonymous_64)
FN:579,(anonymous_65)
FN:609,(anonymous_66)
FN:628,(anonymous_67)
FN:640,(anonymous_68)
FN:661,(anonymous_69)
FN:673,(anonymous_70)
FN:697,(anonymous_71)
FN:765,(anonymous_72)
FN:787,(anonymous_73)
FN:808,(anonymous_74)
FN:812,(anonymous_75)
FN:840,(anonymous_76)
FN:841,(anonymous_77)
FN:858,(anonymous_78)
FN:875,(anonymous_79)
FN:882,(anonymous_80)
FN:890,(anonymous_81)
FN:893,(anonymous_82)
FN:900,(anonymous_83)
FN:911,(anonymous_84)
FN:914,(anonymous_85)
FN:921,(anonymous_86)
FN:924,(anonymous_87)
FN:943,(anonymous_88)
FN:952,(anonymous_89)
FN:968,(anonymous_90)
FN:987,(anonymous_91)
FN:1009,(anonymous_92)
FN:1012,(anonymous_93)
FN:1019,(anonymous_94)
FN:1022,(anonymous_95)
FN:1031,(anonymous_96)
FN:1063,(anonymous_97)
FN:1066,(anonymous_98)
FN:1073,(anonymous_99)
FN:1076,(anonymous_100)
FN:1085,(anonymous_101)
FN:1114,(anonymous_102)
FN:1144,(anonymous_103)
FN:1156,(anonymous_104)
FN:1163,(anonymous_105)
FN:1180,(anonymous_106)
FNF:106
FNH:85
FNDA:107,(anonymous_1)
FNDA:5,(anonymous_2)
FNDA:5,(anonymous_3)
FNDA:6,(anonymous_4)
FNDA:240,SummaryTile
FNDA:9,(anonymous_6)
FNDA:7,(anonymous_7)
FNDA:44,(anonymous_8)
FNDA:160,(anonymous_9)
FNDA:800,(anonymous_10)
FNDA:16,(anonymous_11)
FNDA:1,(anonymous_12)
FNDA:116,(anonymous_13)
FNDA:133,(anonymous_14)
FNDA:1,(anonymous_15)
FNDA:45,(anonymous_16)
FNDA:44,(anonymous_17)
FNDA:9,(anonymous_18)
FNDA:0,(anonymous_19)
FNDA:0,(anonymous_20)
FNDA:0,(anonymous_21)
FNDA:0,(anonymous_22)
FNDA:7,(anonymous_23)
FNDA:7,(anonymous_24)
FNDA:69,AnalyticsDiagnosticsPage
FNDA:13,(anonymous_26)
FNDA:13,(anonymous_27)
FNDA:0,(anonymous_28)
FNDA:0,(anonymous_29)
FNDA:0,(anonymous_30)
FNDA:0,(anonymous_31)
FNDA:34,(anonymous_32)
FNDA:28,(anonymous_33)
FNDA:8,(anonymous_34)
FNDA:28,(anonymous_35)
FNDA:27,(anonymous_36)
FNDA:45,(anonymous_37)
FNDA:27,(anonymous_38)
FNDA:45,(anonymous_39)
FNDA:31,(anonymous_40)
FNDA:10,(anonymous_41)
FNDA:27,(anonymous_42)
FNDA:0,(anonymous_43)
FNDA:16,(anonymous_44)
FNDA:16,(anonymous_45)
FNDA:31,(anonymous_46)
FNDA:68,(anonymous_47)
FNDA:31,(anonymous_48)
FNDA:68,(anonymous_49)
FNDA:31,(anonymous_50)
FNDA:31,(anonymous_51)
FNDA:27,(anonymous_52)
FNDA:0,(anonymous_53)
FNDA:45,(anonymous_54)
FNDA:28,(anonymous_55)
FNDA:28,(anonymous_56)
FNDA:8,(anonymous_57)
FNDA:16,(anonymous_58)
FNDA:1,(anonymous_59)
FNDA:1,(anonymous_60)
FNDA:1,(anonymous_61)
FNDA:0,(anonymous_62)
FNDA:1,(anonymous_63)
FNDA:1,(anonymous_64)
FNDA:3,(anonymous_65)
FNDA:8,(anonymous_66)
FNDA:7,(anonymous_67)
FNDA:2,(anonymous_68)
FNDA:1,(anonymous_69)
FNDA:17,(anonymous_70)
FNDA:0,(anonymous_71)
FNDA:7,(anonymous_72)
FNDA:276,(anonymous_73)
FNDA:207,(anonymous_74)
FNDA:345,(anonymous_75)
FNDA:12,(anonymous_76)
FNDA:12,(anonymous_77)
FNDA:13,(anonymous_78)
FNDA:1,(anonymous_79)
FNDA:1,(anonymous_80)
FNDA:1,(anonymous_81)
FNDA:276,(anonymous_82)
FNDA:1,(anonymous_83)
FNDA:0,(anonymous_84)
FNDA:84,(anonymous_85)
FNDA:0,(anonymous_86)
FNDA:345,(anonymous_87)
FNDA:92,(anonymous_88)
FNDA:2,(anonymous_89)
FNDA:1,(anonymous_90)
FNDA:14,(anonymous_91)
FNDA:0,(anonymous_92)
FNDA:15,(anonymous_93)
FNDA:0,(anonymous_94)
FNDA:15,(anonymous_95)
FNDA:0,(anonymous_96)
FNDA:0,(anonymous_97)
FNDA:207,(anonymous_98)
FNDA:0,(anonymous_99)
FNDA:84,(anonymous_100)
FNDA:345,(anonymous_101)
FNDA:25,(anonymous_102)
FNDA:0,(anonymous_103)
FNDA:30,(anonymous_104)
FNDA:0,(anonymous_105)
FNDA:1,(anonymous_106)
DA:3,1
DA:4,1
DA:5,1
DA:6,1
DA:11,1
DA:12,1
DA:13,1
DA:15,1
DA:16,107
DA:17,107
DA:19,0
DA:23,1
DA:24,1
DA:25,1
DA:26,1
DA:28,1
DA:37,1
DA:44,1
DA:52,1
DA:58,1
DA:60,5
DA:61,5
DA:64,1
DA:65,6
DA:66,6
DA:67,6
DA:138,1
DA:146,1
DA:154,1
DA:155,9
DA:156,9
DA:157,9
DA:158,9
DA:161,1
DA:162,7
DA:163,7
DA:164,7
DA:167,1
DA:168,44
DA:169,44
DA:170,0
DA:171,0
DA:172,0
DA:175,1
DA:176,160
DA:177,160
DA:178,800
DA:179,800
DA:184,800
DA:185,800
DA:194,1
DA:195,16
DA:196,1
DA:197,1
DA:201,1
DA:202,116
DA:203,133
DA:204,133
DA:205,1
DA:207,133
DA:211,1
DA:212,45
DA:213,45
DA:214,45
DA:215,45
DA:218,1
DA:222,44
DA:223,44
DA:224,44
DA:225,44
DA:227,44
DA:228,9
DA:229,9
DA:231,9
DA:232,9
DA:233,9
DA:234,9
DA:235,4
DA:239,44
DA:240,44
DA:241,37
DA:253,7
DA:254,7
DA:257,7
DA:258,0
DA:259,0
DA:261,7
DA:262,7
DA:263,7
DA:264,7
DA:266,7
DA:267,0
DA:268,0
DA:270,0
DA:271,0
DA:272,0
DA:274,0
DA:275,0
DA:276,0
DA:280,7
DA:281,7
DA:286,7
DA:298,13
DA:299,69
DA:300,69
DA:301,69
DA:302,69
DA:303,69
DA:304,69
DA:305,69
DA:306,69
DA:307,69
DA:308,69
DA:309,69
DA:310,69
DA:311,69
DA:312,69
DA:313,69
DA:314,69
DA:315,69
DA:316,69
DA:317,69
DA:318,69
DA:319,69
DA:320,69
DA:321,69
DA:323,69
DA:324,13
DA:327,69
DA:328,13
DA:329,13
DA:330,13
DA:331,13
DA:332,13
DA:333,13
DA:336,0
DA:338,0
DA:339,0
DA:341,0
DA:342,0
DA:345,0
DA:346,0
DA:349,0
DA:350,0
DA:351,0
DA:352,0
DA:354,0
DA:355,0
DA:358,0
DA:359,0
DA:362,0
DA:363,0
DA:368,13
DA:372,69
DA:373,34
DA:375,21
DA:389,21
DA:405,69
DA:406,28
DA:407,28
DA:408,8
DA:410,28
DA:413,69
DA:415,69
DA:416,45
DA:420,69
DA:421,45
DA:425,69
DA:426,31
DA:427,21
DA:428,21
DA:429,21
DA:432,10
DA:433,5
DA:436,10
DA:437,10
DA:438,10
DA:442,69
DA:443,27
DA:445,0
DA:449,69
DA:450,16
DA:454,69
DA:455,16
DA:459,69
DA:460,68
DA:464,69
DA:465,68
DA:469,69
DA:470,69
DA:472,69
DA:473,27
DA:475,0
DA:477,27
DA:478,27
DA:479,27
DA:480,27
DA:482,27
DA:483,27
DA:485,27
DA:486,45
DA:487,45
DA:488,45
DA:489,45
DA:490,0
DA:491,0
DA:495,27
DA:496,27
DA:498,27
DA:506,69
DA:507,28
DA:508,28
DA:509,28
DA:510,0
DA:513,69
DA:514,28
DA:521,69
DA:522,16
DA:529,69
DA:530,1
DA:531,1
DA:534,69
DA:535,1
DA:536,1
DA:537,1
DA:540,69
DA:541,0
DA:542,0
DA:544,0
DA:545,0
DA:546,0
DA:547,0
DA:549,0
DA:550,0
DA:553,69
DA:554,1
DA:556,1
DA:557,1
DA:566,1
DA:567,1
DA:568,1
DA:570,1
DA:571,1
DA:572,1
DA:573,1
DA:575,1
DA:576,1
DA:579,69
DA:580,3
DA:582,3
DA:584,3
DA:585,3
DA:586,3
DA:587,7
DA:588,7
DA:589,2
DA:590,2
DA:592,5
DA:593,5
DA:596,3
DA:597,1
DA:600,2
DA:601,2
DA:603,1
DA:605,3
DA:609,69
DA:610,8
DA:611,8
DA:612,8
DA:614,8
DA:615,8
DA:616,8
DA:617,8
DA:618,8
DA:626,7
DA:627,7
DA:628,7
DA:629,7
DA:634,1
DA:636,8
DA:640,69
DA:644,2
DA:646,2
DA:647,2
DA:648,2
DA:650,2
DA:651,2
DA:652,2
DA:653,2
DA:658,1
DA:659,1
DA:660,1
DA:661,1
DA:662,1
DA:667,1
DA:669,2
DA:673,69
DA:674,17
DA:675,17
DA:676,17
DA:677,17
DA:678,17
DA:679,17
DA:680,17
DA:681,17
DA:682,17
DA:683,17
DA:684,17
DA:697,69
DA:698,0
DA:699,0
DA:700,0
DA:701,0
DA:702,0
DA:703,0
DA:704,0
DA:705,0
DA:706,0
DA:707,0
DA:708,0
DA:709,0
DA:710,0
DA:711,0
DA:714,69
DA:766,7
DA:767,7
DA:768,7
DA:769,7
DA:788,276
DA:808,207
DA:813,345
DA:841,12
DA:842,12
DA:843,12
DA:859,13
DA:875,1
DA:882,1
DA:890,1
DA:894,276
DA:900,1
DA:911,0
DA:915,84
DA:921,0
DA:925,345
DA:944,92
DA:953,2
DA:954,2
DA:955,2
DA:956,2
DA:957,2
DA:968,1
DA:988,14
DA:1009,0
DA:1013,15
DA:1019,0
DA:1023,15
DA:1032,0
DA:1033,0
DA:1034,0
DA:1035,0
DA:1036,0
DA:1063,0
DA:1067,207
DA:1073,0
DA:1077,84
DA:1086,345
DA:1087,345
DA:1088,345
DA:1089,345
DA:1090,345
DA:1115,25
DA:1145,0
DA:1146,0
DA:1147,0
DA:1148,0
DA:1149,0
DA:1150,0
DA:1151,0
DA:1157,30
DA:1163,0
DA:1181,1
LF:381
LH:304
BRDA:65,0,0,0
BRDA:65,1,0,6
BRDA:65,1,1,6
BRDA:155,2,0,0
BRDA:157,3,0,0
BRDA:168,4,0,0
BRDA:169,5,0,44
BRDA:170,6,0,0
BRDA:171,7,0,0
BRDA:178,8,0,800
BRDA:178,8,1,796
BRDA:179,9,0,160
BRDA:179,9,1,640
BRDA:181,10,0,3
BRDA:181,10,1,637
BRDA:196,11,0,1
BRDA:196,11,1,1
BRDA:203,12,0,133
BRDA:203,12,1,132
BRDA:205,13,0,1
BRDA:205,13,1,1
BRDA:205,14,0,1
BRDA:205,14,1,0
BRDA:212,15,0,45
BRDA:212,15,1,0
BRDA:213,16,0,0
BRDA:215,17,0,0
BRDA:215,17,1,45
BRDA:229,18,0,0
BRDA:231,19,0,9
BRDA:231,19,1,7
BRDA:232,20,0,0
BRDA:233,21,0,0
BRDA:234,22,0,4
BRDA:240,23,0,37
BRDA:254,24,0,7
BRDA:254,24,1,0
BRDA:257,25,0,0
BRDA:257,25,1,7
BRDA:258,26,0,0
BRDA:258,26,1,0
BRDA:270,27,0,0
BRDA:272,28,0,0
BRDA:274,29,0,0
BRDA:276,30,0,0
BRDA:280,31,0,7
BRDA:280,31,1,0
BRDA:283,32,0,7
BRDA:283,32,1,0
BRDA:292,33,0,0
BRDA:292,33,1,7
BRDA:293,34,0,0
BRDA:293,34,1,7
BRDA:328,35,0,0
BRDA:331,36,0,13
BRDA:338,37,0,0
BRDA:339,38,0,0
BRDA:341,39,0,0
BRDA:345,40,0,0
BRDA:345,41,0,0
BRDA:345,41,1,0
BRDA:349,42,0,0
BRDA:350,43,0,0
BRDA:351,44,0,0
BRDA:352,45,0,0
BRDA:354,46,0,0
BRDA:358,47,0,0
BRDA:362,48,0,0
BRDA:373,49,0,13
BRDA:373,50,0,34
BRDA:373,50,1,21
BRDA:408,51,0,8
BRDA:408,51,1,7
BRDA:426,52,0,21
BRDA:432,53,0,5
BRDA:432,54,0,10
BRDA:432,54,1,5
BRDA:436,55,0,10
BRDA:436,56,0,10
BRDA:436,56,1,5
BRDA:436,56,2,5
BRDA:437,57,0,10
BRDA:437,57,1,10
BRDA:437,58,0,10
BRDA:437,58,1,5
BRDA:443,59,0,27
BRDA:443,59,1,0
BRDA:473,60,0,27
BRDA:473,60,1,0
BRDA:487,61,0,0
BRDA:488,62,0,45
BRDA:488,62,1,0
BRDA:488,63,0,45
BRDA:488,63,1,45
BRDA:490,64,0,0
BRDA:490,65,0,0
BRDA:490,65,1,0
BRDA:507,66,0,28
BRDA:507,66,1,28
BRDA:508,67,0,28
BRDA:508,67,1,28
BRDA:509,68,0,28
BRDA:524,69,0,1
BRDA:524,69,1,0
BRDA:554,70,0,0
BRDA:560,71,0,1
BRDA:560,71,1,1
BRDA:561,72,0,1
BRDA:561,72,1,0
BRDA:563,73,0,1
BRDA:563,73,1,0
BRDA:580,74,0,0
BRDA:580,75,0,3
BRDA:580,75,1,3
BRDA:588,76,0,2
BRDA:596,77,0,1
BRDA:610,78,0,0
BRDA:611,79,0,8
BRDA:611,79,1,0
BRDA:612,80,0,8
BRDA:612,80,1,0
BRDA:616,81,0,1
BRDA:616,81,1,7
BRDA:617,82,0,1
BRDA:617,82,1,7
BRDA:628,83,0,1
BRDA:628,83,1,6
BRDA:630,84,0,1
BRDA:630,84,1,6
BRDA:644,85,0,0
BRDA:646,86,0,2
BRDA:646,86,1,0
BRDA:647,87,0,2
BRDA:647,87,1,0
BRDA:648,88,0,2
BRDA:648,88,1,0
BRDA:661,89,0,0
BRDA:661,89,1,1
BRDA:663,90,0,0
BRDA:663,90,1,1
BRDA:675,91,0,4
BRDA:676,92,0,3
BRDA:677,93,0,2
BRDA:678,94,0,1
BRDA:679,95,0,0
BRDA:680,96,0,0
BRDA:681,97,0,0
BRDA:682,98,0,0
BRDA:683,99,0,0
BRDA:752,100,0,69
BRDA:760,101,0,69
BRDA:760,101,1,12
BRDA:761,102,0,3
BRDA:761,102,1,66
BRDA:773,103,0,16
BRDA:773,103,1,53
BRDA:837,104,0,69
BRDA:855,105,0,57
BRDA:855,105,1,12
BRDA:915,106,0,69
BRDA:915,106,1,15
BRDA:940,107,0,54
BRDA:947,108,0,92
BRDA:947,108,1,0
BRDA:961,109,0,3
BRDA:961,109,1,89
BRDA:961,110,0,92
BRDA:961,110,1,3
BRDA:969,111,0,15
BRDA:969,111,1,13
BRDA:971,112,0,2
BRDA:971,112,1,13
BRDA:982,113,0,57
BRDA:982,113,1,12
BRDA:991,114,0,2
BRDA:991,114,1,12
BRDA:1013,115,0,15
BRDA:1013,115,1,0
BRDA:1023,116,0,15
BRDA:1023,116,1,0
BRDA:1028,117,0,69
BRDA:1034,118,0,0
BRDA:1034,118,1,0
BRDA:1034,119,0,0
BRDA:1034,119,1,0
BRDA:1035,120,0,0
BRDA:1035,120,1,0
BRDA:1035,121,0,0
BRDA:1035,121,1,0
BRDA:1042,122,0,0
BRDA:1042,122,1,0
BRDA:1046,123,0,0
BRDA:1046,123,1,0
BRDA:1046,124,0,0
BRDA:1046,124,1,0
BRDA:1046,125,0,0
BRDA:1046,125,1,0
BRDA:1046,126,0,0
BRDA:1046,126,1,0
BRDA:1048,127,0,0
BRDA:1048,127,1,0
BRDA:1049,128,0,0
BRDA:1049,128,1,0
BRDA:1077,129,0,69
BRDA:1077,129,1,15
BRDA:1088,130,0,345
BRDA:1088,130,1,0
BRDA:1088,131,0,345
BRDA:1088,131,1,0
BRDA:1089,132,0,345
BRDA:1089,132,1,0
BRDA:1089,133,0,345
BRDA:1089,133,1,0
BRDA:1095,134,0,345
BRDA:1095,134,1,0
BRDA:1096,135,0,345
BRDA:1096,135,1,0
BRDA:1100,136,0,345
BRDA:1100,136,1,0
BRDA:1100,137,0,345
BRDA:1100,137,1,0
BRDA:1100,138,0,345
BRDA:1100,138,1,0
BRDA:1100,139,0,345
BRDA:1100,139,1,0
BRDA:1102,140,0,345
BRDA:1102,140,1,0
BRDA:1103,141,0,345
BRDA:1103,141,1,0
BRDA:1110,142,0,5
BRDA:1110,142,1,64
BRDA:1139,143,0,5
BRDA:1139,143,1,64
BRDA:1147,144,0,0
BRDA:1168,145,0,5
BRDA:1168,145,1,2
BRDA:1170,146,0,3
BRDA:1170,146,1,2
BRDA:1175,147,0,64
BRDA:1175,147,1,5
BRDA:1177,148,0,4
BRDA:1177,148,1,1
BRDA:1184,149,0,1
BRDA:1184,149,1,0
BRDA:1186,150,0,1
BRDA:1186,150,1,0
BRF:246
BRH:141
end_of_record
TN:
SF:src\components\app\app-layout.tsx
FN:43,AppLayout
FN:45,(anonymous_2)
FN:46,(anonymous_3)
FN:47,(anonymous_4)
FN:48,(anonymous_5)
FN:51,(anonymous_6)
FN:55,(anonymous_7)
FN:60,(anonymous_8)
FN:77,(anonymous_9)
FN:89,(anonymous_10)
FN:134,(anonymous_11)
FN:150,(anonymous_12)
FN:160,(anonymous_13)
FNF:13
FNH:8
FNDA:76,AppLayout
FNDA:80,(anonymous_2)
FNDA:218,(anonymous_3)
FNDA:227,(anonymous_4)
FNDA:227,(anonymous_5)
FNDA:21,(anonymous_6)
FNDA:21,(anonymous_7)
FNDA:0,(anonymous_8)
FNDA:0,(anonymous_9)
FNDA:380,(anonymous_10)
FNDA:0,(anonymous_11)
FNDA:0,(anonymous_12)
FNDA:0,(anonymous_13)
DA:3,5
DA:4,5
DA:5,5
DA:6,5
DA:7,5
DA:8,5
DA:9,5
DA:10,5
DA:15,5
DA:16,5
DA:29,5
DA:35,5
DA:43,84
DA:44,76
DA:45,80
DA:46,218
DA:47,227
DA:48,227
DA:49,76
DA:51,76
DA:52,21
DA:55,76
DA:56,21
DA:57,2
DA:60,76
DA:61,0
DA:64,76
DA:65,76
DA:77,0
DA:90,380
DA:134,0
DA:150,0
DA:160,0
LF:33
LH:28
BRDA:56,0,0,19
BRDA:61,1,0,0
BRDA:61,1,1,0
BRDA:61,2,0,0
BRDA:61,2,1,0
BRDA:64,3,0,0
BRDA:64,3,1,76
BRDA:64,4,0,76
BRDA:64,4,1,0
BRDA:65,5,0,0
BRDA:65,5,1,76
BRDA:65,6,0,76
BRDA:65,6,1,0
BRDA:95,7,0,380
BRDA:95,7,1,364
BRDA:112,8,0,76
BRDA:112,8,1,2
BRDA:114,9,0,76
BRDA:114,9,1,2
BRDA:130,10,0,0
BRDA:130,10,1,76
BRF:21
BRH:12
end_of_record
TN:
SF:src\components\app\workspace-switcher.tsx
FN:12,WorkspaceSwitcher
FN:13,(anonymous_2)
FN:14,(anonymous_3)
FN:15,(anonymous_4)
FN:32,(anonymous_5)
FN:34,(anonymous_6)
FN:41,(anonymous_7)
FNF:7
FNH:4
FNDA:79,WorkspaceSwitcher
FNDA:83,(anonymous_2)
FNDA:83,(anonymous_3)
FNDA:83,(anonymous_4)
FNDA:0,(anonymous_5)
FNDA:0,(anonymous_6)
FNDA:0,(anonymous_7)
DA:3,6
DA:4,6
DA:5,6
DA:12,80
DA:13,83
DA:14,83
DA:15,83
DA:16,79
DA:18,79
DA:33,0
DA:34,0
DA:35,0
DA:42,0
LF:13
LH:9
BRDA:12,0,0,0
BRDA:14,1,0,83
BRDA:14,1,1,73
BRDA:18,2,0,79
BRDA:18,2,1,0
BRDA:24,3,0,79
BRDA:24,3,1,0
BRDA:25,4,0,79
BRDA:25,4,1,79
BRDA:30,5,0,79
BRDA:30,5,1,79
BRDA:31,6,0,79
BRDA:31,6,1,0
BRDA:40,7,0,79
BRDA:48,8,0,0
BRDA:48,8,1,79
BRF:16
BRH:11
end_of_record
TN:
SF:src\components\chat\chat-input.tsx
FN:14,ChatInput
FN:15,(anonymous_2)
FN:16,(anonymous_3)
FN:17,(anonymous_4)
FN:18,(anonymous_5)
FN:24,(anonymous_6)
FN:48,(anonymous_7)
FN:55,(anonymous_8)
FN:62,(anonymous_9)
FN:72,(anonymous_10)
FN:77,(anonymous_11)
FN:81,(anonymous_12)
FN:97,(anonymous_13)
FN:98,(anonymous_14)
FN:101,(anonymous_15)
FN:104,(anonymous_16)
FN:105,(anonymous_17)
FN:140,(anonymous_18)
FN:152,(anonymous_19)
FNF:19
FNH:9
FNDA:1,ChatInput
FNDA:1,(anonymous_2)
FNDA:1,(anonymous_3)
FNDA:1,(anonymous_4)
FNDA:1,(anonymous_5)
FNDA:0,(anonymous_6)
FNDA:0,(anonymous_7)
FNDA:0,(anonymous_8)
FNDA:0,(anonymous_9)
FNDA:0,(anonymous_10)
FNDA:1,(anonymous_11)
FNDA:1,(anonymous_12)
FNDA:1,(anonymous_13)
FNDA:0,(anonymous_14)
FNDA:0,(anonymous_15)
FNDA:0,(anonymous_16)
FNDA:0,(anonymous_17)
FNDA:1,(anonymous_18)
FNDA:0,(anonymous_19)
DA:3,1
DA:4,1
DA:5,1
DA:6,1
DA:7,1
DA:8,1
DA:14,1
DA:15,1
DA:16,1
DA:17,1
DA:18,1
DA:20,1
DA:21,1
DA:22,1
DA:24,1
DA:25,0
DA:26,0
DA:28,0
DA:29,0
DA:31,0
DA:33,0
DA:35,0
DA:36,0
DA:37,0
DA:39,0
DA:45,0
DA:48,1
DA:49,0
DA:50,0
DA:51,0
DA:55,1
DA:56,0
DA:57,0
DA:58,0
DA:59,0
DA:62,1
DA:63,0
DA:64,0
DA:69,0
DA:72,1
DA:73,0
DA:74,0
DA:77,1
DA:78,1
DA:80,1
DA:81,1
DA:82,1
DA:83,1
DA:97,1
DA:99,0
DA:102,0
DA:104,0
DA:106,0
DA:141,1
DA:142,1
DA:152,0
LF:56
LH:28
BRDA:26,0,0,0
BRDA:26,1,0,0
BRDA:26,1,1,0
BRDA:33,2,0,0
BRDA:41,3,0,0
BRDA:41,3,1,0
BRDA:49,4,0,0
BRDA:49,5,0,0
BRDA:49,5,1,0
BRDA:63,6,0,0
BRDA:78,7,0,0
BRDA:83,8,0,1
BRDA:99,9,0,0
BRDA:102,10,0,0
BRDA:106,11,0,0
BRDA:138,12,0,1
BRDA:156,13,0,0
BRDA:156,13,1,0
BRF:18
BRH:2
end_of_record
TN:
SF:src\components\chat\chat-layout.tsx
FN:17,ChatLayout
FN:20,(anonymous_2)
FN:22,(anonymous_3)
FN:27,(anonymous_4)
FN:28,(anonymous_5)
FN:35,(anonymous_6)
FN:36,(anonymous_7)
FN:43,(anonymous_8)
FN:46,(anonymous_9)
FN:48,(anonymous_10)
FN:53,(anonymous_11)
FN:75,(anonymous_12)
FN:94,(anonymous_13)
FN:109,(anonymous_14)
FN:118,(anonymous_15)
FNF:15
FNH:7
FNDA:4,ChatLayout
FNDA:4,(anonymous_2)
FNDA:4,(anonymous_3)
FNDA:0,(anonymous_4)
FNDA:0,(anonymous_5)
FNDA:4,(anonymous_6)
FNDA:1,(anonymous_7)
FNDA:4,(anonymous_8)
FNDA:4,(anonymous_9)
FNDA:0,(anonymous_10)
FNDA:0,(anonymous_11)
FNDA:0,(anonymous_12)
FNDA:0,(anonymous_13)
FNDA:0,(anonymous_14)
FNDA:0,(anonymous_15)
DA:3,1
DA:4,1
DA:5,1
DA:6,1
DA:7,1
DA:8,1
DA:15,1
DA:17,4
DA:18,4
DA:19,4
DA:20,4
DA:22,4
DA:23,4
DA:24,4
DA:27,4
DA:28,0
DA:29,0
DA:30,0
DA:31,0
DA:35,4
DA:36,4
DA:37,1
DA:38,0
DA:39,0
DA:42,4
DA:43,4
DA:46,4
DA:47,4
DA:48,0
DA:49,0
DA:51,0
DA:52,0
DA:53,0
DA:54,0
DA:55,0
DA:75,0
DA:95,0
DA:96,0
DA:109,0
DA:118,0
LF:40
LH:22
BRDA:24,0,0,0
BRDA:37,1,0,0
BRDA:37,2,0,1
BRDA:37,2,1,1
BRDA:37,2,2,0
BRDA:47,3,0,4
BRDA:49,4,0,0
BRDA:64,5,0,4
BRDA:64,5,1,0
BRDA:71,6,0,0
BRDA:71,6,1,4
BRDA:95,7,0,0
BRDA:95,7,1,0
BRDA:115,8,0,0
BRDA:115,8,1,4
BRF:15
BRH:6
end_of_record
TN:
SF:src\components\chat\chat-messages.tsx
FN:13,ChatMessages
FN:14,(anonymous_2)
FN:20,(anonymous_3)
FN:25,(anonymous_4)
FN:29,(anonymous_5)
FN:36,(anonymous_6)
FN:38,(anonymous_7)
FN:46,(anonymous_8)
FN:51,(anonymous_9)
FN:51,(anonymous_10)
FNF:10
FNH:4
FNDA:1,ChatMessages
FNDA:1,(anonymous_2)
FNDA:0,(anonymous_3)
FNDA:1,(anonymous_4)
FNDA:0,(anonymous_5)
FNDA:0,(anonymous_6)
FNDA:0,(anonymous_7)
FNDA:1,(anonymous_8)
FNDA:0,(anonymous_9)
FNDA:0,(anonymous_10)
DA:3,1
DA:4,1
DA:5,1
DA:6,1
DA:7,1
DA:13,1
DA:14,1
DA:15,1
DA:16,1
DA:17,1
DA:18,1
DA:20,1
DA:21,0
DA:22,0
DA:25,1
DA:26,1
DA:29,1
DA:30,0
DA:31,0
DA:32,0
DA:33,0
DA:36,1
DA:37,0
DA:38,0
DA:39,0
DA:40,0
DA:47,1
DA:51,0
LF:28
LH:17
BRDA:26,0,0,1
BRDA:31,1,0,0
BRDA:37,2,0,0
BRDA:39,3,0,0
BRDA:50,4,0,0
BRDA:50,4,1,1
BRDA:56,5,0,1
BRDA:56,5,1,0
BRDA:61,6,0,0
BRDA:61,6,1,1
BRF:10
BRH:4
end_of_record
TN:
SF:src\components\chat\chat-sidebar.tsx
FN:24,ChatSidebar
FN:26,(anonymous_3)
FN:27,(anonymous_4)
FN:28,(anonymous_5)
FN:29,(anonymous_6)
FN:31,(anonymous_7)
FN:47,(anonymous_8)
FN:61,(anonymous_9)
FN:73,(anonymous_10)
FNF:9
FNH:7
FNDA:4,ChatSidebar
FNDA:4,(anonymous_3)
FNDA:4,(anonymous_4)
FNDA:12,(anonymous_5)
FNDA:12,(anonymous_6)
FNDA:0,(anonymous_7)
FNDA:1,(anonymous_8)
FNDA:0,(anonymous_9)
FNDA:20,(anonymous_10)
DA:3,1
DA:4,1
DA:5,1
DA:6,1
DA:7,1
DA:8,1
DA:9,1
DA:10,1
DA:11,1
DA:12,1
DA:13,1
DA:14,1
DA:16,1
DA:24,4
DA:25,4
DA:26,4
DA:27,4
DA:28,12
DA:29,12
DA:31,4
DA:32,0
DA:35,4
DA:36,4
DA:47,1
DA:61,0
DA:74,20
LF:26
LH:24
BRDA:32,0,0,0
BRDA:32,0,1,0
BRDA:32,1,0,0
BRDA:32,1,1,0
BRDA:35,2,0,0
BRDA:35,2,1,4
BRDA:35,3,0,4
BRDA:35,3,1,0
BRDA:36,4,0,0
BRDA:36,4,1,4
BRDA:36,5,0,4
BRDA:36,5,1,0
BRDA:79,6,0,20
BRDA:79,6,1,16
BRDA:94,7,0,4
BRDA:94,7,1,0
BRDA:96,8,0,4
BRDA:96,8,1,0
BRF:18
BRH:8
end_of_record
TN:
SF:src\components\chat\conversation-item.tsx
FN:14,ConversationItem
FN:16,(anonymous_2)
FN:17,(anonymous_3)
FN:18,(anonymous_4)
FN:20,(anonymous_5)
FN:24,(anonymous_6)
FN:30,(anonymous_7)
FN:43,(anonymous_8)
FN:66,(anonymous_9)
FN:68,(anonymous_10)
FN:82,(anonymous_11)
FN:86,(anonymous_12)
FN:97,(anonymous_13)
FNF:13
FNH:4
FNDA:4,ConversationItem
FNDA:4,(anonymous_2)
FNDA:4,(anonymous_3)
FNDA:4,(anonymous_4)
FNDA:0,(anonymous_5)
FNDA:0,(anonymous_6)
FNDA:0,(anonymous_7)
FNDA:0,(anonymous_8)
FNDA:0,(anonymous_9)
FNDA:0,(anonymous_10)
FNDA:0,(anonymous_11)
FNDA:0,(anonymous_12)
FNDA:0,(anonymous_13)
DA:3,1
DA:4,1
DA:5,1
DA:6,1
DA:7,1
DA:14,4
DA:15,4
DA:16,4
DA:17,4
DA:18,4
DA:20,4
DA:21,0
DA:24,4
DA:25,0
DA:26,0
DA:27,0
DA:30,4
DA:31,0
DA:32,0
DA:33,0
DA:34,0
DA:44,0
DA:45,0
DA:46,0
DA:67,0
DA:68,0
DA:82,0
DA:87,0
DA:88,0
DA:98,0
DA:99,0
LF:31
LH:13
BRDA:27,0,0,0
BRDA:32,1,0,0
BRDA:44,2,0,0
BRDA:44,3,0,0
BRDA:44,3,1,0
BRDA:51,4,0,4
BRDA:51,4,1,0
BRDA:73,5,0,4
BRDA:73,5,1,4
BRDA:80,6,0,0
BRDA:80,6,1,4
BRF:11
BRH:4
end_of_record
TN:
SF:src\components\chat\conversation-list.tsx
FN:16,groupByDate
FN:43,(anonymous_2)
FN:44,(anonymous_3)
FN:47,ConversationList
FN:48,(anonymous_5)
FN:49,(anonymous_6)
FN:51,(anonymous_7)
FN:56,(anonymous_8)
FN:57,(anonymous_9)
FN:63,(anonymous_10)
FN:77,(anonymous_11)
FN:83,(anonymous_12)
FNF:12
FNH:12
FNDA:4,groupByDate
FNDA:20,(anonymous_2)
FNDA:4,(anonymous_3)
FNDA:4,ConversationList
FNDA:4,(anonymous_5)
FNDA:4,(anonymous_6)
FNDA:4,(anonymous_7)
FNDA:4,(anonymous_8)
FNDA:4,(anonymous_9)
FNDA:4,(anonymous_10)
FNDA:4,(anonymous_11)
FNDA:4,(anonymous_12)
DA:3,1
DA:4,1
DA:5,1
DA:17,4
DA:18,4
DA:19,4
DA:20,4
DA:21,4
DA:22,4
DA:23,4
DA:25,4
DA:33,4
DA:34,4
DA:35,4
DA:36,0
DA:37,0
DA:38,0
DA:39,0
DA:42,4
DA:43,20
DA:44,4
DA:47,4
DA:48,4
DA:49,4
DA:50,4
DA:51,4
DA:55,4
DA:57,4
DA:58,4
DA:63,4
DA:65,4
DA:78,4
DA:84,4
LF:33
LH:29
BRDA:35,0,0,4
BRDA:35,0,1,0
BRDA:36,1,0,0
BRDA:36,1,1,0
BRDA:37,2,0,0
BRDA:37,2,1,0
BRDA:38,3,0,0
BRDA:38,3,1,0
BRDA:51,4,0,4
BRDA:51,4,1,0
BRDA:65,5,0,0
BRDA:69,6,0,0
BRDA:69,6,1,0
BRF:13
BRH:2
end_of_record
TN:
SF:src\components\chat\empty-state.tsx
FN:14,getGreeting
FN:21,EmptyState
FN:22,(anonymous_3)
FN:23,(anonymous_4)
FN:24,(anonymous_5)
FN:25,(anonymous_6)
FN:33,(anonymous_7)
FN:55,(anonymous_8)
FN:62,(anonymous_9)
FN:69,(anonymous_10)
FN:79,(anonymous_11)
FN:84,(anonymous_12)
FN:88,(anonymous_13)
FN:109,(anonymous_14)
FN:110,(anonymous_15)
FN:113,(anonymous_16)
FN:116,(anonymous_17)
FN:117,(anonymous_18)
FN:151,(anonymous_19)
FN:169,(anonymous_20)
FN:170,(anonymous_21)
FNF:21
FNH:15
FNDA:6,getGreeting
FNDA:6,EmptyState
FNDA:6,(anonymous_3)
FNDA:6,(anonymous_4)
FNDA:6,(anonymous_5)
FNDA:6,(anonymous_6)
FNDA:1,(anonymous_7)
FNDA:1,(anonymous_8)
FNDA:1,(anonymous_9)
FNDA:1,(anonymous_10)
FNDA:1,(anonymous_11)
FNDA:3,(anonymous_12)
FNDA:3,(anonymous_13)
FNDA:0,(anonymous_14)
FNDA:0,(anonymous_15)
FNDA:0,(anonymous_16)
FNDA:1,(anonymous_17)
FNDA:0,(anonymous_18)
FNDA:0,(anonymous_19)
FNDA:30,(anonymous_20)
FNDA:0,(anonymous_21)
DA:3,1
DA:4,1
DA:5,1
DA:6,1
DA:7,1
DA:8,1
DA:9,1
DA:10,1
DA:11,1
DA:12,1
DA:15,6
DA:16,6
DA:17,6
DA:18,0
DA:21,3
DA:22,6
DA:23,6
DA:24,6
DA:25,6
DA:27,6
DA:28,6
DA:29,6
DA:31,6
DA:33,6
DA:34,1
DA:35,1
DA:37,1
DA:38,1
DA:40,1
DA:42,1
DA:44,1
DA:45,1
DA:46,1
DA:48,0
DA:55,6
DA:56,1
DA:57,1
DA:58,1
DA:62,6
DA:63,1
DA:64,1
DA:65,1
DA:66,1
DA:69,6
DA:70,1
DA:71,1
DA:76,1
DA:79,6
DA:80,1
DA:81,1
DA:84,6
DA:85,3
DA:87,3
DA:88,3
DA:89,3
DA:90,3
DA:109,0
DA:111,0
DA:114,0
DA:116,1
DA:118,0
DA:151,0
DA:170,30
LF:63
LH:56
BRDA:16,0,0,0
BRDA:17,1,0,6
BRDA:31,2,0,6
BRDA:31,2,1,0
BRDA:35,3,0,0
BRDA:35,4,0,1
BRDA:35,4,1,1
BRDA:42,5,0,1
BRDA:50,6,0,0
BRDA:50,6,1,0
BRDA:56,7,0,1
BRDA:56,8,0,1
BRDA:56,8,1,1
BRDA:70,9,0,0
BRDA:85,10,0,0
BRDA:90,11,0,3
BRDA:111,12,0,0
BRDA:114,13,0,0
BRDA:118,14,0,0
BRDA:155,15,0,2
BRDA:155,15,1,4
BRF:21
BRH:11
end_of_record
TN:
SF:src\components\chat\message-actions.tsx
FN:15,MessageActions
FN:18,(anonymous_2)
FN:22,(anonymous_3)
FN:49,(anonymous_4)
FN:61,(anonymous_5)
FNF:5
FNH:1
FNDA:1,MessageActions
FNDA:0,(anonymous_2)
FNDA:0,(anonymous_3)
FNDA:0,(anonymous_4)
FNDA:0,(anonymous_5)
DA:3,1
DA:4,1
DA:5,1
DA:15,1
DA:16,1
DA:18,1
DA:19,0
DA:20,0
DA:21,0
DA:22,0
DA:49,0
DA:61,0
LF:12
LH:6
BRDA:33,0,0,0
BRDA:36,1,0,1
BRDA:36,1,1,0
BRDA:46,2,0,1
BRDA:46,2,1,0
BRDA:52,3,0,0
BRDA:52,3,1,0
BRDA:64,4,0,0
BRDA:64,4,1,0
BRF:9
BRH:2
end_of_record
TN:
SF:src\components\chat\message-bubble.tsx
FN:15,MessageBubble
FNF:1
FNH:1
FNDA:1,MessageBubble
DA:4,1
DA:5,1
DA:6,1
DA:15,1
DA:16,1
DA:31,0
LF:6
LH:5
BRDA:16,0,0,1
BRDA:31,1,0,0
BRDA:51,2,0,0
BRDA:51,2,1,0
BRDA:51,3,0,0
BRDA:51,3,1,0
BRDA:51,3,2,0
BRDA:53,4,0,0
BRDA:53,4,1,0
BRDA:58,5,0,0
BRDA:58,5,1,0
BRDA:63,6,0,0
BRDA:63,6,1,0
BRDA:66,7,0,0
BRDA:66,7,1,0
BRDA:69,8,0,0
BRDA:69,8,1,0
BRF:17
BRH:1
end_of_record
TN:
SF:src\components\chat\message-markdown.tsx
FN:11,MessageMarkdown
FN:17,(anonymous_3)
FN:35,(anonymous_4)
FN:38,(anonymous_5)
FNF:4
FNH:0
FNDA:0,MessageMarkdown
FNDA:0,(anonymous_3)
FNDA:0,(anonymous_4)
FNDA:0,(anonymous_5)
DA:3,1
DA:4,1
DA:5,1
DA:11,0
DA:18,0
DA:19,0
DA:21,0
LF:7
LH:3
BRDA:18,0,0,0
BRDA:18,0,1,0
BRDA:19,1,0,0
BRDA:19,1,1,0
BRDA:21,2,0,0
BRF:5
BRH:0
end_of_record
TN:
SF:src\components\chat\model-selector.tsx
FN:8,ModelSelector
FN:12,(anonymous_2)
FN:13,(anonymous_3)
FN:28,(anonymous_4)
FNF:4
FNH:3
FNDA:7,ModelSelector
FNDA:4,(anonymous_2)
FNDA:4,(anonymous_3)
FNDA:0,(anonymous_4)
DA:3,1
DA:4,1
DA:5,1
DA:6,1
DA:8,7
DA:9,7
DA:11,7
DA:13,4
DA:29,0
DA:30,0
LF:10
LH:8
BRDA:17,0,0,0
BRDA:17,0,1,4
BRDA:18,1,0,0
BRDA:18,1,1,0
BRF:4
BRH:1
end_of_record
TN:
SF:src\components\chat\prompt-categories.ts
FNF:0
FNH:0
DA:1,6
LF:1
LH:1
BRF:0
BRH:0
end_of_record
TN:
SF:src\components\chat\streaming-indicator.tsx
FN:5,StreamingIndicator
FNF:1
FNH:1
FNDA:1,StreamingIndicator
DA:3,1
DA:5,1
LF:2
LH:2
BRF:0
BRH:0
end_of_record
TN:
SF:src\components\ui\avatar.tsx
FN:21,getInitials
FN:27,Avatar
FNF:2
FNH:2
FNDA:80,getInitials
FNDA:80,Avatar
DA:3,6
DA:13,6
DA:22,80
DA:23,80
DA:24,3
DA:27,81
DA:28,80
DA:30,80
LF:8
LH:8
BRDA:23,0,0,77
BRDA:27,1,0,0
BRDA:27,2,0,0
BRDA:30,3,0,0
BRDA:45,4,0,1
BRDA:45,4,1,79
BRF:6
BRH:3
end_of_record
TN:
SF:src\components\ui\button.tsx
FN:34,(anonymous_1)
FNF:1
FNH:1
FNDA:520,(anonymous_1)
DA:3,2
DA:4,2
DA:14,2
DA:20,2
DA:33,607
DA:51,2
LF:6
LH:6
BRDA:34,0,0,0
BRDA:34,1,0,514
BRF:2
BRH:1
end_of_record
TN:
SF:src\components\ui\code-block.tsx
FN:13,CodeBlock
FN:16,(anonymous_2)
FN:20,(anonymous_3)
FNF:3
FNH:0
FNDA:0,CodeBlock
FNDA:0,(anonymous_2)
FNDA:0,(anonymous_3)
DA:3,1
DA:4,1
DA:5,1
DA:13,0
DA:14,0
DA:16,0
DA:17,0
DA:18,0
DA:19,0
DA:20,0
LF:10
LH:3
BRDA:35,0,0,0
BRDA:35,0,1,0
BRDA:42,1,0,0
BRDA:42,1,1,0
BRDA:49,2,0,0
BRF:5
BRH:0
end_of_record
TN:
SF:src\components\ui\command-palette.tsx
FN:45,getHistoryKey
FN:49,itemMatchesQuery
FN:55,mapSearchItem
FN:66,CommandPalette
FN:75,(anonymous_9)
FN:77,(anonymous_10)
FN:86,(anonymous_11)
FN:100,(anonymous_12)
FN:101,(anonymous_13)
FN:104,(anonymous_14)
FN:113,(anonymous_15)
FN:116,(anonymous_16)
FN:117,(anonymous_17)
FN:124,(anonymous_18)
FN:127,(anonymous_19)
FN:142,(anonymous_20)
FN:159,(anonymous_21)
FN:164,(anonymous_22)
FN:170,(anonymous_23)
FN:172,(anonymous_24)
FN:185,(anonymous_25)
FN:185,(anonymous_26)
FN:190,(anonymous_27)
FN:190,(anonymous_28)
FN:195,(anonymous_29)
FN:200,(anonymous_30)
FN:204,(anonymous_31)
FN:209,(anonymous_32)
FN:209,(anonymous_33)
FN:213,(anonymous_34)
FN:222,(anonymous_35)
FN:232,(anonymous_36)
FN:246,(anonymous_37)
FN:249,(anonymous_38)
FN:254,(anonymous_39)
FN:259,(anonymous_40)
FN:270,(anonymous_41)
FN:292,(anonymous_42)
FN:298,(anonymous_43)
FN:299,(anonymous_44)
FN:306,(anonymous_45)
FN:307,(anonymous_46)
FN:423,openCommandPalette
FNF:43
FNH:23
FNDA:21,getHistoryKey
FNDA:105,itemMatchesQuery
FNDA:0,mapSearchItem
FNDA:81,CommandPalette
FNDA:227,(anonymous_9)
FNDA:23,(anonymous_10)
FNDA:21,(anonymous_11)
FNDA:21,(anonymous_12)
FNDA:0,(anonymous_13)
FNDA:0,(anonymous_14)
FNDA:21,(anonymous_15)
FNDA:21,(anonymous_16)
FNDA:0,(anonymous_17)
FNDA:21,(anonymous_18)
FNDA:21,(anonymous_19)
FNDA:0,(anonymous_20)
FNDA:0,(anonymous_21)
FNDA:21,(anonymous_22)
FNDA:23,(anonymous_23)
FNDA:8,(anonymous_24)
FNDA:21,(anonymous_25)
FNDA:105,(anonymous_26)
FNDA:21,(anonymous_27)
FNDA:0,(anonymous_28)
FNDA:23,(anonymous_29)
FNDA:44,(anonymous_30)
FNDA:132,(anonymous_31)
FNDA:44,(anonymous_32)
FNDA:52,(anonymous_33)
FNDA:0,(anonymous_34)
FNDA:0,(anonymous_35)
FNDA:0,(anonymous_36)
FNDA:81,(anonymous_37)
FNDA:0,(anonymous_38)
FNDA:0,(anonymous_39)
FNDA:0,(anonymous_40)
FNDA:0,(anonymous_41)
FNDA:0,(anonymous_42)
FNDA:0,(anonymous_43)
FNDA:0,(anonymous_44)
FNDA:0,(anonymous_45)
FNDA:0,(anonymous_46)
FNDA:0,openCommandPalette
DA:3,6
DA:4,6
DA:16,6
DA:17,6
DA:19,6
DA:20,6
DA:43,6
DA:46,21
DA:50,105
DA:51,0
DA:52,0
DA:56,0
DA:66,76
DA:67,81
DA:68,81
DA:69,81
DA:70,81
DA:71,81
DA:72,81
DA:73,81
DA:74,81
DA:75,227
DA:76,81
DA:78,23
DA:86,81
DA:87,21
DA:89,21
DA:90,21
DA:92,0
DA:93,0
DA:94,0
DA:96,0
DA:100,81
DA:101,21
DA:102,0
DA:103,0
DA:104,0
DA:107,0
DA:108,0
DA:112,21
DA:113,21
DA:116,81
DA:117,21
DA:118,0
DA:119,0
DA:120,0
DA:123,21
DA:124,21
DA:127,81
DA:128,21
DA:129,21
DA:130,21
DA:131,21
DA:132,21
DA:135,0
DA:137,0
DA:138,0
DA:139,0
DA:142,0
DA:143,0
DA:144,0
DA:147,0
DA:148,0
DA:149,0
DA:150,0
DA:153,0
DA:155,0
DA:159,0
DA:160,0
DA:164,81
DA:165,21
DA:166,0
DA:169,81
DA:171,23
DA:172,8
DA:184,81
DA:185,105
DA:189,81
DA:190,21
DA:194,81
DA:195,23
DA:199,81
DA:200,44
DA:204,132
DA:208,81
DA:209,52
DA:213,81
DA:214,0
DA:222,0
DA:225,0
DA:227,0
DA:228,0
DA:232,81
DA:233,0
DA:234,0
DA:236,0
DA:237,0
DA:238,0
DA:241,0
DA:242,0
DA:246,81
DA:247,81
DA:249,0
DA:250,0
DA:252,0
DA:253,0
DA:254,0
DA:257,0
DA:258,0
DA:259,0
DA:262,0
DA:263,0
DA:264,0
DA:265,0
DA:269,0
DA:270,0
DA:273,81
DA:293,0
DA:299,0
DA:300,0
DA:302,0
DA:306,0
DA:307,0
DA:345,76
DA:388,6
DA:423,0
DA:424,0
DA:425,0
LF:128
LH:62
BRDA:50,0,0,105
BRDA:51,1,0,0
BRDA:51,1,1,0
BRDA:51,2,0,0
BRDA:51,2,1,0
BRDA:78,3,0,23
BRDA:78,3,1,0
BRDA:80,4,0,0
BRDA:80,4,1,0
BRDA:87,5,0,0
BRDA:90,6,0,21
BRDA:102,7,0,0
BRDA:102,8,0,0
BRDA:102,8,1,0
BRDA:102,8,2,0
BRDA:107,9,0,0
BRDA:119,10,0,0
BRDA:119,11,0,0
BRDA:119,11,1,0
BRDA:128,12,0,21
BRDA:135,13,0,0
BRDA:137,14,0,0
BRDA:148,15,0,0
BRDA:148,16,0,0
BRDA:148,16,1,0
BRDA:160,17,0,0
BRDA:165,18,0,21
BRDA:171,19,0,23
BRDA:171,19,1,0
BRDA:227,20,0,0
BRDA:236,21,0,0
BRDA:241,22,0,0
BRDA:241,23,0,0
BRDA:241,23,1,0
BRDA:241,23,2,0
BRDA:247,24,0,81
BRDA:250,25,0,0
BRDA:252,26,0,0
BRDA:257,27,0,0
BRDA:262,28,0,0
BRDA:265,29,0,0
BRDA:273,30,0,81
BRDA:310,31,0,0
BRDA:310,31,1,0
BRDA:316,32,0,0
BRDA:320,33,0,0
BRDA:320,33,1,0
BRDA:334,34,0,0
BRDA:334,34,1,0
BRDA:424,35,0,0
BRF:50
BRH:8
end_of_record
TN:
SF:src\components\ui\dropdown.tsx
FN:26,Dropdown
FN:39,(anonymous_2)
FN:41,(anonymous_3)
FN:46,(anonymous_4)
FN:48,(anonymous_5)
FN:54,(anonymous_6)
FN:57,(anonymous_7)
FN:70,(anonymous_8)
FN:74,(anonymous_9)
FN:94,(anonymous_10)
FN:121,(anonymous_11)
FN:127,(anonymous_12)
FN:133,(anonymous_13)
FNF:13
FNH:3
FNDA:7,Dropdown
FNDA:7,(anonymous_2)
FNDA:0,(anonymous_3)
FNDA:4,(anonymous_4)
FNDA:0,(anonymous_5)
FNDA:0,(anonymous_6)
FNDA:0,(anonymous_7)
FNDA:0,(anonymous_8)
FNDA:0,(anonymous_9)
FNDA:0,(anonymous_10)
FNDA:0,(anonymous_11)
FNDA:0,(anonymous_12)
FNDA:0,(anonymous_13)
DA:3,1
DA:4,1
DA:5,1
DA:26,7
DA:35,7
DA:36,7
DA:37,7
DA:39,7
DA:41,7
DA:42,0
DA:43,0
DA:46,7
DA:47,4
DA:48,0
DA:49,0
DA:50,0
DA:53,0
DA:54,0
DA:57,7
DA:58,0
DA:59,0
DA:60,0
DA:61,0
DA:62,0
DA:64,0
DA:67,0
DA:69,0
DA:70,0
DA:71,0
DA:73,0
DA:74,0
DA:75,0
DA:77,0
DA:78,0
DA:79,0
DA:80,0
DA:82,0
DA:84,0
DA:85,0
DA:86,0
DA:94,0
DA:122,0
DA:128,0
DA:129,0
DA:130,0
DA:133,0
LF:46
LH:12
BRDA:30,0,0,7
BRDA:47,1,0,4
BRDA:49,2,0,0
BRDA:49,3,0,0
BRDA:49,3,1,0
BRDA:58,4,0,0
BRDA:59,5,0,0
BRDA:59,6,0,0
BRDA:59,6,1,0
BRDA:59,6,2,0
BRDA:67,7,0,0
BRDA:67,7,1,0
BRDA:67,7,2,0
BRDA:67,7,3,0
BRDA:78,8,0,0
BRDA:78,9,0,0
BRDA:78,9,1,0
BRDA:78,9,2,0
BRDA:94,10,0,0
BRDA:94,10,1,0
BRDA:105,11,0,0
BRDA:105,11,1,7
BRDA:106,12,0,7
BRDA:106,12,1,0
BRDA:110,13,0,7
BRDA:110,13,1,0
BRDA:115,14,0,0
BRDA:115,14,1,7
BRDA:128,15,0,0
BRDA:137,16,0,0
BRDA:137,16,1,0
BRDA:138,17,0,0
BRDA:138,17,1,0
BRDA:141,18,0,0
BRDA:141,18,1,0
BRDA:144,19,0,0
BRDA:144,19,1,0
BRDA:150,20,0,0
BRDA:150,20,1,0
BRDA:151,21,0,0
BRDA:151,21,1,0
BRF:41
BRH:6
end_of_record
TN:
SF:src\components\ui\filter-pill.tsx
FN:13,FilterPill
FNF:1
FNH:1
FNDA:53,FilterPill
DA:3,3
DA:13,53
LF:2
LH:2
BRDA:26,0,0,7
BRDA:26,0,1,46
BRDA:33,1,0,1
BRDA:33,1,1,52
BRF:4
BRH:4
end_of_record
TN:
SF:src\components\ui\form-field.tsx
FN:20,Field
FN:55,SelectField
FN:83,(anonymous_6)
FN:93,(anonymous_7)
FN:111,TextareaField
FNF:5
FNH:4
FNDA:12,Field
FNDA:6,SelectField
FNDA:1,(anonymous_6)
FNDA:18,(anonymous_7)
FNDA:0,TextareaField
DA:4,1
DA:5,1
DA:6,1
DA:20,12
DA:55,6
DA:83,1
DA:94,18
DA:111,0
LF:8
LH:7
BRDA:36,0,0,12
BRDA:36,0,1,12
BRDA:37,1,0,0
BRDA:37,1,1,0
BRDA:38,2,0,0
BRDA:38,2,1,0
BRDA:75,3,0,6
BRDA:75,3,1,0
BRDA:88,4,0,6
BRDA:88,4,1,0
BRDA:89,5,0,0
BRDA:89,5,1,6
BRDA:100,6,0,6
BRDA:100,6,1,6
BRDA:101,7,0,0
BRDA:101,7,1,0
BRDA:102,8,0,0
BRDA:102,8,1,0
BRDA:130,9,0,0
BRDA:130,9,1,0
BRDA:135,10,0,0
BRDA:135,10,1,0
BRDA:136,11,0,0
BRDA:136,11,1,0
BRDA:137,12,0,0
BRDA:137,12,1,0
BRF:26
BRH:7
end_of_record
TN:
SF:src\components\ui\input.tsx
FN:13,(anonymous_1)
FN:44,(anonymous_2)
FN:44,(anonymous_3)
FNF:3
FNH:1
FNDA:12,(anonymous_1)
FNDA:0,(anonymous_2)
FNDA:0,(anonymous_3)
DA:3,1
DA:4,1
DA:5,1
DA:12,12
DA:14,12
DA:15,12
DA:16,12
DA:44,0
DA:61,1
LF:9
LH:8
BRDA:16,0,0,0
BRDA:16,0,1,12
BRDA:16,1,0,0
BRDA:16,1,1,0
BRDA:20,2,0,0
BRDA:20,2,1,12
BRDA:34,3,0,12
BRDA:34,3,1,0
BRDA:35,4,0,12
BRDA:35,4,1,0
BRDA:36,5,0,12
BRDA:36,5,1,0
BRDA:41,6,0,0
BRDA:41,6,1,12
BRDA:46,7,0,0
BRDA:46,7,1,0
BRDA:48,8,0,0
BRDA:51,9,0,0
BRDA:51,9,1,12
BRF:19
BRH:7
end_of_record
TN:
SF:src\components\ui\lume-logo.tsx
FN:12,LumeLogo
FNF:1
FNH:1
FNDA:164,LumeLogo
DA:3,6
DA:12,166
LF:2
LH:2
BRDA:30,0,0,79
BRDA:30,0,1,85
BRF:2
BRH:2
end_of_record
TN:
SF:src\components\ui\radio-card-group.tsx
FN:29,RadioCardGroup
FN:38,(anonymous_2)
FN:48,(anonymous_3)
FNF:3
FNH:2
FNDA:12,RadioCardGroup
FNDA:42,(anonymous_2)
FNDA:0,(anonymous_3)
DA:4,1
DA:5,1
DA:23,1
DA:29,12
DA:39,42
DA:40,42
DA:42,42
DA:48,0
LF:8
LH:7
BRDA:33,0,0,0
BRDA:51,1,0,12
BRDA:51,1,1,30
BRDA:58,2,0,42
BRDA:58,2,1,0
BRDA:64,3,0,12
BRDA:64,3,1,30
BRDA:67,4,0,42
BRDA:67,4,1,0
BRDA:74,5,0,12
BRDA:74,5,1,30
BRF:11
BRH:8
end_of_record
TN:
SF:src\components\ui\search-field.tsx
FN:15,SearchField
FN:28,(anonymous_2)
FNF:2
FNH:2
FNDA:7,SearchField
FNDA:1,(anonymous_2)
DA:3,6
DA:4,6
DA:15,7
DA:28,1
LF:4
LH:4
BRDA:18,0,0,0
BRDA:30,1,0,7
BRDA:30,1,1,7
BRF:3
BRH:2
end_of_record
TN:
SF:src\components\ui\sidebar-nav-item.tsx
FN:18,SidebarNavItem
FNF:1
FNH:1
FNDA:549,SidebarNavItem
DA:3,6
DA:5,6
DA:18,556
DA:28,549
DA:45,549
LF:5
LH:5
BRDA:30,0,0,79
BRDA:30,0,1,470
BRDA:41,1,0,0
BRDA:41,1,1,549
BRDA:45,2,0,470
BRF:5
BRH:4
end_of_record
TN:
SF:src\components\ui\textarea.tsx
FN:12,(anonymous_1)
FN:16,(anonymous_2)
FN:24,(anonymous_3)
FN:31,(anonymous_4)
FN:38,(anonymous_5)
FNF:5
FNH:0
FNDA:0,(anonymous_1)
FNDA:0,(anonymous_2)
FNDA:0,(anonymous_3)
FNDA:0,(anonymous_4)
FNDA:0,(anonymous_5)
DA:3,1
DA:4,1
DA:11,1
DA:13,0
DA:15,0
DA:17,0
DA:18,0
DA:19,0
DA:24,0
DA:25,0
DA:26,0
DA:27,0
DA:28,0
DA:31,0
DA:32,0
DA:39,0
DA:40,0
DA:55,1
LF:18
LH:4
BRDA:12,0,0,0
BRDA:12,1,0,0
BRDA:18,2,0,0
BRDA:18,2,1,0
BRDA:19,3,0,0
BRDA:26,4,0,0
BRDA:26,5,0,0
BRDA:26,5,1,0
BRF:8
BRH:0
end_of_record
TN:
SF:src\components\ui\toggle-switch.tsx
FN:13,ToggleSwitch
FN:27,(anonymous_2)
FNF:2
FNH:1
FNDA:36,ToggleSwitch
FNDA:0,(anonymous_2)
DA:3,1
DA:13,36
DA:27,0
LF:3
LH:2
BRDA:27,0,0,0
BRDA:27,0,1,0
BRDA:30,1,0,36
BRDA:30,1,1,0
BRDA:31,2,0,36
BRDA:31,2,1,0
BRDA:38,3,0,36
BRDA:38,3,1,0
BRF:8
BRH:3
end_of_record
TN:
SF:src\lib\analytics.ts
FN:48,(anonymous_9)
FN:50,(anonymous_10)
FN:51,(anonymous_11)
FN:57,(anonymous_12)
FN:76,(anonymous_13)
FN:78,(anonymous_14)
FN:89,(anonymous_15)
FN:114,(anonymous_16)
FN:119,(anonymous_17)
FN:141,(anonymous_18)
FN:150,(anonymous_19)
FN:158,(anonymous_20)
FN:163,(anonymous_21)
FN:166,(anonymous_22)
FNF:14
FNH:6
FNDA:7,(anonymous_9)
FNDA:0,(anonymous_10)
FNDA:0,(anonymous_11)
FNDA:7,(anonymous_12)
FNDA:2,(anonymous_13)
FNDA:0,(anonymous_14)
FNDA:0,(anonymous_15)
FNDA:0,(anonymous_16)
FNDA:0,(anonymous_17)
FNDA:0,(anonymous_18)
FNDA:0,(anonymous_19)
FNDA:4,(anonymous_20)
FNDA:2,(anonymous_21)
FNDA:2,(anonymous_22)
DA:1,5
DA:40,5
DA:41,5
DA:43,5
DA:44,5
DA:45,5
DA:46,5
DA:48,7
DA:50,5
DA:51,0
DA:52,0
DA:53,0
DA:57,7
DA:61,7
DA:67,7
DA:69,7
DA:70,7
DA:73,7
DA:76,5
DA:78,5
DA:79,0
DA:80,0
DA:81,0
DA:82,0
DA:83,0
DA:89,5
DA:90,0
DA:92,0
DA:93,0
DA:95,0
DA:96,0
DA:97,0
DA:104,0
DA:105,0
DA:106,0
DA:108,0
DA:110,0
DA:114,5
DA:115,0
DA:117,0
DA:119,0
DA:120,0
DA:122,0
DA:130,0
DA:131,0
DA:132,0
DA:133,0
DA:134,0
DA:138,0
DA:141,0
DA:142,0
DA:143,0
DA:147,0
DA:148,0
DA:150,0
DA:151,0
DA:152,0
DA:153,0
DA:158,5
DA:159,4
DA:160,4
DA:163,5
DA:164,2
DA:165,2
DA:167,2
DA:168,2
LF:66
LH:27
BRDA:52,0,0,0
BRDA:52,0,1,0
BRDA:69,1,0,7
BRDA:79,2,0,0
BRDA:80,3,0,0
BRDA:80,3,1,0
BRDA:81,4,0,0
BRDA:85,5,0,0
BRDA:85,5,1,0
BRDA:89,6,0,0
BRDA:90,7,0,0
BRDA:90,8,0,0
BRDA:90,8,1,0
BRDA:93,9,0,0
BRDA:115,10,0,0
BRDA:115,11,0,0
BRDA:115,11,1,0
BRDA:120,12,0,0
BRDA:130,13,0,0
BRDA:132,14,0,0
BRDA:142,15,0,0
BRDA:152,16,0,0
BRDA:164,17,0,2
BRDA:164,17,1,0
BRDA:167,18,0,2
BRDA:167,18,1,0
BRF:26
BRH:3
end_of_record
TN:
SF:src\lib\api.ts
FN:11,(anonymous_5)
FN:50,(anonymous_6)
FN:70,(anonymous_7)
FN:71,(anonymous_8)
FNF:4
FNH:1
FNDA:5,(anonymous_5)
FNDA:0,(anonymous_6)
FNDA:0,(anonymous_7)
FNDA:0,(anonymous_8)
DA:1,6
DA:2,6
DA:4,6
DA:6,6
DA:11,6
DA:12,5
DA:17,5
DA:18,1
DA:24,4
DA:25,1
DA:31,3
DA:33,3
DA:34,1
DA:40,2
DA:41,1
DA:47,1
DA:50,6
DA:51,0
DA:52,0
DA:53,0
DA:54,0
DA:56,0
DA:57,0
DA:60,6
DA:69,6
DA:70,0
DA:72,0
DA:73,0
DA:74,0
DA:75,0
DA:77,0
DA:80,0
DA:81,0
DA:82,0
DA:85,0
DA:89,6
LF:36
LH:20
BRDA:17,0,0,1
BRDA:24,1,0,1
BRDA:33,2,0,1
BRDA:33,3,0,3
BRDA:33,3,1,3
BRDA:40,4,0,1
BRDA:53,5,0,0
BRDA:53,6,0,0
BRDA:53,6,1,0
BRDA:72,7,0,0
BRDA:74,8,0,0
BRDA:74,9,0,0
BRDA:74,9,1,0
BRDA:81,10,0,0
BRF:14
BRH:6
end_of_record
TN:
SF:src\lib\cn.ts
FN:4,cn
FNF:1
FNH:1
FNDA:2037,cn
DA:1,6
DA:2,6
DA:4,2037
DA:5,2037
LF:4
LH:4
BRF:0
BRH:0
end_of_record
TN:
SF:src\lib\model-catalog.ts
FN:15,(anonymous_4)
FN:28,(anonymous_5)
FN:31,getModelCapability
FNF:3
FNH:2
FNDA:125,(anonymous_4)
FNDA:125,(anonymous_5)
FNDA:0,getModelCapability
DA:1,5
DA:15,125
DA:27,5
DA:28,125
DA:31,0
DA:32,0
DA:33,0
LF:7
LH:4
BRDA:23,0,0,125
BRDA:23,0,1,0
BRDA:32,1,0,0
BRF:3
BRH:1
end_of_record
TN:
SF:src\lib\ai\agent-catalog.ts
FN:108,(anonymous_4)
FN:111,getAiAgent
FNF:2
FNH:2
FNDA:18,(anonymous_4)
FNDA:8,getAiAgent
DA:14,2
DA:107,2
DA:108,18
DA:111,8
DA:112,8
DA:113,4
LF:6
LH:6
BRDA:112,0,0,4
BRF:1
BRH:1
end_of_record
TN:
SF:src\lib\ai\provider-registry.ts
FN:78,model
FN:85,provider
FN:1106,(anonymous_13)
FN:1107,(anonymous_14)
FN:1110,(anonymous_15)
FN:1113,(anonymous_16)
FN:1117,(anonymous_17)
FN:1128,(anonymous_18)
FN:1136,getAiProvider
FN:1141,getAiModel
FN:1146,listModelsForProvider
FN:1147,(anonymous_22)
FNF:12
FNH:12
FNDA:312,model
FNDA:256,provider
FNDA:256,(anonymous_13)
FNDA:312,(anonymous_14)
FNDA:256,(anonymous_15)
FNDA:256,(anonymous_16)
FNDA:312,(anonymous_17)
FNDA:256,(anonymous_18)
FNDA:2,getAiProvider
FNDA:4,getAiModel
FNDA:2,listModelsForProvider
FNDA:78,(anonymous_22)
DA:79,312
DA:86,256
DA:89,8
DA:1106,8
DA:1107,312
DA:1110,256
DA:1112,8
DA:1113,256
DA:1116,8
DA:1117,312
DA:1120,8
DA:1128,256
DA:1136,2
DA:1137,2
DA:1138,2
DA:1141,4
DA:1142,4
DA:1143,4
DA:1146,2
DA:1147,78
LF:20
LH:20
BRDA:1137,0,0,0
BRDA:1142,1,0,0
BRF:2
BRH:0
end_of_record
TN:
SF:src\lib\services\analytics-service.ts
FN:37,(anonymous_2)
FN:41,(anonymous_3)
FN:48,(anonymous_4)
FN:52,(anonymous_5)
FN:68,(anonymous_6)
FNF:5
FNH:4
FNDA:10,(anonymous_2)
FNDA:10,(anonymous_3)
FNDA:0,(anonymous_4)
FNDA:8,(anonymous_5)
FNDA:2,(anonymous_6)
DA:1,1
DA:37,1
DA:38,10
DA:41,1
DA:42,10
DA:43,10
DA:44,10
DA:47,10
DA:49,0
DA:53,8
DA:54,8
DA:55,8
DA:56,8
DA:57,8
DA:58,8
DA:59,8
DA:61,8
DA:65,7
DA:69,2
DA:70,2
DA:71,2
DA:72,2
DA:74,2
DA:78,1
LF:24
LH:23
BRDA:43,0,0,0
BRDA:52,1,0,0
BRDA:54,2,0,8
BRDA:54,2,1,0
BRDA:55,3,0,8
BRDA:55,3,1,0
BRDA:56,4,0,1
BRDA:57,5,0,1
BRDA:58,6,0,8
BRDA:59,7,0,8
BRDA:65,8,0,7
BRDA:65,8,1,0
BRDA:68,9,0,0
BRDA:70,10,0,2
BRDA:70,10,1,0
BRDA:71,11,0,2
BRDA:71,11,1,0
BRDA:72,12,0,0
BRDA:72,13,0,2
BRDA:72,13,1,2
BRDA:78,14,0,1
BRDA:78,14,1,0
BRF:22
BRH:12
end_of_record
TN:
SF:src\server\backend-proxy.ts
FN:5,stripLeadingSlash
FN:9,getBackendBaseUrl
FN:13,getBackendAccessToken
FN:22,fetchBackend
FN:41,relayBackendResponse
FN:44,(anonymous_10)
FNF:6
FNH:4
FNDA:4,stripLeadingSlash
FNDA:7,getBackendBaseUrl
FNDA:4,getBackendAccessToken
FNDA:4,fetchBackend
FNDA:0,relayBackendResponse
FNDA:0,(anonymous_10)
DA:1,2
DA:3,2
DA:6,4
DA:9,3
DA:10,7
DA:13,0
DA:14,4
DA:15,4
DA:16,0
DA:18,4
DA:22,4
DA:23,4
DA:24,4
DA:26,4
DA:27,4
DA:30,4
DA:31,0
DA:34,4
DA:41,0
DA:42,0
DA:43,0
DA:44,0
DA:45,0
DA:46,0
DA:47,0
DA:51,0
LF:26
LH:15
BRDA:6,0,0,4
BRDA:6,0,1,0
BRDA:10,1,0,7
BRDA:10,1,1,7
BRDA:16,2,0,0
BRDA:16,2,1,0
BRDA:22,3,0,0
BRDA:26,4,0,4
BRDA:30,5,0,0
BRDA:46,6,0,0
BRF:10
BRH:4
end_of_record
TN:
SF:src\server\ai\gateway.ts
FN:57,chooseAgent
FN:78,resolvePreferredModel
FN:83,(anonymous_3)
FN:86,readEnvelope
FN:87,(anonymous_5)
FN:94,invokeChatGateway
FNF:6
FNH:4
FNDA:4,chooseAgent
FNDA:4,resolvePreferredModel
FNDA:0,(anonymous_3)
FNDA:4,readEnvelope
FNDA:0,(anonymous_5)
FNDA:4,invokeChatGateway
DA:1,2
DA:2,2
DA:3,2
DA:58,4
DA:59,4
DA:61,4
DA:62,4
DA:63,0
DA:64,0
DA:66,4
DA:67,0
DA:68,0
DA:71,4
DA:72,4
DA:73,0
DA:75,4
DA:79,4
DA:80,4
DA:83,0
DA:87,4
DA:88,4
DA:89,1
DA:91,3
DA:94,4
DA:95,4
DA:96,4
DA:98,4
DA:114,4
DA:115,3
LF:29
LH:23
BRDA:59,0,0,0
BRDA:62,1,0,0
BRDA:64,2,0,0
BRDA:66,3,0,0
BRDA:68,4,0,0
BRDA:72,5,0,0
BRDA:79,6,0,4
BRDA:83,7,0,0
BRDA:83,7,1,0
BRDA:88,8,0,1
BRDA:88,9,0,4
BRDA:88,9,1,3
BRDA:88,9,2,3
BRDA:89,10,0,1
BRDA:89,10,1,0
BRDA:117,11,0,3
BRDA:117,11,1,0
BRDA:118,12,0,3
BRDA:118,12,1,0
BRDA:119,13,0,3
BRDA:119,13,1,0
BRDA:120,14,0,3
BRDA:120,14,1,0
BRDA:121,15,0,3
BRDA:121,15,1,0
BRF:25
BRH:11
end_of_record
TN:
SF:src\server\ai\runtime.ts
FN:29,getEnv
FN:34,getProviderRuntimeSecret
FN:38,getResolvedBaseUrl
FN:53,summarizeProvider
FN:58,(anonymous_9)
FN:59,(anonymous_10)
FN:61,(anonymous_11)
FN:83,(anonymous_12)
FN:89,listProviderRuntimeSummaries
FN:90,(anonymous_14)
FNF:10
FNH:8
FNDA:4,getEnv
FNDA:4,getProviderRuntimeSecret
FNDA:2,getResolvedBaseUrl
FNDA:2,summarizeProvider
FNDA:2,(anonymous_9)
FNDA:1,(anonymous_10)
FNDA:2,(anonymous_11)
FNDA:2,(anonymous_12)
FNDA:0,listProviderRuntimeSummaries
FNDA:0,(anonymous_14)
DA:6,1
DA:30,4
DA:31,4
DA:34,0
DA:35,4
DA:38,0
DA:39,2
DA:41,0
DA:43,0
DA:45,0
DA:47,0
DA:49,2
DA:53,2
DA:54,2
DA:55,2
DA:57,2
DA:58,2
DA:59,1
DA:61,2
DA:63,2
DA:69,2
DA:83,2
DA:89,0
DA:90,0
LF:24
LH:16
BRDA:31,0,0,2
BRDA:31,0,1,2
BRDA:31,1,0,4
BRDA:31,1,1,2
BRDA:39,2,0,0
BRDA:39,2,1,0
BRDA:39,2,2,0
BRDA:39,2,3,0
BRDA:39,2,4,2
BRDA:41,3,0,0
BRDA:41,3,1,0
BRDA:43,4,0,0
BRDA:43,4,1,0
BRDA:45,5,0,0
BRDA:45,5,1,0
BRDA:47,6,0,0
BRDA:47,6,1,0
BRDA:55,7,0,0
BRDA:58,8,0,2
BRDA:58,8,1,2
BRDA:63,9,0,1
BRDA:63,9,1,1
BRDA:65,10,0,0
BRDA:65,10,1,1
BRF:24
BRH:10
end_of_record
TN:
SF:src\server\codex\auth.ts
FN:20,decodeJwtPayload
FN:33,getServerSession
FN:54,getBackendUserProfile
FNF:3
FNH:0
FNDA:0,decodeJwtPayload
FNDA:0,getServerSession
FNDA:0,getBackendUserProfile
DA:1,1
DA:21,0
DA:22,0
DA:24,0
DA:25,0
DA:26,0
DA:27,0
DA:29,0
DA:33,0
DA:34,0
DA:35,0
DA:36,0
DA:38,0
DA:39,0
DA:41,0
DA:42,0
DA:43,0
DA:44,0
DA:46,0
DA:54,0
DA:55,0
DA:57,0
DA:58,0
DA:65,0
DA:66,0
DA:69,0
DA:73,0
DA:75,0
LF:28
LH:1
BRDA:22,0,0,0
BRDA:36,1,0,0
BRDA:39,2,0,0
BRDA:41,3,0,0
BRDA:41,3,1,0
BRDA:42,4,0,0
BRDA:42,4,1,0
BRDA:43,5,0,0
BRDA:43,5,1,0
BRDA:43,5,2,0
BRDA:44,6,0,0
BRDA:44,7,0,0
BRDA:44,7,1,0
BRDA:55,8,0,0
BRDA:55,8,1,0
BRDA:65,9,0,0
BRDA:73,10,0,0
BRDA:73,10,1,0
BRF:18
BRH:0
end_of_record
TN:
SF:src\server\codex\db.ts
FNF:0
FNH:0
DA:1,1
DA:7,0
DA:8,1
DA:13,1
DA:14,1
LF:5
LH:4
BRDA:8,0,0,1
BRDA:8,0,1,1
BRDA:10,1,0,0
BRDA:10,1,1,1
BRDA:13,2,0,1
BRF:5
BRH:4
end_of_record
TN:
SF:src\server\codex\http.ts
FN:4,requireCodexContext
FN:25,ok
FN:36,fail
FNF:3
FNH:1
FNDA:0,requireCodexContext
FNDA:1,ok
FNDA:0,fail
DA:1,1
DA:2,1
DA:4,0
DA:5,0
DA:6,0
DA:7,0
DA:18,0
DA:25,1
DA:26,1
DA:36,0
DA:37,0
LF:11
LH:4
BRDA:6,0,0,0
BRDA:25,1,0,1
BRDA:36,2,0,0
BRF:3
BRH:1
end_of_record
TN:
SF:src\server\codex\seed.ts
FN:5,slugifyWorkspaceName
FN:16,buildUniqueWorkspaceSlug
FN:28,syncCodexUser
FN:47,createWorkspaceForUser
FN:89,listWorkspacesForUser
FN:101,ensureMembership
FN:124,ensureWorkspaceDefaults
FN:200,ensureWorkspaceForUser
FN:228,(anonymous_15)
FN:231,(anonymous_16)
FN:254,(anonymous_17)
FNF:11
FNH:0
FNDA:0,slugifyWorkspaceName
FNDA:0,buildUniqueWorkspaceSlug
FNDA:0,syncCodexUser
FNDA:0,createWorkspaceForUser
FNDA:0,listWorkspacesForUser
FNDA:0,ensureMembership
FNDA:0,ensureWorkspaceDefaults
FNDA:0,ensureWorkspaceForUser
FNDA:0,(anonymous_15)
FNDA:0,(anonymous_16)
FNDA:0,(anonymous_17)
DA:1,1
DA:3,1
DA:6,0
DA:17,0
DA:18,0
DA:20,0
DA:21,0
DA:22,0
DA:25,0
DA:28,0
DA:33,0
DA:47,0
DA:54,0
DA:55,0
DA:56,0
DA:58,0
DA:72,0
DA:86,0
DA:89,0
DA:90,0
DA:106,0
DA:124,0
DA:128,0
DA:146,0
DA:169,0
DA:176,0
DA:177,0
DA:187,0
DA:197,0
DA:200,0
DA:207,0
DA:209,0
DA:210,0
DA:214,0
DA:215,0
DA:223,0
DA:225,0
DA:228,0
DA:230,0
DA:231,0
DA:234,0
DA:235,0
DA:239,0
DA:243,0
DA:244,0
DA:250,0
DA:254,0
DA:257,0
DA:258,0
DA:263,0
LF:50
LH:2
BRDA:54,0,0,0
BRDA:54,0,1,0
BRDA:54,1,0,0
BRDA:54,1,1,0
BRDA:55,2,0,0
BRDA:55,2,1,0
BRDA:60,3,0,0
BRDA:60,3,1,0
BRDA:114,4,0,0
BRDA:114,4,1,0
BRDA:119,5,0,0
BRDA:119,5,1,0
BRDA:141,6,0,0
BRDA:141,6,1,0
BRDA:176,7,0,0
BRDA:209,8,0,0
BRDA:214,9,0,0
BRDA:225,10,0,0
BRDA:226,11,0,0
BRDA:226,11,1,0
BRDA:226,11,2,0
BRDA:231,12,0,0
BRDA:231,12,1,0
BRDA:234,13,0,0
BRDA:243,14,0,0
BRDA:254,15,0,0
BRDA:254,15,1,0
BRF:27
BRH:0
end_of_record
TN:
SF:src\server\codex\session-context.ts
FN:15,mapWorkspace
FN:25,mapTask
FN:42,buildSessionUser
FN:56,getSelectedWorkspaceIdFromCookie
FN:61,getResolvedSessionContext
FN:76,(anonymous_9)
FN:104,buildWorkspaceSummary
FN:135,(anonymous_11)
FN:146,(anonymous_12)
FNF:9
FNH:0
FNDA:0,mapWorkspace
FNDA:0,mapTask
FNDA:0,buildSessionUser
FNDA:0,getSelectedWorkspaceIdFromCookie
FNDA:0,getResolvedSessionContext
FNDA:0,(anonymous_9)
FNDA:0,buildWorkspaceSummary
FNDA:0,(anonymous_11)
FNDA:0,(anonymous_12)
DA:1,1
DA:11,1
DA:12,1
DA:13,1
DA:16,0
DA:26,0
DA:46,0
DA:56,0
DA:57,0
DA:58,0
DA:61,0
DA:62,0
DA:63,0
DA:65,0
DA:66,0
DA:67,0
DA:68,0
DA:76,0
DA:82,0
DA:83,0
DA:96,0
DA:104,0
DA:105,0
DA:109,0
DA:110,0
DA:113,0
DA:135,0
DA:136,0
DA:137,0
DA:140,0
DA:146,0
LF:31
LH:4
BRDA:36,0,0,0
BRDA:36,0,1,0
BRDA:37,1,0,0
BRDA:37,1,1,0
BRDA:38,2,0,0
BRDA:38,2,1,0
BRDA:47,3,0,0
BRDA:47,3,1,0
BRDA:48,4,0,0
BRDA:48,4,1,0
BRDA:49,5,0,0
BRDA:49,5,1,0
BRDA:50,6,0,0
BRDA:50,6,1,0
BRDA:51,7,0,0
BRDA:51,7,1,0
BRDA:52,8,0,0
BRDA:52,8,1,0
BRDA:58,9,0,0
BRDA:58,9,1,0
BRDA:63,10,0,0
BRDA:67,11,0,0
BRDA:67,11,1,0
BRDA:91,12,0,0
BRDA:91,12,1,0
BRDA:109,13,0,0
BRDA:147,14,0,0
BRDA:147,14,1,0
BRDA:149,15,0,0
BRDA:149,15,1,0
BRDA:150,16,0,0
BRDA:150,16,1,0
BRDA:151,17,0,0
BRDA:151,17,1,0
BRDA:152,18,0,0
BRDA:152,18,1,0
BRDA:153,19,0,0
BRDA:153,19,1,0
BRDA:154,20,0,0
BRDA:154,20,1,0
BRDA:155,21,0,0
BRDA:155,21,1,0
BRDA:156,22,0,0
BRDA:156,22,1,0
BRDA:157,23,0,0
BRDA:157,23,1,0
BRDA:158,24,0,0
BRDA:158,24,1,0
BRDA:159,25,0,0
BRDA:159,25,1,0
BRDA:167,26,0,0
BRDA:167,26,1,0
BRDA:168,27,0,0
BRDA:168,27,1,0
BRF:54
BRH:0
end_of_record
TN:
SF:src\stores\auth-store.ts
FN:36,fetchSession
FN:54,(anonymous_2)
FN:58,(anonymous_3)
FN:88,(anonymous_4)
FN:104,(anonymous_5)
FN:111,(anonymous_6)
FNF:6
FNH:1
FNDA:0,fetchSession
FNDA:1,(anonymous_2)
FNDA:0,(anonymous_3)
FNDA:0,(anonymous_4)
FNDA:0,(anonymous_5)
FNDA:0,(anonymous_6)
DA:1,1
DA:28,1
DA:37,0
DA:42,0
DA:43,0
DA:46,0
DA:47,0
DA:48,0
DA:51,0
DA:54,8
DA:59,0
DA:61,0
DA:62,0
DA:64,0
DA:65,0
DA:69,0
DA:72,0
DA:81,0
DA:89,0
DA:90,0
DA:91,0
DA:94,0
DA:103,0
DA:104,0
DA:105,0
DA:108,0
DA:112,0
DA:113,0
DA:118,0
LF:29
LH:3
BRDA:42,0,0,0
BRDA:47,1,0,0
BRDA:47,2,0,0
BRDA:47,2,1,0
BRDA:47,2,2,0
BRDA:48,3,0,0
BRDA:48,3,1,0
BRDA:64,4,0,0
BRDA:90,5,0,0
BRDA:90,6,0,0
BRDA:90,6,1,0
BRDA:103,7,0,0
BRDA:105,8,0,0
BRDA:105,8,1,0
BRF:14
BRH:0
end_of_record
TN:
SF:src\stores\chat-store.ts
FN:63,sortConversations
FN:64,(anonymous_2)
FN:70,mapMessage
FN:85,mapConversation
FN:97,readEnvelope
FN:98,(anonymous_6)
FN:105,requestJson
FN:118,reconcileConversations
FN:126,(anonymous_9)
FN:131,(anonymous_10)
FN:141,(anonymous_11)
FN:152,(anonymous_12)
FN:158,(anonymous_13)
FN:161,(anonymous_14)
FN:165,(anonymous_15)
FN:176,(anonymous_16)
FN:185,(anonymous_17)
FN:186,(anonymous_18)
FN:189,(anonymous_19)
FN:204,(anonymous_20)
FN:206,(anonymous_21)
FN:213,(anonymous_22)
FN:216,(anonymous_23)
FN:224,(anonymous_24)
FN:228,(anonymous_25)
FN:229,(anonymous_26)
FN:230,(anonymous_27)
FN:237,(anonymous_28)
FN:243,(anonymous_29)
FN:246,(anonymous_30)
FN:247,(anonymous_31)
FN:255,(anonymous_32)
FN:258,(anonymous_33)
FN:264,(anonymous_34)
FN:267,(anonymous_35)
FN:279,(anonymous_36)
FN:307,(anonymous_37)
FN:320,(anonymous_38)
FN:336,(anonymous_39)
FN:346,(anonymous_40)
FN:351,(anonymous_41)
FN:353,(anonymous_42)
FN:358,(anonymous_43)
FNF:43
FNH:21
FNDA:8,sortConversations
FNDA:0,(anonymous_2)
FNDA:2,mapMessage
FNDA:5,mapConversation
FNDA:7,readEnvelope
FNDA:0,(anonymous_6)
FNDA:6,requestJson
FNDA:4,reconcileConversations
FNDA:2,(anonymous_9)
FNDA:4,(anonymous_10)
FNDA:5,(anonymous_11)
FNDA:3,(anonymous_12)
FNDA:3,(anonymous_13)
FNDA:0,(anonymous_14)
FNDA:1,(anonymous_15)
FNDA:0,(anonymous_16)
FNDA:1,(anonymous_17)
FNDA:1,(anonymous_18)
FNDA:0,(anonymous_19)
FNDA:0,(anonymous_20)
FNDA:0,(anonymous_21)
FNDA:0,(anonymous_22)
FNDA:2,(anonymous_23)
FNDA:2,(anonymous_24)
FNDA:0,(anonymous_25)
FNDA:0,(anonymous_26)
FNDA:0,(anonymous_27)
FNDA:0,(anonymous_28)
FNDA:0,(anonymous_29)
FNDA:0,(anonymous_30)
FNDA:0,(anonymous_31)
FNDA:0,(anonymous_32)
FNDA:1,(anonymous_33)
FNDA:1,(anonymous_34)
FNDA:1,(anonymous_35)
FNDA:1,(anonymous_36)
FNDA:1,(anonymous_37)
FNDA:0,(anonymous_38)
FNDA:0,(anonymous_39)
FNDA:0,(anonymous_40)
FNDA:0,(anonymous_41)
FNDA:0,(anonymous_42)
FNDA:0,(anonymous_43)
DA:1,5
DA:2,5
DA:61,5
DA:64,8
DA:65,0
DA:66,0
DA:71,2
DA:86,5
DA:98,7
DA:99,7
DA:100,0
DA:102,7
DA:106,6
DA:115,6
DA:124,4
DA:126,2
DA:129,4
DA:131,4
DA:134,4
DA:141,163
DA:153,3
DA:154,3
DA:155,3
DA:156,3
DA:158,3
DA:160,3
DA:161,0
DA:165,3
DA:168,3
DA:176,0
DA:186,1
DA:190,0
DA:197,1
DA:198,1
DA:200,0
DA:205,0
DA:206,0
DA:213,0
DA:217,2
DA:218,2
DA:223,2
DA:224,2
DA:225,2
DA:229,0
DA:230,0
DA:231,0
DA:238,0
DA:242,0
DA:243,0
DA:247,0
DA:248,0
DA:250,0
DA:254,0
DA:255,0
DA:259,1
DA:263,1
DA:264,1
DA:268,1
DA:269,1
DA:271,1
DA:272,1
DA:273,1
DA:276,1
DA:277,1
DA:279,1
DA:282,1
DA:289,1
DA:290,1
DA:304,1
DA:305,1
DA:307,1
DA:316,0
DA:319,0
DA:320,0
DA:323,0
DA:330,0
DA:331,0
DA:337,0
DA:338,0
DA:347,0
DA:351,0
DA:352,0
DA:353,0
DA:356,0
DA:358,0
DA:361,0
LF:86
LH:50
BRDA:65,0,0,0
BRDA:65,1,0,0
BRDA:65,1,1,0
BRDA:75,2,0,2
BRDA:75,2,1,1
BRDA:76,3,0,2
BRDA:76,3,1,1
BRDA:77,4,0,2
BRDA:77,4,1,1
BRDA:78,5,0,2
BRDA:78,5,1,1
BRDA:79,6,0,2
BRDA:79,6,1,0
BRDA:80,7,0,2
BRDA:80,7,1,1
BRDA:99,8,0,0
BRDA:99,9,0,7
BRDA:99,9,1,7
BRDA:99,9,2,7
BRDA:100,10,0,0
BRDA:100,10,1,0
BRDA:112,11,0,6
BRDA:112,11,1,6
BRDA:129,12,0,4
BRDA:129,12,1,0
BRDA:131,13,0,4
BRDA:131,13,1,0
BRDA:136,14,0,4
BRDA:136,14,1,0
BRDA:137,15,0,4
BRDA:137,15,1,0
BRDA:155,16,0,2
BRDA:155,16,1,1
BRDA:160,17,0,0
BRDA:160,17,1,3
BRDA:160,18,0,3
BRDA:160,18,1,0
BRDA:163,19,0,3
BRDA:163,19,1,2
BRDA:165,20,0,3
BRDA:165,20,1,2
BRDA:190,21,0,0
BRDA:190,21,1,0
BRDA:198,22,0,1
BRDA:233,23,0,0
BRDA:233,23,1,0
BRDA:248,24,0,0
BRDA:269,25,0,0
BRDA:272,26,0,1
BRDA:279,27,0,1
BRDA:279,27,1,0
BRDA:316,28,0,0
BRDA:316,28,1,0
BRDA:316,28,2,0
BRDA:316,28,3,0
BRDA:319,29,0,0
BRDA:330,30,0,0
BRDA:356,31,0,0
BRDA:356,31,1,0
BRDA:356,32,0,0
BRDA:356,32,1,0
BRDA:358,33,0,0
BRDA:358,33,1,0
BRF:63
BRH:31
end_of_record
TN:
SF:src\stores\theme-store.ts
FN:15,(anonymous_1)
FN:20,(anonymous_2)
FN:31,(anonymous_3)
FN:36,(anonymous_4)
FN:41,(anonymous_5)
FN:51,(anonymous_6)
FN:51,(anonymous_7)
FNF:7
FNH:4
FNDA:0,(anonymous_1)
FNDA:6,(anonymous_2)
FNDA:6,(anonymous_3)
FNDA:0,(anonymous_4)
FNDA:0,(anonymous_5)
FNDA:6,(anonymous_6)
FNDA:6,(anonymous_7)
DA:1,6
DA:2,6
DA:15,6
DA:16,0
DA:17,0
DA:20,6
DA:24,6
DA:25,6
DA:26,6
DA:29,184
DA:31,6
DA:37,0
DA:38,0
DA:39,0
DA:42,0
DA:44,0
DA:45,0
DA:46,0
DA:51,6
DA:52,6
DA:54,6
DA:55,6
DA:56,6
DA:57,6
LF:24
LH:15
BRDA:16,0,0,0
BRDA:17,1,0,0
BRDA:17,1,1,0
BRDA:24,2,0,0
BRDA:37,3,0,0
BRDA:37,3,1,0
BRDA:44,4,0,0
BRDA:44,4,1,0
BRDA:52,5,0,0
BRDA:54,6,0,0
BRDA:54,6,1,6
BRDA:55,7,0,6
BRDA:55,7,1,0
BRDA:57,8,0,6
BRDA:57,8,1,0
BRF:15
BRH:3
end_of_record
TN:
SF:src\stores\toast-store.ts
FN:18,(anonymous_3)
FN:20,(anonymous_4)
FN:22,(anonymous_5)
FN:24,(anonymous_6)
FN:28,(anonymous_7)
FN:29,(anonymous_8)
FN:29,(anonymous_9)
FN:34,(anonymous_10)
FN:35,(anonymous_11)
FN:36,(anonymous_12)
FN:41,(anonymous_13)
FN:43,(anonymous_14)
FN:45,(anonymous_15)
FNF:13
FNH:9
FNDA:3,(anonymous_3)
FNDA:7,(anonymous_4)
FNDA:3,(anonymous_5)
FNDA:3,(anonymous_6)
FNDA:1,(anonymous_7)
FNDA:1,(anonymous_8)
FNDA:1,(anonymous_9)
FNDA:0,(anonymous_10)
FNDA:0,(anonymous_11)
FNDA:0,(anonymous_12)
FNDA:1,(anonymous_13)
FNDA:2,(anonymous_14)
FNDA:0,(anonymous_15)
DA:1,7
DA:18,7
DA:20,7
DA:23,3
DA:24,3
DA:28,3
DA:29,1
DA:32,3
DA:35,0
DA:36,0
DA:40,7
DA:42,1
DA:44,2
DA:46,0
LF:14
LH:11
BRF:0
BRH:0
end_of_record
TN:
SF:test\mocks\react-markdown.tsx
FN:7,ReactMarkdown
FNF:1
FNH:0
FNDA:0,ReactMarkdown
DA:7,0
LF:1
LH:0
BRF:0
BRH:0
end_of_record
TN:
SF:test\mocks\remark-gfm.ts
FN:1,remarkGfm
FNF:1
FNH:0
FNDA:0,remarkGfm
DA:1,0
DA:2,0
LF:2
LH:0
BRF:0
BRH:0
end_of_record
